 -----------------------------------------------------------------------------------
     Initiating Linear Average With Systematic UncertaInTies  program
  
  Version of Thu Sep 10 2009 
  
 -----------------------------------------------------------------------------------
Read F2 from   2 files
 Leave CMS energy per experiment unmodified
 LSqrtStat = True,  rescale stat. and uncorr errors separately
 LSqrtStat2 = false, ignore syst. bias for stat. errors
 LConstStat = False
 Average  data from the same dataset swimming to the same x,Q^2
 Use relative syst. errors= F
  
 Q2 grid=   20.0000000       43.0000000       36.0000000       6.00000000       3.00000000       12.0000000    
  
Reading file ZeeMFullBorn.nml 
N meas, reaction, nsyst=    6    1   44
Center of Mass energy=      7.00
SYSTFILE:   ZeeMFullBorn.nml    44   1   2   3   4   5   6   7   8   9  11  12  19  20  21  22  23  25  26  27  28  29  30  31  32  33  34  35  36  37  38   0   0  41  42   0  62  63   0  65   0  67   0  69  80
SYSFILET:   ZeeMFullBorn.nml   1  2  3  4  5  6  7  8  9  0 10 11  0  0  0  0  0  0 12 13 14 15 16  0 17 18 19 20 21 22 23 24 25 26 27 28 29 30  0  0 33 34  0  0  0  0  0  0  0  0  0  0  0  0  0  0  0  0  0  0  0 36 37  0 39  0 41  0 43  0  0  0  0  0  0  0  0  0  0 44  0  0  0  0  0  0  0  0  0  0  0  0  0  0  0  0  0  0  0  0  0  0  0  0  0  0  0  0  0  0
 Got new CME   7.00000000    
Correlated systematic= 38
  
Reading file ZmumuMFullBorn.nml 
N meas, reaction, nsyst=    6    1   31
Center of Mass energy=      7.00
SYSTFILE: ZmumuMFullBorn.nml    31   1   2   3   4   5   6   7   8   9  11  12  19  20  21  22  23  50  51  52  53  54  55   0   0   0  60   0  62  63  64  80
SYSFILET: ZmumuMFullBorn.nml   1  2  3  4  5  6  7  8  9  0 10 11  0  0  0  0  0  0 12 13 14 15 16  0  0  0  0  0  0  0  0  0  0  0  0  0  0  0  0  0  0  0  0  0  0  0  0  0  0 17 18 19 20 21 22  0  0  0  0 26  0 28 29 30  0  0  0  0  0  0  0  0  0  0  0  0  0  0  0 31  0  0  0  0  0  0  0  0  0  0  0  0  0  0  0  0  0  0  0  0  0  0  0  0  0  0  0  0  0  0
Correlated systematic= 27
  
Read in   12 total  XS points
Read in    6 unique XS points
  
 Total number of SF/X-section points=           6
 Total number of SF/X-section points=           6
 Total number of SF/X-section points=           6
  
 Fitted systematics:
  
  1  corr1                               0.0085    1.0000
  2  corr2                               0.0047    1.0000
  3  corr3                               0.0008    1.0000
  4  corr4                               0.3583    0.9892
  5  corr5                              -0.0037    0.9998
  6  corr6                               0.0080    0.9998
  7  corr7                               0.0041    0.9973
  8  corr8                               0.0093    1.0000
  9  corr9                              -0.0692    0.9987
 10  corr10                             -0.0000    1.0000
 11  corr11                              0.0388    0.9998
 12  corr12                             -0.0000    1.0000
 13  corr13                             -0.0000    1.0000
 14  corr14                             -0.0000    1.0000
 15  corr15                             -0.0000    1.0000
 16  corr16                             -0.0000    1.0000
 17  corr17                             -0.0000    1.0000
 18  corr18                             -0.0000    1.0000
 19  corr19                             -0.0050    0.9991
 20  corr20                              0.0890    0.9869
 21  corr21                             -0.0342    0.9941
 22  corr22                             -0.8778    0.8193
 23  corr23                              0.0333    0.9996
 24  corr24                             -0.0000    1.0000
 25  corr25                              0.1718    0.9964
 26  corr26                             -0.2711    0.9957
 27  corr27                             -1.0125    0.9378
 28  corr28                              0.1170    0.9989
 29  corr29                              0.2218    0.9963
 30  corr30                             -0.1379    0.9978
 31  corr31                             -0.3640    0.9891
 32  corr32                             -0.0998    0.9992
 33  corr33                              0.2775    0.9937
 34  corr34                              0.4351    0.9837
 35  corr35                             -0.0869    0.9994
 36  corr36                             -0.0174    1.0000
 37  corr37                             -0.0000    1.0000
 38  corr38                              0.7777    0.9631
 39  corr39                             -0.0000    1.0000
 40  corr40                             -0.0000    1.0000
 41  corr41                              0.4885    0.7572
 42  corr42                              0.3236    0.9929
 43  corr43                             -0.0000    1.0000
 44  corr44                             -0.0000    1.0000
 45  corr45                             -0.0000    1.0000
 46  corr46                             -0.0000    1.0000
 47  corr47                             -0.0000    1.0000
 48  corr48                             -0.0000    1.0000
 49  corr49                             -0.0000    1.0000
 50  corr50                             -0.6523    0.8513
 51  corr51                             -0.0700    0.9992
 52  corr52                             -0.1628    0.9981
 53  corr53                             -0.9774    0.9410
 54  corr54                              0.0952    0.9933
 55  corr55                             -0.4927    0.8377
 56  corr56                             -0.0000    1.0000
 57  corr57                             -0.0000    1.0000
 58  corr58                             -0.0000    1.0000
 59  corr59                             -0.0000    1.0000
 60  corr60                             -0.0774    0.9992
 61  corr61                             -0.0000    1.0000
 62  corr62                             -0.0000    1.0000
 63  corr63                              0.0773    0.9968
 64  corr64                              0.3605    0.9917
 65  corr65                             -0.1285    0.6059
 66  corr66                             -0.0000    1.0000
 67  corr67                              0.1212    0.9941
 68  corr68                             -0.0000    1.0000
 69  corr69                              0.2356    0.9823
 70  corr70                             -0.0000    1.0000
 71  corr71                             -0.0000    1.0000
 72  corr72                             -0.0000    1.0000
 73  corr73                             -0.0000    1.0000
 74  corr74                             -0.0000    1.0000
 75  corr75                             -0.0000    1.0000
 76  corr76                             -0.0000    1.0000
 77  corr77                             -0.0000    1.0000
 78  corr78                             -0.0000    1.0000
 79  corr79                             -0.0000    1.0000
 80  corr80                             -0.1247    0.6032
 81  corr81                             -0.0000    1.0000
 82  corr82                             -0.0000    1.0000
 83  corr83                             -0.0000    1.0000
 84  corr84                             -0.0000    1.0000
 85  corr85                             -0.0000    1.0000
 86  corr86                             -0.0000    1.0000
 87  corr87                             -0.0000    1.0000
 88  corr88                             -0.0000    1.0000
 89  corr89                             -0.0000    1.0000
 90  corr90                             -0.0000    1.0000
 91  corr91                             -0.0000    1.0000
 92  corr92                             -0.0000    1.0000
 93  corr93                             -0.0000    1.0000
 94  corr94                             -0.0000    1.0000
 95  corr95                             -0.0000    1.0000
 96  corr96                             -0.0000    1.0000
 97  corr97                             -0.0000    1.0000
 98  corr98                             -0.0000    1.0000
 99  corr99                             -0.0000    1.0000
  
 Output F2:
  
  
 Reaction =     1
  
      Q2         X         Y      X-sect   E-Uncor    E-Corr   E-Total
    6.0000   16.0000    0.0536    0.1816    0.0017    0.0035    0.0039
    6.0000   25.0000    0.0343    0.1032    0.0014    0.0022    0.0026
    6.0000   38.0000    0.0226    0.0609    0.0007    0.0014    0.0015
    6.0000   56.0000    0.0153    0.7481    0.0063    0.0121    0.0137
    6.0000   91.0000    0.0094   10.7420    0.0034    0.0486    0.0488
    6.0000  133.0000    0.0064    0.1644    0.0007    0.0016    0.0018
  
Chi2 EXCLUDING systematics=    4.8937
  
TOTAL Chi2/ndf= 10/6
  
