 -----------------------------------------------------------------------------------
     Initiating Linear Average With Systematic UncertaInTies  program
  
  Version of Thu Sep 10 2009 
  
 -----------------------------------------------------------------------------------
Read F2 from   2 files
 Leave CMS energy per experiment unmodified
 LSqrtStat = True,  rescale stat. and uncorr errors separately
 LSqrtStat2 = false, ignore syst. bias for stat. errors
 LConstStat = False
 Average  data from the same dataset swimming to the same x,Q^2
 Use relative syst. errors= F
  
 Q2 grid=   20.0000000       43.0000000       36.0000000       6.00000000       3.00000000       12.0000000    
  
Reading file ZeePtY3U2BornNorm.nml 
N meas, reaction, nsyst=   20    1   49
Center of Mass energy=      7.00
SYSTFILE:ZeePtY3U2BornNorm.nm   49   1   2   3   4   5   6   7   8   9  11  12  19  20  21  22  23  25  26  27  28  29  30  31  32  33  34  35  36  37  38   0   0  41  42   0  62  63   0  65  66   0  68  69  70   0  72  73  74  75
SYSFILET:ZeePtY3U2BornNorm.nm  1  2  3  4  5  6  7  8  9  0 10 11  0  0  0  0  0  0 12 13 14 15 16  0 17 18 19 20 21 22 23 24 25 26 27 28 29 30  0  0 33 34  0  0  0  0  0  0  0  0  0  0  0  0  0  0  0  0  0  0  0 36 37  0 39 40  0 42 43 44  0 46 47 48 49  0  0  0  0  0  0  0  0  0  0  0  0  0  0  0  0  0  0  0  0  0  0  0  0  0  0  0  0  0  0  0  0  0  0  0
 Got new CME   7.00000000    
Correlated systematic= 43
  
Reading file ZmumuPtY3U2BornNorm.nml 
N meas, reaction, nsyst=   20    1   30
Center of Mass energy=      7.00
SYSTFILE:ZmumuPtY3U2BornNorm.   30   1   2   3   4   5   6   7   8   9  11  12  19  20  21  22  23  50  51  52  53  54  55   0   0  59  60   0  62  63  64
SYSFILET:ZmumuPtY3U2BornNorm.  1  2  3  4  5  6  7  8  9  0 10 11  0  0  0  0  0  0 12 13 14 15 16  0  0  0  0  0  0  0  0  0  0  0  0  0  0  0  0  0  0  0  0  0  0  0  0  0  0 17 18 19 20 21 22  0  0  0 25 26  0 28 29 30  0  0  0  0  0  0  0  0  0  0  0  0  0  0  0  0  0  0  0  0  0  0  0  0  0  0  0  0  0  0  0  0  0  0  0  0  0  0  0  0  0  0  0  0  0  0
Correlated systematic= 27
  
Read in   40 total  XS points
Read in   20 unique XS points
  
 Total number of SF/X-section points=          20
 Total number of SF/X-section points=          20
 Total number of SF/X-section points=          20
  
 Fitted systematics:
  
  1  corr1                              -0.0096    1.0000
  2  corr2                              -0.0022    1.0000
  3  corr3                              -0.0018    1.0000
  4  corr4                               0.1348    0.9927
  5  corr5                               0.0277    0.9989
  6  corr6                              -0.0026    0.9999
  7  corr7                              -0.0001    1.0000
  8  corr8                               0.0016    1.0000
  9  corr9                               0.0426    0.9998
 10  corr10                             -0.0000    1.0000
 11  corr11                              0.0205    0.9976
 12  corr12                             -0.0000    1.0000
 13  corr13                             -0.0000    1.0000
 14  corr14                             -0.0000    1.0000
 15  corr15                             -0.0000    1.0000
 16  corr16                             -0.0000    1.0000
 17  corr17                             -0.0000    1.0000
 18  corr18                             -0.0000    1.0000
 19  corr19                             -0.3498    0.9562
 20  corr20                             -0.0026    1.0000
 21  corr21                             -0.4896    0.7922
 22  corr22                             -0.1198    0.6539
 23  corr23                             -0.0083    0.9996
 24  corr24                             -0.0000    1.0000
 25  corr25                             -0.2580    0.6957
 26  corr26                             -0.0904    0.9905
 27  corr27                             -0.4996    0.9240
 28  corr28                             -0.0298    0.9955
 29  corr29                              0.0527    0.9848
 30  corr30                              0.0064    0.9902
 31  corr31                             -0.1409    0.9768
 32  corr32                             -0.0344    0.9952
 33  corr33                             -0.0271    0.9822
 34  corr34                              0.0951    0.9381
 35  corr35                              0.0499    0.9949
 36  corr36                              0.0517    0.9988
 37  corr37                             -0.0000    1.0000
 38  corr38                             -0.5551    0.9152
 39  corr39                             -0.0000    1.0000
 40  corr40                             -0.0000    1.0000
 41  corr41                              0.0654    0.9865
 42  corr42                             -0.0000    1.0000
 43  corr43                             -0.0000    1.0000
 44  corr44                             -0.0000    1.0000
 45  corr45                             -0.0000    1.0000
 46  corr46                             -0.0000    1.0000
 47  corr47                             -0.0000    1.0000
 48  corr48                             -0.0000    1.0000
 49  corr49                             -0.0000    1.0000
 50  corr50                              0.0859    0.9991
 51  corr51                             -0.0649    0.9261
 52  corr52                             -0.0035    0.9079
 53  corr53                              0.0544    0.9681
 54  corr54                              0.1484    0.9894
 55  corr55                             -0.3119    0.9636
 56  corr56                             -0.0000    1.0000
 57  corr57                             -0.0000    1.0000
 58  corr58                             -0.0000    1.0000
 59  corr59                             -0.2646    0.9936
 60  corr60                              0.0164    0.9987
 61  corr61                             -0.0000    1.0000
 62  corr62                             -0.2150    0.9824
 63  corr63                             -0.1255    0.9873
 64  corr64                             -0.0157    0.9782
 65  corr65                             -0.2099    0.9866
 66  corr66                              0.6807    0.8735
 67  corr67                             -0.0000    1.0000
 68  corr68                              0.0489    0.9987
 69  corr69                             -0.0271    0.9976
 70  corr70                              0.0804    0.9959
 71  corr71                             -0.0000    1.0000
 72  corr72                             -0.1033    0.9985
 73  corr73                              0.0616    0.9992
 74  corr74                              0.0923    0.9992
 75  corr75                              0.0457    0.9920
 76  corr76                             -0.0000    1.0000
 77  corr77                             -0.0000    1.0000
 78  corr78                             -0.0000    1.0000
 79  corr79                             -0.0000    1.0000
 80  corr80                             -0.0000    1.0000
 81  corr81                             -0.0000    1.0000
 82  corr82                             -0.0000    1.0000
 83  corr83                             -0.0000    1.0000
 84  corr84                             -0.0000    1.0000
 85  corr85                             -0.0000    1.0000
 86  corr86                             -0.0000    1.0000
 87  corr87                             -0.0000    1.0000
 88  corr88                             -0.0000    1.0000
 89  corr89                             -0.0000    1.0000
 90  corr90                             -0.0000    1.0000
 91  corr91                             -0.0000    1.0000
 92  corr92                             -0.0000    1.0000
 93  corr93                             -0.0000    1.0000
 94  corr94                             -0.0000    1.0000
 95  corr95                             -0.0000    1.0000
 96  corr96                             -0.0000    1.0000
 97  corr97                             -0.0000    1.0000
 98  corr98                             -0.0000    1.0000
 99  corr99                             -0.0000    1.0000
  
 Output F2:
  
  
 Reaction =     1
  
      Q2         X         Y      X-sect   E-Uncor    E-Corr   E-Total
   20.0000    1.0000    2.8571    0.0271    0.0001    0.0002    0.0002
   20.0000    3.0000    0.9524    0.0561    0.0002    0.0001    0.0002
   20.0000    5.0000    0.5714    0.0569    0.0002    0.0002    0.0002
   20.0000    7.0000    0.4082    0.0491    0.0001    0.0001    0.0002
   20.0000    9.0000    0.3175    0.0409    0.0001    0.0002    0.0002
   20.0000   11.5000    0.2484    0.0324    0.0001    0.0001    0.0001
   20.0000   14.5000    0.1970    0.0252    0.0001    0.0001    0.0001
   20.0000   18.0000    0.1587    0.0189    0.0001    0.0000    0.0001
   20.0000   22.5000    0.1270    0.0135    0.0000    0.0000    0.0000
   20.0000   27.5000    0.1039    0.0097    0.0000    0.0000    0.0000
   20.0000   33.5000    0.0853    0.0068    0.0000    0.0000    0.0000
   20.0000   41.0000    0.0697    0.0045    0.0000    0.0000    0.0000
   20.0000   50.0000    0.0571    0.0029    0.0000    0.0000    0.0000
   20.0000   60.0000    0.0476    0.0019    0.0000    0.0000    0.0000
   20.0000   70.0000    0.0408    0.0012    0.0000    0.0000    0.0000
   20.0000   80.0000    0.0357    0.0008    0.0000    0.0000    0.0000
   20.0000   95.0000    0.0301    0.0005    0.0000    0.0000    0.0000
   20.0000  127.5000    0.0224    0.0002    0.0000    0.0000    0.0000
   20.0000  175.0000    0.0163    0.0001    0.0000    0.0000    0.0000
   20.0000  550.0000    0.0052    0.0000    0.0000    0.0000    0.0000
  
Chi2 EXCLUDING systematics=   18.2036
  
TOTAL Chi2/ndf= 20/20
  
