 -----------------------------------------------------------------------------------
     Initiating Linear Average With Systematic UncertaInTies  program
  
  Version of Thu Sep 10 2009 
  
 -----------------------------------------------------------------------------------
Read F2 from   2 files
 Leave CMS energy per experiment unmodified
 LSqrtStat = True,  rescale stat. and uncorr errors separately
 LSqrtStat2 = false, ignore syst. bias for stat. errors
 LConstStat = False
 Average  data from the same dataset swimming to the same x,Q^2
 Use relative syst. errors= F
  
 Q2 grid=   36.000000    
  
Reading file inputdata/ZeePhiStar_born_peakmass_y0408.nml 
N meas, reaction, nsyst=   36    1   23
Center of Mass energy=      7.00
SYSTFILE:inputdata/ZeePhiStar   23   1   2   3   4   5   6   7   8   9  10  11  12  13  14  15  16  17  18  19  20  21  22   0
SYSFILET:inputdata/ZeePhiStar  1  2  3  4  5  6  7  8  9 10 11 12 13 14 15 16 17 18 19 20 21 22  0  0  0  0  0  0  0  0  0  0  0  0  0  0  0  0  0  0  0  0  0  0  0  0  0  0  0  0  0  0  0  0  0  0  0  0  0  0  0  0  0  0  0  0  0  0  0  0  0  0  0  0  0  0  0  0  0  0  0  0  0  0  0  0  0  0  0  0  0  0  0  0  0  0  0  0  0  0  0  0  0  0  0  0  0  0  0  0
 Got new CME   7.0000000    
Correlated systematic= 22
  
Reading file inputdata/ZmmPhiStar_born_peakmass_y0408.nml 
N meas, reaction, nsyst=   36    1   30
Center of Mass energy=      7.00
SYSTFILE:inputdata/ZmmPhiStar   30   1   2   3   4   5   6   7   8   9  11  12  19  20  21  22  23  50  51  52  53  54  55   0   0  59  60   0  62  63  64
SYSFILET:inputdata/ZmmPhiStar  1  2  3  4  5  6  7  8  9  0 10 11  0  0  0  0  0  0 12 13 14 15 16  0  0  0  0  0  0  0  0  0  0  0  0  0  0  0  0  0  0  0  0  0  0  0  0  0  0 17 18 19 20 21 22  0  0  0 25 26  0 28 29 30  0  0  0  0  0  0  0  0  0  0  0  0  0  0  0  0  0  0  0  0  0  0  0  0  0  0  0  0  0  0  0  0  0  0  0  0  0  0  0  0  0  0  0  0  0  0
Correlated systematic= 27
  
Read in   72 total  XS points
Read in   36 unique XS points
  
 Total number of SF/X-section points=          36
 Total number of SF/X-section points=          36
 Total number of SF/X-section points=          36
  
 Fitted systematics:
  
  1  corr1                               0.0020    0.9998
  2  corr2                               0.0010    0.9999
  3  corr3                               0.0058    0.9999
  4  corr4                              -0.0225    0.9997
  5  corr5                               0.0022    0.9993
  6  corr6                               0.0409    0.9974
  7  corr7                               0.0019    1.0000
  8  corr8                               0.0032    1.0000
  9  corr9                               0.0063    0.9926
 10  corr10                              0.3014    0.9504
 11  corr11                              0.0898    0.9476
 12  corr12                              0.0789    0.9994
 13  corr13                              0.3118    0.9757
 14  corr14                              0.1170    0.9804
 15  corr15                              0.5063    0.9189
 16  corr16                             -0.0000    1.0000
 17  corr17                              0.3647    0.9677
 18  corr18                             -0.2429    0.9687
 19  corr19                             -0.3715    0.9721
 20  corr20                             -0.0319    0.9995
 21  corr21                             -0.3375    0.9894
 22  corr22                             -0.8864    0.8935
 23  corr23                              0.0200    0.9990
 24  corr24                             -0.0000    1.0000
 25  corr25                             -0.0000    1.0000
 26  corr26                             -0.0000    1.0000
 27  corr27                             -0.0000    1.0000
 28  corr28                             -0.0000    1.0000
 29  corr29                             -0.0000    1.0000
 30  corr30                             -0.0000    1.0000
 31  corr31                             -0.0000    1.0000
 32  corr32                             -0.0000    1.0000
 33  corr33                             -0.0000    1.0000
 34  corr34                             -0.0000    1.0000
 35  corr35                             -0.0000    1.0000
 36  corr36                             -0.0000    1.0000
 37  corr37                             -0.0000    1.0000
 38  corr38                             -0.0000    1.0000
 39  corr39                             -0.0000    1.0000
 40  corr40                             -0.0000    1.0000
 41  corr41                             -0.0000    1.0000
 42  corr42                             -0.0000    1.0000
 43  corr43                             -0.0000    1.0000
 44  corr44                             -0.0000    1.0000
 45  corr45                             -0.0000    1.0000
 46  corr46                             -0.0000    1.0000
 47  corr47                             -0.0000    1.0000
 48  corr48                             -0.0000    1.0000
 49  corr49                             -0.0000    1.0000
 50  corr50                             -0.0087    0.9998
 51  corr51                             -0.0693    0.9879
 52  corr52                             -0.1495    0.9817
 53  corr53                              0.0108    0.9957
 54  corr54                              0.4713    0.9763
 55  corr55                             -0.6753    0.9600
 56  corr56                             -0.0000    1.0000
 57  corr57                             -0.0000    1.0000
 58  corr58                             -0.0000    1.0000
 59  corr59                             -0.5931    0.9295
 60  corr70                             -0.0198    0.9991
 61  corr61                             -0.0000    1.0000
 62  corr62                             -0.0000    1.0000
 63  corr63                             -0.0000    1.0000
 64  corr64                              0.1606    0.9787
 65  corr65                             -0.0000    1.0000
 66  corr66                             -0.0000    1.0000
 67  corr67                             -0.0000    1.0000
 68  corr68                             -0.0000    1.0000
 69  corr69                             -0.0000    1.0000
 70                                     -0.0000    1.0000
 71  corr71                             -0.0000    1.0000
 72  corr72                             -0.0000    1.0000
 73  corr73                             -0.0000    1.0000
 74  corr74                             -0.0000    1.0000
 75  corr75                             -0.0000    1.0000
 76  corr76                             -0.0000    1.0000
 77  corr77                             -0.0000    1.0000
 78  corr78                             -0.0000    1.0000
 79  corr79                             -0.0000    1.0000
 80  corr80                             -0.0000    1.0000
 81  corr81                             -0.0000    1.0000
 82  corr82                             -0.0000    1.0000
 83  corr83                             -0.0000    1.0000
 84  corr84                             -0.0000    1.0000
 85  corr85                             -0.0000    1.0000
 86  corr86                             -0.0000    1.0000
 87  corr87                             -0.0000    1.0000
 88  corr88                             -0.0000    1.0000
 89  corr89                             -0.0000    1.0000
 90  corr90                             -0.0000    1.0000
 91  corr91                             -0.0000    1.0000
 92  corr92                             -0.0000    1.0000
 93  corr93                             -0.0000    1.0000
 94  corr94                             -0.0000    1.0000
 95  corr95                             -0.0000    1.0000
 96  corr96                             -0.0000    1.0000
 97  corr97                             -0.0000    1.0000
 98  corr98                             -0.0000    1.0000
 99  corr99                             -0.0000    1.0000
  
 Output F2:
  
  
 Reaction =     1
  
      Q2         X         Y      X-sect   E-Uncor    E-Corr   E-Total
   36.0000    0.0020 2571.4285    9.4652    0.0274    0.0157    0.0316
   36.0000    0.0060  857.1429    9.3322    0.0273    0.0102    0.0292
   36.0000    0.0100  514.2857    9.1485    0.0275    0.0100    0.0293
   36.0000    0.0140  367.3469    8.9170    0.0263    0.0090    0.0278
   36.0000    0.0180  285.7143    8.6213    0.0263    0.0088    0.0277
   36.0000    0.0220  233.7662    8.2279    0.0259    0.0082    0.0272
   36.0000    0.0265  194.0701    7.8625    0.0223    0.0094    0.0242
   36.0000    0.0315  163.2653    7.4117    0.0217    0.0089    0.0235
   36.0000    0.0365  140.9002    6.9096    0.0209    0.0083    0.0225
   36.0000    0.0420  122.4490    6.4284    0.0183    0.0076    0.0198
   36.0000    0.0480  107.1429    5.8825    0.0176    0.0070    0.0190
   36.0000    0.0540   95.2381    5.4495    0.0171    0.0065    0.0183
   36.0000    0.0605   85.0059    4.9489    0.0150    0.0059    0.0161
   36.0000    0.0680   75.6302    4.4855    0.0131    0.0055    0.0142
   36.0000    0.0765   67.2269    4.0165    0.0120    0.0048    0.0130
   36.0000    0.0860   59.8007    3.5738    0.0107    0.0044    0.0116
   36.0000    0.0965   53.2939    3.1296    0.0095    0.0038    0.0102
   36.0000    0.1080   47.6190    2.7503    0.0085    0.0034    0.0091
   36.0000    0.1210   42.5030    2.3605    0.0073    0.0019    0.0076
   36.0000    0.1365   37.6766    2.0206    0.0060    0.0017    0.0062
   36.0000    0.1550   33.1797    1.6830    0.0051    0.0013    0.0052
   36.0000    0.1770   29.0557    1.3792    0.0042    0.0012    0.0043
   36.0000    0.2040   25.2101    1.1045    0.0034    0.0010    0.0035
   36.0000    0.2385   21.5633    0.8453    0.0025    0.0008    0.0027
   36.0000    0.2850   18.0451    0.6102    0.0019    0.0011    0.0022
   36.0000    0.3515   14.6312    0.4081    0.0013    0.0008    0.0015
   36.0000    0.4575   11.2412    0.2370    0.0007    0.0005    0.0009
   36.0000    0.6095    8.4378    0.1236    0.0005    0.0003    0.0005
   36.0000    0.8065    6.3768    0.0623    0.0003    0.0001    0.0003
   36.0000    1.0355    4.9665    0.0330    0.0002    0.0001    0.0002
   36.0000    1.3245    3.8829    0.0173    0.0001    0.0001    0.0001
   36.0000    1.7215    2.9874    0.0085    0.0001    0.0000    0.0001
   36.0000    2.2345    2.3016    0.0044    0.0000    0.0000    0.0001
   36.0000    2.8995    1.7737    0.0022    0.0000    0.0000    0.0000
   36.0000    4.1385    1.2427    0.0010    0.0000    0.0000    0.0000
   36.0000    7.5000    0.6857    0.0003    0.0000    0.0000    0.0000
  
Chi2 EXCLUDING systematics=   34.9995
  
TOTAL Chi2/ndf=   37.7887/  36
  
