 -----------------------------------------------------------------------------------
     Initiating Linear Average With Systematic UncertaInTies  program
  
  Version of Thu Sep 10 2009 
  
 -----------------------------------------------------------------------------------
Read F2 from   2 files
 Leave CMS energy per experiment unmodified
 LSqrtStat = True,  rescale stat. and uncorr errors separately
 LSqrtStat2 = false, ignore syst. bias for stat. errors
 LConstStat = False
 Average  data from the same dataset swimming to the same x,Q^2
 Use relative syst. errors= F
  
 Q2 grid=   36.000000    
  
Reading file inputdata/ZeePhiStar_born_highmass_y0816.nml 
N meas, reaction, nsyst=   36    1   23
Center of Mass energy=      7.00
SYSTFILE:inputdata/ZeePhiStar   23   1   2   3   4   5   6   7   8   9  10  11  12  13  14  15  16  17  18  19  20  21  22   0
SYSFILET:inputdata/ZeePhiStar  1  2  3  4  5  6  7  8  9 10 11 12 13 14 15 16 17 18 19 20 21 22  0  0  0  0  0  0  0  0  0  0  0  0  0  0  0  0  0  0  0  0  0  0  0  0  0  0  0  0  0  0  0  0  0  0  0  0  0  0  0  0  0  0  0  0  0  0  0  0  0  0  0  0  0  0  0  0  0  0  0  0  0  0  0  0  0  0  0  0  0  0  0  0  0  0  0  0  0  0  0  0  0  0  0  0  0  0  0  0
 Got new CME   7.0000000    
Correlated systematic= 22
  
Reading file inputdata/ZmmPhiStar_born_highmass_y0816.nml 
N meas, reaction, nsyst=   36    1   30
Center of Mass energy=      7.00
SYSTFILE:inputdata/ZmmPhiStar   30   1   2   3   4   5   6   7   8   9  11  12  19  20  21  22  23  50  51  52  53  54  55   0   0  59  60   0  62  63  64
SYSFILET:inputdata/ZmmPhiStar  1  2  3  4  5  6  7  8  9  0 10 11  0  0  0  0  0  0 12 13 14 15 16  0  0  0  0  0  0  0  0  0  0  0  0  0  0  0  0  0  0  0  0  0  0  0  0  0  0 17 18 19 20 21 22  0  0  0 25 26  0 28 29 30  0  0  0  0  0  0  0  0  0  0  0  0  0  0  0  0  0  0  0  0  0  0  0  0  0  0  0  0  0  0  0  0  0  0  0  0  0  0  0  0  0  0  0  0  0  0
Correlated systematic= 27
  
Read in   72 total  XS points
Read in   36 unique XS points
  
 Total number of SF/X-section points=          36
 Total number of SF/X-section points=          36
 Total number of SF/X-section points=          36
  
 Fitted systematics:
  
  1  corr1                              -0.0375    0.9992
  2  corr2                               0.0121    1.0000
  3  corr3                              -0.0038    1.0000
  4  corr4                               0.0454    0.9910
  5  corr5                              -0.0000    1.0000
  6  corr6                              -0.2332    0.9970
  7  corr7                              -0.0018    1.0000
  8  corr8                              -0.0146    0.9998
  9  corr9                              -0.4255    0.9870
 10  corr10                             -0.4509    0.9226
 11  corr11                              0.1408    0.7977
 12  corr12                              0.0588    0.9989
 13  corr13                              0.1018    0.9963
 14  corr14                              0.0907    0.9950
 15  corr15                              0.2350    0.9798
 16  corr16                              0.0262    0.9997
 17  corr17                              0.4404    0.7463
 18  corr18                             -0.2050    0.8016
 19  corr19                             -0.5941    0.8041
 20  corr20                             -0.0027    1.0000
 21  corr21                             -0.3646    0.9908
 22  corr22                             -0.2848    0.9852
 23  corr23                             -0.0000    1.0000
 24  corr24                             -0.0000    1.0000
 25  corr25                             -0.0000    1.0000
 26  corr26                             -0.0000    1.0000
 27  corr27                             -0.0000    1.0000
 28  corr28                             -0.0000    1.0000
 29  corr29                             -0.0000    1.0000
 30  corr30                             -0.0000    1.0000
 31  corr31                             -0.0000    1.0000
 32  corr32                             -0.0000    1.0000
 33  corr33                             -0.0000    1.0000
 34  corr34                             -0.0000    1.0000
 35  corr35                             -0.0000    1.0000
 36  corr36                             -0.0000    1.0000
 37  corr37                             -0.0000    1.0000
 38  corr38                             -0.0000    1.0000
 39  corr39                             -0.0000    1.0000
 40  corr40                             -0.0000    1.0000
 41  corr41                             -0.0000    1.0000
 42  corr42                             -0.0000    1.0000
 43  corr43                             -0.0000    1.0000
 44  corr44                             -0.0000    1.0000
 45  corr45                             -0.0000    1.0000
 46  corr46                             -0.0000    1.0000
 47  corr47                             -0.0000    1.0000
 48  corr48                             -0.0000    1.0000
 49  corr49                             -0.0000    1.0000
 50  corr50                             -0.0055    1.0000
 51  corr51                              0.2489    0.9769
 52  corr52                              0.1395    0.9372
 53  corr53                             -0.0585    0.9895
 54  corr54                              0.0003    1.0000
 55  corr55                              0.0177    0.9999
 56  corr56                             -0.0000    1.0000
 57  corr57                             -0.0000    1.0000
 58  corr58                             -0.0000    1.0000
 59  corr59                             -0.8981    0.8429
 60  corr70                              0.0089    1.0000
 61  corr61                             -0.0000    1.0000
 62  corr62                             -0.0000    1.0000
 63  corr63                             -0.0000    1.0000
 64  corr64                             -0.0261    0.9998
 65  corr65                             -0.0000    1.0000
 66  corr66                             -0.0000    1.0000
 67  corr67                             -0.0000    1.0000
 68  corr68                             -0.0000    1.0000
 69  corr69                             -0.0000    1.0000
 70                                     -0.0000    1.0000
 71  corr71                             -0.0000    1.0000
 72  corr72                             -0.0000    1.0000
 73  corr73                             -0.0000    1.0000
 74  corr74                             -0.0000    1.0000
 75  corr75                             -0.0000    1.0000
 76  corr76                             -0.0000    1.0000
 77  corr77                             -0.0000    1.0000
 78  corr78                             -0.0000    1.0000
 79  corr79                             -0.0000    1.0000
 80  corr80                             -0.0000    1.0000
 81  corr81                             -0.0000    1.0000
 82  corr82                             -0.0000    1.0000
 83  corr83                             -0.0000    1.0000
 84  corr84                             -0.0000    1.0000
 85  corr85                             -0.0000    1.0000
 86  corr86                             -0.0000    1.0000
 87  corr87                             -0.0000    1.0000
 88  corr88                             -0.0000    1.0000
 89  corr89                             -0.0000    1.0000
 90  corr90                             -0.0000    1.0000
 91  corr91                             -0.0000    1.0000
 92  corr92                             -0.0000    1.0000
 93  corr93                             -0.0000    1.0000
 94  corr94                             -0.0000    1.0000
 95  corr95                             -0.0000    1.0000
 96  corr96                             -0.0000    1.0000
 97  corr97                             -0.0000    1.0000
 98  corr98                             -0.0000    1.0000
 99  corr99                             -0.0000    1.0000
  
 Output F2:
  
  
 Reaction =     1
  
      Q2         X         Y      X-sect   E-Uncor    E-Corr   E-Total
   36.0000    0.0020 2571.4285   11.9824    0.2019    0.2246    0.3020
   36.0000    0.0060  857.1429   11.9396    0.2003    0.0993    0.2236
   36.0000    0.0100  514.2857   10.8176    0.1894    0.0762    0.2041
   36.0000    0.0140  367.3469   11.0852    0.1941    0.0735    0.2075
   36.0000    0.0180  285.7143    9.9445    0.1812    0.0591    0.1906
   36.0000    0.0220  233.7662    9.7471    0.1803    0.0576    0.1893
   36.0000    0.0265  194.0701    8.5717    0.1512    0.0433    0.1573
   36.0000    0.0315  163.2653    8.0377    0.1497    0.0470    0.1569
   36.0000    0.0365  140.9002    7.4728    0.1424    0.0382    0.1474
   36.0000    0.0420  122.4490    6.4886    0.1201    0.0332    0.1247
   36.0000    0.0480  107.1429    5.9709    0.1154    0.0273    0.1186
   36.0000    0.0540   95.2381    5.6161    0.1106    0.0272    0.1139
   36.0000    0.0605   85.0059    4.8679    0.0956    0.0238    0.0985
   36.0000    0.0680   75.6302    4.3910    0.0866    0.0246    0.0900
   36.0000    0.0765   67.2269    3.8219    0.0736    0.0216    0.0767
   36.0000    0.0860   59.8007    3.3288    0.0659    0.0197    0.0688
   36.0000    0.0965   53.2939    3.1265    0.0615    0.0166    0.0637
   36.0000    0.1080   47.6190    2.4734    0.0520    0.0134    0.0537
   36.0000    0.1210   42.5030    2.0570    0.0443    0.0108    0.0456
   36.0000    0.1365   37.6766    1.8861    0.0391    0.0113    0.0407
   36.0000    0.1550   33.1797    1.5789    0.0333    0.0085    0.0344
   36.0000    0.1770   29.0557    1.1828    0.0259    0.0082    0.0272
   36.0000    0.2040   25.2101    0.9568    0.0220    0.0057    0.0228
   36.0000    0.2385   21.5633    0.7798    0.0176    0.0040    0.0181
   36.0000    0.2850   18.0451    0.5468    0.0118    0.0067    0.0136
   36.0000    0.3515   14.6312    0.3410    0.0082    0.0052    0.0097
   36.0000    0.4575   11.2412    0.1952    0.0048    0.0033    0.0058
   36.0000    0.6095    8.4378    0.0977    0.0032    0.0018    0.0037
   36.0000    0.8065    6.3768    0.0486    0.0020    0.0011    0.0023
   36.0000    1.0355    4.9665    0.0250    0.0013    0.0006    0.0014
   36.0000    1.3245    3.8829    0.0108    0.0008    0.0004    0.0009
   36.0000    1.7215    2.9874    0.0058    0.0005    0.0001    0.0005
   36.0000    2.2345    2.3016    0.0037    0.0003    0.0001    0.0004
   36.0000    2.8995    1.7737    0.0014    0.0002    0.0001    0.0002
   36.0000    4.1385    1.2427    0.0006    0.0001    0.0000    0.0001
   36.0000    7.5000    0.6857    0.0002    0.0000    0.0000    0.0000
  
Chi2 EXCLUDING systematics=   37.9894
  
TOTAL Chi2/ndf=   40.2253/  36
  
