 -----------------------------------------------------------------------------------
     Initiating Linear Average With Systematic UncertaInTies  program
  
  Version of Thu Sep 10 2009 
  
 -----------------------------------------------------------------------------------
Read F2 from   2 files
 Leave CMS energy per experiment unmodified
 LSqrtStat = True,  rescale stat. and uncorr errors separately
 LSqrtStat2 = false, ignore syst. bias for stat. errors
 LConstStat = False
 Average  data from the same dataset swimming to the same x,Q^2
 Use relative syst. errors= F
  
 Q2 grid=   20.0000000       43.0000000       36.0000000       6.00000000       3.00000000       12.0000000    
  
Reading file ZeePtBornNorm.nml 
N meas, reaction, nsyst=   43    1   47
Center of Mass energy=      7.00
SYSTFILE:  ZeePtBornNorm.nml    47   1   2   3   4   5   6   7   8   9  11  12  19  20  21  22  23  25  26  27  28  29  30  31  32  33  34  35  36  37  38   0   0  41  42   0  62  63   0  65   0  67  68  69  70   0  72  73
SYSFILET:  ZeePtBornNorm.nml   1  2  3  4  5  6  7  8  9  0 10 11  0  0  0  0  0  0 12 13 14 15 16  0 17 18 19 20 21 22 23 24 25 26 27 28 29 30  0  0 33 34  0  0  0  0  0  0  0  0  0  0  0  0  0  0  0  0  0  0  0 36 37  0 39  0 41 42 43 44  0 46 47  0  0  0  0  0  0  0  0  0  0  0  0  0  0  0  0  0  0  0  0  0  0  0  0  0  0  0  0  0  0  0  0  0  0  0  0  0
 Got new CME   7.00000000    
Correlated systematic= 41
 UNKNOWN REACTION=           1
 NO INTERPOLATION
 Interpolation for reaction =           1
   43.0000000  162.5000000 ->    43.0000000  165.0000000 Scale=    1.0000
 UNKNOWN REACTION=           1
 NO INTERPOLATION
 Interpolation for reaction =           1
   43.0000000  187.5000000 ->    43.0000000  195.0000000 Scale=    1.0000
 UNKNOWN REACTION=           1
 NO INTERPOLATION
 Interpolation for reaction =           1
   43.0000000  225.0000000 ->    43.0000000  230.0000000 Scale=    1.0000
  
Reading file ZmumuPtBornNorm.nml 
N meas, reaction, nsyst=   43    1   30
Center of Mass energy=      7.00
SYSTFILE:ZmumuPtBornNorm.nml    30   1   2   3   4   5   6   7   8   9  11  12  19  20  21  22  23  50  51  52  53  54  55   0   0  59  60   0  62  63  64
SYSFILET:ZmumuPtBornNorm.nml   1  2  3  4  5  6  7  8  9  0 10 11  0  0  0  0  0  0 12 13 14 15 16  0  0  0  0  0  0  0  0  0  0  0  0  0  0  0  0  0  0  0  0  0  0  0  0  0  0 17 18 19 20 21 22  0  0  0 25 26  0 28 29 30  0  0  0  0  0  0  0  0  0  0  0  0  0  0  0  0  0  0  0  0  0  0  0  0  0  0  0  0  0  0  0  0  0  0  0  0  0  0  0  0  0  0  0  0  0  0
Correlated systematic= 27
 UNKNOWN REACTION=           1
 NO INTERPOLATION
 Interpolation for reaction =           1
   43.0000000  162.5000000 ->    43.0000000  165.0000000 Scale=    1.0000
 UNKNOWN REACTION=           1
 NO INTERPOLATION
 Interpolation for reaction =           1
   43.0000000  187.5000000 ->    43.0000000  195.0000000 Scale=    1.0000
 UNKNOWN REACTION=           1
 NO INTERPOLATION
 Interpolation for reaction =           1
   43.0000000  225.0000000 ->    43.0000000  230.0000000 Scale=    1.0000
  
Read in   86 total  XS points
Read in   43 unique XS points
  
 Total number of SF/X-section points=          43
 Total number of SF/X-section points=          43
 Total number of SF/X-section points=          43
  
 Fitted systematics:
  
  1  corr1                              -0.0063    1.0000
  2  corr2                              -0.0110    1.0000
  3  corr3                              -0.0023    1.0000
  4  corr4                              -0.0093    0.9901
  5  corr5                              -0.0308    0.9991
  6  corr6                              -0.0272    0.9997
  7  corr7                              -0.0005    1.0000
  8  corr8                               0.0033    1.0000
  9  corr9                               0.0803    0.9985
 10  corr10                             -0.0000    1.0000
 11  corr11                             -0.0256    0.9963
 12  corr12                             -0.0000    1.0000
 13  corr13                             -0.0000    1.0000
 14  corr14                             -0.0000    1.0000
 15  corr15                             -0.0000    1.0000
 16  corr16                             -0.0000    1.0000
 17  corr17                             -0.0000    1.0000
 18  corr18                             -0.0000    1.0000
 19  corr19                             -0.9243    0.9010
 20  corr20                             -0.0046    1.0000
 21  corr21                             -0.9990    0.6042
 22  corr22                             -0.2933    0.5715
 23  corr23                              0.0237    0.9828
 24  corr24                             -0.0000    1.0000
 25  corr25                             -0.4055    0.5000
 26  corr26                             -0.0920    0.9809
 27  corr27                             -0.4984    0.9082
 28  corr28                              0.0869    0.9704
 29  corr29                              0.0835    0.9623
 30  corr30                             -0.0714    0.9757
 31  corr31                             -0.1875    0.9411
 32  corr32                              0.0611    0.9851
 33  corr33                              0.0616    0.9425
 34  corr34                              0.5407    0.9211
 35  corr35                              0.1605    0.9868
 36  corr36                             -0.0515    0.9959
 37  corr37                             -0.0000    1.0000
 38  corr38                             -0.3458    0.7148
 39  corr39                             -0.0000    1.0000
 40  corr40                             -0.0000    1.0000
 41  corr41                             -0.0506    0.6703
 42  corr42                             -0.0000    1.0000
 43  corr43                             -0.0000    1.0000
 44  corr44                             -0.0000    1.0000
 45  corr45                             -0.0000    1.0000
 46  corr46                             -0.0000    1.0000
 47  corr47                             -0.0000    1.0000
 48  corr48                             -0.0000    1.0000
 49  corr49                             -0.0000    1.0000
 50  corr50                              0.1068    0.9973
 51  corr51                             -0.0354    0.8119
 52  corr52                             -0.1726    0.6621
 53  corr53                             -0.1513    0.9283
 54  corr54                              0.1994    0.9858
 55  corr55                             -0.3064    0.9593
 56  corr56                             -0.0000    1.0000
 57  corr57                             -0.0000    1.0000
 58  corr58                             -0.0000    1.0000
 59  corr59                             -0.2930    0.9896
 60  corr60                              0.0868    0.9976
 61  corr61                             -0.0000    1.0000
 62  corr62                             -0.8845    0.9453
 63  corr63                             -0.1845    0.9850
 64  corr64                             -0.2567    0.9602
 65  corr65                             -0.2971    0.6698
 66  corr66                             -0.0000    1.0000
 67  corr67                              0.1608    0.9963
 68  corr68                              0.1607    0.9950
 69  corr69                             -0.0157    0.9985
 70  corr70                              0.0982    0.9948
 71  corr71                             -0.0000    1.0000
 72  corr72                             -0.1006    0.9984
 73  corr73                              0.0511    0.9863
 74  corr74                             -0.0000    1.0000
 75  corr75                             -0.0000    1.0000
 76  corr76                             -0.0000    1.0000
 77  corr77                             -0.0000    1.0000
 78  corr78                             -0.0000    1.0000
 79  corr79                             -0.0000    1.0000
 80  corr80                             -0.0000    1.0000
 81  corr81                             -0.0000    1.0000
 82  corr82                             -0.0000    1.0000
 83  corr83                             -0.0000    1.0000
 84  corr84                             -0.0000    1.0000
 85  corr85                             -0.0000    1.0000
 86  corr86                             -0.0000    1.0000
 87  corr87                             -0.0000    1.0000
 88  corr88                             -0.0000    1.0000
 89  corr89                             -0.0000    1.0000
 90  corr90                             -0.0000    1.0000
 91  corr91                             -0.0000    1.0000
 92  corr92                             -0.0000    1.0000
 93  corr93                             -0.0000    1.0000
 94  corr94                             -0.0000    1.0000
 95  corr95                             -0.0000    1.0000
 96  corr96                             -0.0000    1.0000
 97  corr97                             -0.0000    1.0000
 98  corr98                             -0.0000    1.0000
 99  corr99                             -0.0000    1.0000
  
 Output F2:
  
  
 Reaction =     1
  
      Q2         X         Y      X-sect   E-Uncor    E-Corr   E-Total
   43.0000    1.0000    6.1429    0.0267    0.0000    0.0001    0.0002
   43.0000    3.0000    2.0476    0.0554    0.0001    0.0001    0.0001
   43.0000    5.0000    1.2286    0.0559    0.0001    0.0001    0.0002
   43.0000    7.0000    0.8776    0.0484    0.0001    0.0001    0.0002
   43.0000    9.0000    0.6825    0.0404    0.0001    0.0001    0.0001
   43.0000   11.0000    0.5584    0.0338    0.0001    0.0001    0.0001
   43.0000   13.0000    0.4725    0.0284    0.0000    0.0000    0.0001
   43.0000   15.0000    0.4095    0.0240    0.0000    0.0000    0.0001
   43.0000   17.0000    0.3613    0.0204    0.0000    0.0000    0.0000
   43.0000   19.0000    0.3233    0.0175    0.0000    0.0000    0.0000
   43.0000   21.2500    0.2891    0.0149    0.0000    0.0000    0.0000
   43.0000   23.7500    0.2586    0.0125    0.0000    0.0000    0.0000
   43.0000   26.2500    0.2340    0.0106    0.0000    0.0000    0.0000
   43.0000   28.7500    0.2137    0.0091    0.0000    0.0000    0.0000
   43.0000   31.5000    0.1950    0.0077    0.0000    0.0000    0.0000
   43.0000   34.5000    0.1781    0.0065    0.0000    0.0000    0.0000
   43.0000   37.5000    0.1638    0.0055    0.0000    0.0000    0.0000
   43.0000   40.5000    0.1517    0.0047    0.0000    0.0000    0.0000
   43.0000   43.5000    0.1412    0.0041    0.0000    0.0000    0.0000
   43.0000   46.5000    0.1321    0.0036    0.0000    0.0000    0.0000
   43.0000   49.5000    0.1241    0.0030    0.0000    0.0000    0.0000
   43.0000   52.5000    0.1170    0.0027    0.0000    0.0000    0.0000
   43.0000   55.5000    0.1107    0.0023    0.0000    0.0000    0.0000
   43.0000   59.0000    0.1041    0.0020    0.0000    0.0000    0.0000
   43.0000   63.0000    0.0975    0.0017    0.0000    0.0000    0.0000
   43.0000   67.5000    0.0910    0.0014    0.0000    0.0000    0.0000
   43.0000   72.5000    0.0847    0.0012    0.0000    0.0000    0.0000
   43.0000   77.5000    0.0793    0.0010    0.0000    0.0000    0.0000
   43.0000   82.5000    0.0745    0.0008    0.0000    0.0000    0.0000
   43.0000   90.0000    0.0683    0.0006    0.0000    0.0000    0.0000
   43.0000  100.0000    0.0614    0.0004    0.0000    0.0000    0.0000
   43.0000  115.0000    0.0534    0.0003    0.0000    0.0000    0.0000
   43.0000  137.5000    0.0447    0.0001    0.0000    0.0000    0.0000
   43.0000  165.0000    0.0372    0.0001    0.0000    0.0000    0.0000
   43.0000  195.0000    0.0315    0.0000    0.0000    0.0000    0.0000
   43.0000  230.0000    0.0267    0.0000    0.0000    0.0000    0.0000
   43.0000  275.0000    0.0223    0.0000    0.0000    0.0000    0.0000
   43.0000  325.0000    0.0189    0.0000    0.0000    0.0000    0.0000
   43.0000  375.0000    0.0164    0.0000    0.0000    0.0000    0.0000
   43.0000  435.0000    0.0141    0.0000    0.0000    0.0000    0.0000
   43.0000  510.0000    0.0120    0.0000    0.0000    0.0000    0.0000
   43.0000  600.0000    0.0102    0.0000    0.0000    0.0000    0.0000
   43.0000  775.0000    0.0079    0.0000    0.0000    0.0000    0.0000
  
Chi2 EXCLUDING systematics=   39.6081
  
TOTAL Chi2/ndf= 43/43
  
