 -----------------------------------------------------------------------------------
     Initiating Linear Average With Systematic UncertaInTies  program
  
  Version of Thu Sep 10 2009 
  
 -----------------------------------------------------------------------------------
Read F2 from   2 files
 Leave CMS energy per experiment unmodified
 LSqrtStat = True,  rescale stat. and uncorr errors separately
 LSqrtStat2 = false, ignore syst. bias for stat. errors
 LConstStat = False
 Average  data from the same dataset swimming to the same x,Q^2
 Use relative syst. errors= F
  
 Q2 grid=   20.0000000       43.0000000       36.0000000       6.00000000       3.00000000       12.0000000    
  
Reading file ZeePtM1U2Born.nml 
N meas, reaction, nsyst=   20    1   43
Center of Mass energy=      7.00
SYSTFILE:  ZeePtM1U2Born.nml    43   1   2   3   4   5   6   7   8   9  11  12  19  20  21  22  23  25  26  27  28  29  30  31  32  33  34  35  36  37  38   0   0  41  42   0  62  63   0  65   0  67   0  69
SYSFILET:  ZeePtM1U2Born.nml   1  2  3  4  5  6  7  8  9  0 10 11  0  0  0  0  0  0 12 13 14 15 16  0 17 18 19 20 21 22 23 24 25 26 27 28 29 30  0  0 33 34  0  0  0  0  0  0  0  0  0  0  0  0  0  0  0  0  0  0  0 36 37  0 39  0 41  0 43  0  0  0  0  0  0  0  0  0  0  0  0  0  0  0  0  0  0  0  0  0  0  0  0  0  0  0  0  0  0  0  0  0  0  0  0  0  0  0  0  0
 Got new CME   7.00000000    
Correlated systematic= 37
  
Reading file ZmumuPtM1U2Born.nml 
N meas, reaction, nsyst=   20    1   30
Center of Mass energy=      7.00
SYSTFILE:ZmumuPtM1U2Born.nml    30   1   2   3   4   5   6   7   8   9  11  12  19  20  21  22  23  50  51  52  53  54  55   0   0  59  60   0  62  63  64
SYSFILET:ZmumuPtM1U2Born.nml   1  2  3  4  5  6  7  8  9  0 10 11  0  0  0  0  0  0 12 13 14 15 16  0  0  0  0  0  0  0  0  0  0  0  0  0  0  0  0  0  0  0  0  0  0  0  0  0  0 17 18 19 20 21 22  0  0  0 25 26  0 28 29 30  0  0  0  0  0  0  0  0  0  0  0  0  0  0  0  0  0  0  0  0  0  0  0  0  0  0  0  0  0  0  0  0  0  0  0  0  0  0  0  0  0  0  0  0  0  0
Correlated systematic= 27
  
Read in   40 total  XS points
Read in   20 unique XS points
  
 Total number of SF/X-section points=          20
 Total number of SF/X-section points=          20
 Total number of SF/X-section points=          20
  
 Fitted systematics:
  
  1  corr1                               0.0330    0.9998
  2  corr2                               0.0030    1.0000
  3  corr3                              -0.0021    1.0000
  4  corr4                               0.5512    0.9710
  5  corr5                               0.0020    0.9995
  6  corr6                               0.0861    0.9978
  7  corr7                              -0.0245    0.9959
  8  corr8                               0.0097    0.9999
  9  corr9                               0.2833    0.9846
 10  corr10                             -0.0000    1.0000
 11  corr11                              0.0314    0.9991
 12  corr12                             -0.0000    1.0000
 13  corr13                             -0.0000    1.0000
 14  corr14                             -0.0000    1.0000
 15  corr15                             -0.0000    1.0000
 16  corr16                             -0.0000    1.0000
 17  corr17                             -0.0000    1.0000
 18  corr18                             -0.0000    1.0000
 19  corr19                             -0.1117    0.9877
 20  corr20                              0.0081    0.9999
 21  corr21                             -0.1844    0.9846
 22  corr22                             -0.4392    0.5916
 23  corr23                             -0.0142    0.9997
 24  corr24                             -0.0000    1.0000
 25  corr25                             -0.2517    0.8585
 26  corr26                             -0.0307    0.9960
 27  corr27                              0.1142    0.9765
 28  corr28                              0.0274    0.9963
 29  corr29                              0.0746    0.9911
 30  corr30                             -0.0823    0.9929
 31  corr31                             -0.1341    0.9822
 32  corr32                             -0.0001    0.9963
 33  corr33                             -0.0080    0.9911
 34  corr34                              0.0313    0.9824
 35  corr35                             -0.0223    0.9963
 36  corr36                             -0.0238    0.9995
 37  corr37                             -0.0000    1.0000
 38  corr38                              0.0269    0.9668
 39  corr39                             -0.0000    1.0000
 40  corr40                             -0.0000    1.0000
 41  corr41                             -0.0477    0.7008
 42  corr42                              0.0532    0.9989
 43  corr43                             -0.0000    1.0000
 44  corr44                             -0.0000    1.0000
 45  corr45                             -0.0000    1.0000
 46  corr46                             -0.0000    1.0000
 47  corr47                             -0.0000    1.0000
 48  corr48                             -0.0000    1.0000
 49  corr49                             -0.0000    1.0000
 50  corr50                             -0.2234    0.9873
 51  corr51                              0.0972    0.9605
 52  corr52                              0.2607    0.9460
 53  corr53                             -0.2688    0.9834
 54  corr54                             -0.1363    0.9303
 55  corr55                             -0.0421    0.9133
 56  corr56                             -0.0000    1.0000
 57  corr57                             -0.0000    1.0000
 58  corr58                             -0.0000    1.0000
 59  corr59                             -1.2124    0.7467
 60  corr60                             -0.0177    0.9997
 61  corr61                             -0.0000    1.0000
 62  corr62                             -0.0208    0.9919
 63  corr63                             -0.0500    0.9990
 64  corr64                              0.0714    0.9977
 65  corr65                              0.2006    0.4814
 66  corr66                             -0.0000    1.0000
 67  corr67                             -0.0458    0.9929
 68  corr68                             -0.0000    1.0000
 69  corr69                              0.0176    0.9907
 70  corr70                             -0.0000    1.0000
 71  corr71                             -0.0000    1.0000
 72  corr72                             -0.0000    1.0000
 73  corr73                             -0.0000    1.0000
 74  corr74                             -0.0000    1.0000
 75  corr75                             -0.0000    1.0000
 76  corr76                             -0.0000    1.0000
 77  corr77                             -0.0000    1.0000
 78  corr78                             -0.0000    1.0000
 79  corr79                             -0.0000    1.0000
 80  corr80                             -0.0000    1.0000
 81  corr81                             -0.0000    1.0000
 82  corr82                             -0.0000    1.0000
 83  corr83                             -0.0000    1.0000
 84  corr84                             -0.0000    1.0000
 85  corr85                             -0.0000    1.0000
 86  corr86                             -0.0000    1.0000
 87  corr87                             -0.0000    1.0000
 88  corr88                             -0.0000    1.0000
 89  corr89                             -0.0000    1.0000
 90  corr90                             -0.0000    1.0000
 91  corr91                             -0.0000    1.0000
 92  corr92                             -0.0000    1.0000
 93  corr93                             -0.0000    1.0000
 94  corr94                             -0.0000    1.0000
 95  corr95                             -0.0000    1.0000
 96  corr96                             -0.0000    1.0000
 97  corr97                             -0.0000    1.0000
 98  corr98                             -0.0000    1.0000
 99  corr99                             -0.0000    1.0000
  
 Output F2:
  
  
 Reaction =     1
  
      Q2         X         Y      X-sect   E-Uncor    E-Corr   E-Total
   20.0000    1.0000    2.8571    0.6548    0.0057    0.0354    0.0358
   20.0000    3.0000    0.9524    1.2305    0.0077    0.0207    0.0221
   20.0000    5.0000    0.5714    1.1160    0.0072    0.0168    0.0183
   20.0000    7.0000    0.4082    0.8866    0.0062    0.0135    0.0149
   20.0000    9.0000    0.3175    0.6563    0.0054    0.0109    0.0122
   20.0000   11.5000    0.2484    0.4806    0.0033    0.0078    0.0085
   20.0000   14.5000    0.1970    0.3241    0.0026    0.0053    0.0059
   20.0000   18.0000    0.1587    0.2202    0.0017    0.0033    0.0037
   20.0000   22.5000    0.1270    0.1408    0.0011    0.0024    0.0027
   20.0000   27.5000    0.1039    0.0903    0.0009    0.0016    0.0019
   20.0000   33.5000    0.0853    0.0564    0.0006    0.0016    0.0018
   20.0000   41.0000    0.0697    0.0379    0.0005    0.0011    0.0012
   20.0000   50.0000    0.0571    0.0257    0.0004    0.0008    0.0009
   20.0000   60.0000    0.0476    0.0172    0.0003    0.0005    0.0006
   20.0000   70.0000    0.0408    0.0116    0.0003    0.0003    0.0004
   20.0000   80.0000    0.0357    0.0082    0.0002    0.0003    0.0004
   20.0000   95.0000    0.0301    0.0049    0.0001    0.0002    0.0002
   20.0000  127.5000    0.0224    0.0018    0.0000    0.0001    0.0001
   20.0000  175.0000    0.0163    0.0005    0.0000    0.0000    0.0000
   20.0000  550.0000    0.0052    0.0000    0.0000    0.0000    0.0000
  
Chi2 EXCLUDING systematics=   12.7253
  
TOTAL Chi2/ndf= 15/20
  
