 -----------------------------------------------------------------------------------
     Initiating Linear Average With Systematic UncertaInTies  program
  
  Version of Thu Sep 10 2009 
  
 -----------------------------------------------------------------------------------
Read F2 from   2 files
 Leave CMS energy per experiment unmodified
 LSqrtStat = True,  rescale stat. and uncorr errors separately
 LSqrtStat2 = false, ignore syst. bias for stat. errors
 LConstStat = False
 Average  data from the same dataset swimming to the same x,Q^2
 Use relative syst. errors= F
  
 Q2 grid=   36.000000    
  
Reading file inputdata/ZeePhiStar_born_lowmass_y0816.nml 
N meas, reaction, nsyst=   36    1   23
Center of Mass energy=      7.00
SYSTFILE:inputdata/ZeePhiStar   23   1   2   3   4   5   6   7   8   9  10  11  12  13  14  15  16  17  18  19  20  21  22   0
SYSFILET:inputdata/ZeePhiStar  1  2  3  4  5  6  7  8  9 10 11 12 13 14 15 16 17 18 19 20 21 22  0  0  0  0  0  0  0  0  0  0  0  0  0  0  0  0  0  0  0  0  0  0  0  0  0  0  0  0  0  0  0  0  0  0  0  0  0  0  0  0  0  0  0  0  0  0  0  0  0  0  0  0  0  0  0  0  0  0  0  0  0  0  0  0  0  0  0  0  0  0  0  0  0  0  0  0  0  0  0  0  0  0  0  0  0  0  0  0
 Got new CME   7.0000000    
Correlated systematic= 22
  
Reading file inputdata/ZmmPhiStar_born_lowmass_y0816.nml 
N meas, reaction, nsyst=   36    1   30
Center of Mass energy=      7.00
SYSTFILE:inputdata/ZmmPhiStar   30   1   2   3   4   5   6   7   8   9  11  12  19  20  21  22  23  50  51  52  53  54  55   0   0  59  60   0  62  63  64
SYSFILET:inputdata/ZmmPhiStar  1  2  3  4  5  6  7  8  9  0 10 11  0  0  0  0  0  0 12 13 14 15 16  0  0  0  0  0  0  0  0  0  0  0  0  0  0  0  0  0  0  0  0  0  0  0  0  0  0 17 18 19 20 21 22  0  0  0 25 26  0 28 29 30  0  0  0  0  0  0  0  0  0  0  0  0  0  0  0  0  0  0  0  0  0  0  0  0  0  0  0  0  0  0  0  0  0  0  0  0  0  0  0  0  0  0  0  0  0  0
Correlated systematic= 27
  
Read in   72 total  XS points
Read in   36 unique XS points
  
 Total number of SF/X-section points=          36
 Total number of SF/X-section points=          36
 Total number of SF/X-section points=          36
  
 Fitted systematics:
  
  1  corr1                               0.0020    0.9996
  2  corr2                               0.0019    1.0000
  3  corr3                               0.0005    1.0000
  4  corr4                              -0.0200    0.9985
  5  corr5                               0.0894    0.9976
  6  corr6                              -0.0314    0.9987
  7  corr7                               0.0343    0.9992
  8  corr8                              -0.0012    1.0000
  9  corr9                               0.0936    0.9874
 10  corr10                             -0.5941    0.8861
 11  corr11                              0.2711    0.8502
 12  corr12                              0.1671    0.9984
 13  corr13                              0.0226    0.9976
 14  corr14                             -0.0033    0.9918
 15  corr15                             -0.1041    0.9004
 16  corr16                              0.0258    0.9998
 17  corr17                             -0.2995    0.8993
 18  corr18                              0.6418    0.8034
 19  corr19                              0.0385    0.7887
 20  corr20                             -0.1125    0.9898
 21  corr21                             -0.4387    0.9917
 22  corr22                              0.7699    0.8170
 23  corr23                             -0.0000    1.0000
 24  corr24                             -0.0000    1.0000
 25  corr25                             -0.0000    1.0000
 26  corr26                             -0.0000    1.0000
 27  corr27                             -0.0000    1.0000
 28  corr28                             -0.0000    1.0000
 29  corr29                             -0.0000    1.0000
 30  corr30                             -0.0000    1.0000
 31  corr31                             -0.0000    1.0000
 32  corr32                             -0.0000    1.0000
 33  corr33                             -0.0000    1.0000
 34  corr34                             -0.0000    1.0000
 35  corr35                             -0.0000    1.0000
 36  corr36                             -0.0000    1.0000
 37  corr37                             -0.0000    1.0000
 38  corr38                             -0.0000    1.0000
 39  corr39                             -0.0000    1.0000
 40  corr40                             -0.0000    1.0000
 41  corr41                             -0.0000    1.0000
 42  corr42                             -0.0000    1.0000
 43  corr43                             -0.0000    1.0000
 44  corr44                             -0.0000    1.0000
 45  corr45                             -0.0000    1.0000
 46  corr46                             -0.0000    1.0000
 47  corr47                             -0.0000    1.0000
 48  corr48                             -0.0000    1.0000
 49  corr49                             -0.0000    1.0000
 50  corr50                              0.0193    0.9999
 51  corr51                              0.0458    0.9917
 52  corr52                             -0.2017    0.9764
 53  corr53                              0.0087    0.9919
 54  corr54                             -0.1210    0.9878
 55  corr55                             -0.1689    0.9918
 56  corr56                             -0.0000    1.0000
 57  corr57                             -0.0000    1.0000
 58  corr58                             -0.0000    1.0000
 59  corr59                             -1.8053    0.6322
 60  corr70                             -0.0077    1.0000
 61  corr61                             -0.0000    1.0000
 62  corr62                             -0.0000    1.0000
 63  corr63                             -0.0000    1.0000
 64  corr64                             -0.0167    0.9998
 65  corr65                             -0.0000    1.0000
 66  corr66                             -0.0000    1.0000
 67  corr67                             -0.0000    1.0000
 68  corr68                             -0.0000    1.0000
 69  corr69                             -0.0000    1.0000
 70                                     -0.0000    1.0000
 71  corr71                             -0.0000    1.0000
 72  corr72                             -0.0000    1.0000
 73  corr73                             -0.0000    1.0000
 74  corr74                             -0.0000    1.0000
 75  corr75                             -0.0000    1.0000
 76  corr76                             -0.0000    1.0000
 77  corr77                             -0.0000    1.0000
 78  corr78                             -0.0000    1.0000
 79  corr79                             -0.0000    1.0000
 80  corr80                             -0.0000    1.0000
 81  corr81                             -0.0000    1.0000
 82  corr82                             -0.0000    1.0000
 83  corr83                             -0.0000    1.0000
 84  corr84                             -0.0000    1.0000
 85  corr85                             -0.0000    1.0000
 86  corr86                             -0.0000    1.0000
 87  corr87                             -0.0000    1.0000
 88  corr88                             -0.0000    1.0000
 89  corr89                             -0.0000    1.0000
 90  corr90                             -0.0000    1.0000
 91  corr91                             -0.0000    1.0000
 92  corr92                             -0.0000    1.0000
 93  corr93                             -0.0000    1.0000
 94  corr94                             -0.0000    1.0000
 95  corr95                             -0.0000    1.0000
 96  corr96                             -0.0000    1.0000
 97  corr97                             -0.0000    1.0000
 98  corr98                             -0.0000    1.0000
 99  corr99                             -0.0000    1.0000
  
 Output F2:
  
  
 Reaction =     1
  
      Q2         X         Y      X-sect   E-Uncor    E-Corr   E-Total
   36.0000    0.0020 2571.4285    7.3108    0.1211    0.3588    0.3786
   36.0000    0.0060  857.1429    7.3493    0.1223    0.1676    0.2075
   36.0000    0.0100  514.2857    7.2703    0.1203    0.1252    0.1736
   36.0000    0.0140  367.3469    7.1226    0.1205    0.1051    0.1599
   36.0000    0.0180  285.7143    6.8724    0.1176    0.0993    0.1539
   36.0000    0.0220  233.7662    6.7250    0.1173    0.0930    0.1497
   36.0000    0.0265  194.0701    6.5346    0.1021    0.0841    0.1322
   36.0000    0.0315  163.2653    6.3442    0.1020    0.0786    0.1288
   36.0000    0.0365  140.9002    6.0493    0.0989    0.0750    0.1241
   36.0000    0.0420  122.4490    5.6482    0.0865    0.0680    0.1100
   36.0000    0.0480  107.1429    5.3727    0.0850    0.0660    0.1076
   36.0000    0.0540   95.2381    5.3081    0.0842    0.0645    0.1061
   36.0000    0.0605   85.0059    4.6980    0.0726    0.0495    0.0879
   36.0000    0.0680   75.6302    4.3828    0.0653    0.0464    0.0801
   36.0000    0.0765   67.2269    4.1821    0.0601    0.0449    0.0750
   36.0000    0.0860   59.8007    3.6882    0.0535    0.0381    0.0657
   36.0000    0.0965   53.2939    3.2563    0.0473    0.0330    0.0577
   36.0000    0.1080   47.6190    2.8928    0.0427    0.0302    0.0523
   36.0000    0.1210   42.5030    2.5853    0.0371    0.0190    0.0417
   36.0000    0.1365   37.6766    2.1372    0.0302    0.0161    0.0342
   36.0000    0.1550   33.1797    1.8413    0.0257    0.0143    0.0294
   36.0000    0.1770   29.0557    1.4535    0.0206    0.0106    0.0232
   36.0000    0.2040   25.2101    1.1993    0.0169    0.0090    0.0192
   36.0000    0.2385   21.5633    0.9366    0.0129    0.0072    0.0147
   36.0000    0.2850   18.0451    0.6932    0.0093    0.0121    0.0153
   36.0000    0.3515   14.6312    0.4899    0.0064    0.0090    0.0111
   36.0000    0.4575   11.2412    0.2998    0.0039    0.0057    0.0069
   36.0000    0.6095    8.4378    0.1756    0.0027    0.0037    0.0045
   36.0000    0.8065    6.3768    0.0978    0.0018    0.0022    0.0028
   36.0000    1.0355    4.9665    0.0594    0.0014    0.0015    0.0020
   36.0000    1.3245    3.8829    0.0327    0.0009    0.0008    0.0012
   36.0000    1.7215    2.9874    0.0175    0.0006    0.0004    0.0007
   36.0000    2.2345    2.3016    0.0095    0.0004    0.0002    0.0004
   36.0000    2.8995    1.7737    0.0052    0.0003    0.0002    0.0003
   36.0000    4.1385    1.2427    0.0021    0.0001    0.0001    0.0001
   36.0000    7.5000    0.6857    0.0006    0.0000    0.0000    0.0000
  
Chi2 EXCLUDING systematics=   37.9269
  
TOTAL Chi2/ndf=   43.0593/  36
  
