 -----------------------------------------------------------------------------------
     Initiating Linear Average With Systematic UncertaInTies  program
  
  Version of Thu Sep 10 2009 
  
 -----------------------------------------------------------------------------------
Read F2 from   2 files
 Leave CMS energy per experiment unmodified
 LSqrtStat = True,  rescale stat. and uncorr errors separately
 LSqrtStat2 = false, ignore syst. bias for stat. errors
 LConstStat = False
 Average  data from the same dataset swimming to the same x,Q^2
 Use relative syst. errors= F
  
 Q2 grid=   20.0000000       43.0000000       36.0000000       6.00000000       3.00000000       12.0000000    
  
Reading file ZeePtY2U2Born.nml 
N meas, reaction, nsyst=   20    1   46
Center of Mass energy=      7.00
SYSTFILE:  ZeePtY2U2Born.nml    46   1   2   3   4   5   6   7   8   9  11  12  19  20  21  22  23  25  26  27  28  29  30  31  32  33  34  35  36  37  38   0   0  41  42   0  62  63   0  65   0  67  68  69   0  71  72
SYSFILET:  ZeePtY2U2Born.nml   1  2  3  4  5  6  7  8  9  0 10 11  0  0  0  0  0  0 12 13 14 15 16  0 17 18 19 20 21 22 23 24 25 26 27 28 29 30  0  0 33 34  0  0  0  0  0  0  0  0  0  0  0  0  0  0  0  0  0  0  0 36 37  0 39  0 41 42 43  0 45 46  0  0  0  0  0  0  0  0  0  0  0  0  0  0  0  0  0  0  0  0  0  0  0  0  0  0  0  0  0  0  0  0  0  0  0  0  0  0
 Got new CME   7.00000000    
Correlated systematic= 40
  
Reading file ZmumuPtY2U2Born.nml 
N meas, reaction, nsyst=   20    1   30
Center of Mass energy=      7.00
SYSTFILE:ZmumuPtY2U2Born.nml    30   1   2   3   4   5   6   7   8   9  11  12  19  20  21  22  23  50  51  52  53  54  55   0   0  59  60   0  62  63  64
SYSFILET:ZmumuPtY2U2Born.nml   1  2  3  4  5  6  7  8  9  0 10 11  0  0  0  0  0  0 12 13 14 15 16  0  0  0  0  0  0  0  0  0  0  0  0  0  0  0  0  0  0  0  0  0  0  0  0  0  0 17 18 19 20 21 22  0  0  0 25 26  0 28 29 30  0  0  0  0  0  0  0  0  0  0  0  0  0  0  0  0  0  0  0  0  0  0  0  0  0  0  0  0  0  0  0  0  0  0  0  0  0  0  0  0  0  0  0  0  0  0
Correlated systematic= 27
  
Read in   40 total  XS points
Read in   20 unique XS points
  
 Total number of SF/X-section points=          20
 Total number of SF/X-section points=          20
 Total number of SF/X-section points=          20
  
 Fitted systematics:
  
  1  corr1                              -0.0024    1.0000
  2  corr2                              -0.0043    1.0000
  3  corr3                               0.0019    1.0000
  4  corr4                               0.0822    0.9958
  5  corr5                               0.0346    0.9997
  6  corr6                              -0.0014    0.9999
  7  corr7                              -0.0022    1.0000
  8  corr8                               0.0033    1.0000
  9  corr9                               0.0707    0.9990
 10  corr10                             -0.0000    1.0000
 11  corr11                              0.0135    0.9992
 12  corr12                             -0.0000    1.0000
 13  corr13                             -0.0000    1.0000
 14  corr14                             -0.0000    1.0000
 15  corr15                             -0.0000    1.0000
 16  corr16                             -0.0000    1.0000
 17  corr17                             -0.0000    1.0000
 18  corr18                             -0.0000    1.0000
 19  corr19                             -0.0595    0.9443
 20  corr20                             -0.0015    1.0000
 21  corr21                             -1.1694    0.8371
 22  corr22                              0.6579    0.6036
 23  corr23                             -0.0831    0.9990
 24  corr24                             -0.0000    1.0000
 25  corr25                              0.8746    0.7103
 26  corr26                              0.0150    0.9964
 27  corr27                             -0.1018    0.9714
 28  corr28                             -0.0034    0.9923
 29  corr29                             -0.1179    0.9800
 30  corr30                              0.1617    0.9944
 31  corr31                             -0.0496    0.9753
 32  corr32                              0.0538    0.9941
 33  corr33                              0.1096    0.9764
 34  corr34                             -0.0221    0.9725
 35  corr35                              0.0204    0.9941
 36  corr36                             -0.0088    0.9997
 37  corr37                             -0.0000    1.0000
 38  corr38                             -0.4891    0.8740
 39  corr39                             -0.0000    1.0000
 40  corr40                             -0.0000    1.0000
 41  corr41                              0.5670    0.9551
 42  corr42                             -0.0000    1.0000
 43  corr43                             -0.0000    1.0000
 44  corr44                             -0.0000    1.0000
 45  corr45                             -0.0000    1.0000
 46  corr46                             -0.0000    1.0000
 47  corr47                             -0.0000    1.0000
 48  corr48                             -0.0000    1.0000
 49  corr49                             -0.0000    1.0000
 50  corr50                              0.2436    0.9057
 51  corr51                             -0.3500    0.9401
 52  corr52                             -0.7063    0.9184
 53  corr53                             -0.3355    0.9734
 54  corr54                              0.4082    0.9692
 55  corr55                             -0.5146    0.8268
 56  corr56                             -0.0000    1.0000
 57  corr57                             -0.0000    1.0000
 58  corr58                             -0.0000    1.0000
 59  corr59                             -0.3180    0.9919
 60  corr60                              0.0459    0.9985
 61  corr61                             -0.0000    1.0000
 62  corr62                              0.2085    0.9934
 63  corr63                             -0.3737    0.9574
 64  corr64                             -0.0547    0.9790
 65  corr65                             -0.5420    0.6648
 66  corr66                             -0.0000    1.0000
 67  corr67                             -0.0408    0.9991
 68  corr68                              0.1503    0.9963
 69  corr69                             -0.1297    0.9962
 70  corr70                             -0.0000    1.0000
 71  corr71                             -0.2035    0.9883
 72  corr72                              0.0203    0.9891
 73  corr73                             -0.0000    1.0000
 74  corr74                             -0.0000    1.0000
 75  corr75                             -0.0000    1.0000
 76  corr76                             -0.0000    1.0000
 77  corr77                             -0.0000    1.0000
 78  corr78                             -0.0000    1.0000
 79  corr79                             -0.0000    1.0000
 80  corr80                             -0.0000    1.0000
 81  corr81                             -0.0000    1.0000
 82  corr82                             -0.0000    1.0000
 83  corr83                             -0.0000    1.0000
 84  corr84                             -0.0000    1.0000
 85  corr85                             -0.0000    1.0000
 86  corr86                             -0.0000    1.0000
 87  corr87                             -0.0000    1.0000
 88  corr88                             -0.0000    1.0000
 89  corr89                             -0.0000    1.0000
 90  corr90                             -0.0000    1.0000
 91  corr91                             -0.0000    1.0000
 92  corr92                             -0.0000    1.0000
 93  corr93                             -0.0000    1.0000
 94  corr94                             -0.0000    1.0000
 95  corr95                             -0.0000    1.0000
 96  corr96                             -0.0000    1.0000
 97  corr97                             -0.0000    1.0000
 98  corr98                             -0.0000    1.0000
 99  corr99                             -0.0000    1.0000
  
 Output F2:
  
  
 Reaction =     1
  
      Q2         X         Y      X-sect   E-Uncor    E-Corr   E-Total
   20.0000    1.0000    2.8571    3.2186    0.0121    0.0280    0.0305
   20.0000    3.0000    0.9524    6.6765    0.0169    0.0392    0.0427
   20.0000    5.0000    0.5714    6.7374    0.0177    0.0414    0.0450
   20.0000    7.0000    0.4082    5.8721    0.0165    0.0331    0.0369
   20.0000    9.0000    0.3175    4.8631    0.0152    0.0271    0.0311
   20.0000   11.5000    0.2484    3.8929    0.0102    0.0216    0.0238
   20.0000   14.5000    0.1970    2.9950    0.0088    0.0167    0.0189
   20.0000   18.0000    0.1587    2.2662    0.0063    0.0131    0.0145
   20.0000   22.5000    0.1270    1.6261    0.0045    0.0094    0.0104
   20.0000   27.5000    0.1039    1.1629    0.0038    0.0070    0.0080
   20.0000   33.5000    0.0853    0.8094    0.0026    0.0051    0.0057
   20.0000   41.0000    0.0697    0.5488    0.0020    0.0037    0.0042
   20.0000   50.0000    0.0571    0.3566    0.0014    0.0025    0.0029
   20.0000   60.0000    0.0476    0.2303    0.0012    0.0017    0.0020
   20.0000   70.0000    0.0408    0.1531    0.0010    0.0011    0.0015
   20.0000   80.0000    0.0357    0.1032    0.0008    0.0007    0.0011
   20.0000   95.0000    0.0301    0.0580    0.0004    0.0004    0.0006
   20.0000  127.5000    0.0224    0.0224    0.0001    0.0002    0.0002
   20.0000  175.0000    0.0163    0.0063    0.0001    0.0000    0.0001
   20.0000  550.0000    0.0052    0.0003    0.0000    0.0000    0.0000
  
Chi2 EXCLUDING systematics=   23.9965
  
TOTAL Chi2/ndf= 29/20
  
