 -----------------------------------------------------------------------------------
     Initiating Linear Average With Systematic UncertaInTies  program
  
  Version of Thu Sep 10 2009 
  
 -----------------------------------------------------------------------------------
Read F2 from   2 files
 Leave CMS energy per experiment unmodified
 LSqrtStat = True,  rescale stat. and uncorr errors separately
 LSqrtStat2 = false, ignore syst. bias for stat. errors
 LConstStat = False
 Average  data from the same dataset swimming to the same x,Q^2
 Use relative syst. errors= F
  
 Q2 grid=   20.0000000       43.0000000       36.0000000       6.00000000       3.00000000       12.0000000    
  
Reading file ZeePtY1U2Born.nml 
N meas, reaction, nsyst=   20    1   45
Center of Mass energy=      7.00
SYSTFILE:  ZeePtY1U2Born.nml    45   1   2   3   4   5   6   7   8   9  11  12  19  20  21  22  23  25  26  27  28  29  30  31  32  33  34  35  36  37  38   0   0  41  42   0  62  63   0  65   0  67  68   0  70  71
SYSFILET:  ZeePtY1U2Born.nml   1  2  3  4  5  6  7  8  9  0 10 11  0  0  0  0  0  0 12 13 14 15 16  0 17 18 19 20 21 22 23 24 25 26 27 28 29 30  0  0 33 34  0  0  0  0  0  0  0  0  0  0  0  0  0  0  0  0  0  0  0 36 37  0 39  0 41 42  0 44 45  0  0  0  0  0  0  0  0  0  0  0  0  0  0  0  0  0  0  0  0  0  0  0  0  0  0  0  0  0  0  0  0  0  0  0  0  0  0  0
 Got new CME   7.00000000    
Correlated systematic= 39
  
Reading file ZmumuPtY1U2Born.nml 
N meas, reaction, nsyst=   20    1   30
Center of Mass energy=      7.00
SYSTFILE:ZmumuPtY1U2Born.nml    30   1   2   3   4   5   6   7   8   9  11  12  19  20  21  22  23  50  51  52  53  54  55   0   0  59  60   0  62  63  64
SYSFILET:ZmumuPtY1U2Born.nml   1  2  3  4  5  6  7  8  9  0 10 11  0  0  0  0  0  0 12 13 14 15 16  0  0  0  0  0  0  0  0  0  0  0  0  0  0  0  0  0  0  0  0  0  0  0  0  0  0 17 18 19 20 21 22  0  0  0 25 26  0 28 29 30  0  0  0  0  0  0  0  0  0  0  0  0  0  0  0  0  0  0  0  0  0  0  0  0  0  0  0  0  0  0  0  0  0  0  0  0  0  0  0  0  0  0  0  0  0  0
Correlated systematic= 27
  
Read in   40 total  XS points
Read in   20 unique XS points
  
 Total number of SF/X-section points=          20
 Total number of SF/X-section points=          20
 Total number of SF/X-section points=          20
  
 Fitted systematics:
  
  1  corr1                               0.0033    1.0000
  2  corr2                              -0.0031    1.0000
  3  corr3                              -0.0058    1.0000
  4  corr4                               0.0249    0.9974
  5  corr5                               0.0085    0.9997
  6  corr6                               0.0151    0.9999
  7  corr7                              -0.0004    1.0000
  8  corr8                              -0.0048    1.0000
  9  corr9                               0.0055    0.9989
 10  corr10                             -0.0000    1.0000
 11  corr11                             -0.0373    0.9983
 12  corr12                             -0.0000    1.0000
 13  corr13                             -0.0000    1.0000
 14  corr14                             -0.0000    1.0000
 15  corr15                             -0.0000    1.0000
 16  corr16                             -0.0000    1.0000
 17  corr17                             -0.0000    1.0000
 18  corr18                             -0.0000    1.0000
 19  corr19                             -0.1679    0.9697
 20  corr20                              0.0014    1.0000
 21  corr21                              0.2063    0.9108
 22  corr22                             -0.2059    0.7263
 23  corr23                              0.0042    0.9993
 24  corr24                             -0.0000    1.0000
 25  corr25                              0.5125    0.7773
 26  corr26                             -0.0851    0.9961
 27  corr27                             -0.1985    0.9854
 28  corr28                              0.1319    0.9923
 29  corr29                              0.1165    0.9873
 30  corr30                             -0.0992    0.9971
 31  corr31                             -0.1364    0.9890
 32  corr32                             -0.0650    0.9950
 33  corr33                              0.2861    0.9742
 34  corr34                              0.1257    0.9853
 35  corr35                             -0.0261    0.9970
 36  corr36                              0.0012    1.0000
 37  corr37                             -0.0000    1.0000
 38  corr38                              0.2765    0.9203
 39  corr39                             -0.0000    1.0000
 40  corr40                             -0.0000    1.0000
 41  corr41                             -0.0914    0.9390
 42  corr42                             -0.0000    1.0000
 43  corr43                             -0.0000    1.0000
 44  corr44                             -0.0000    1.0000
 45  corr45                             -0.0000    1.0000
 46  corr46                             -0.0000    1.0000
 47  corr47                             -0.0000    1.0000
 48  corr48                             -0.0000    1.0000
 49  corr49                             -0.0000    1.0000
 50  corr50                             -0.1396    0.8995
 51  corr51                             -0.0506    0.9272
 52  corr52                              0.2017    0.9243
 53  corr53                             -0.2564    0.9741
 54  corr54                              0.3441    0.9471
 55  corr55                             -0.2520    0.7966
 56  corr56                             -0.0000    1.0000
 57  corr57                             -0.0000    1.0000
 58  corr58                             -0.0000    1.0000
 59  corr59                             -0.1204    0.9916
 60  corr60                             -0.0686    0.9984
 61  corr61                             -0.0000    1.0000
 62  corr62                             -0.1514    0.9765
 63  corr63                             -0.2224    0.9770
 64  corr64                              0.3625    0.9766
 65  corr65                              0.4889    0.6871
 66  corr66                             -0.0000    1.0000
 67  corr67                             -0.0754    0.9945
 68  corr68                              0.0114    0.9951
 69  corr69                             -0.0000    1.0000
 70  corr70                             -0.1333    0.9870
 71  corr71                              0.1310    0.9851
 72  corr72                             -0.0000    1.0000
 73  corr73                             -0.0000    1.0000
 74  corr74                             -0.0000    1.0000
 75  corr75                             -0.0000    1.0000
 76  corr76                             -0.0000    1.0000
 77  corr77                             -0.0000    1.0000
 78  corr78                             -0.0000    1.0000
 79  corr79                             -0.0000    1.0000
 80  corr80                             -0.0000    1.0000
 81  corr81                             -0.0000    1.0000
 82  corr82                             -0.0000    1.0000
 83  corr83                             -0.0000    1.0000
 84  corr84                             -0.0000    1.0000
 85  corr85                             -0.0000    1.0000
 86  corr86                             -0.0000    1.0000
 87  corr87                             -0.0000    1.0000
 88  corr88                             -0.0000    1.0000
 89  corr89                             -0.0000    1.0000
 90  corr90                             -0.0000    1.0000
 91  corr91                             -0.0000    1.0000
 92  corr92                             -0.0000    1.0000
 93  corr93                             -0.0000    1.0000
 94  corr94                             -0.0000    1.0000
 95  corr95                             -0.0000    1.0000
 96  corr96                             -0.0000    1.0000
 97  corr97                             -0.0000    1.0000
 98  corr98                             -0.0000    1.0000
 99  corr99                             -0.0000    1.0000
  
 Output F2:
  
  
 Reaction =     1
  
      Q2         X         Y      X-sect   E-Uncor    E-Corr   E-Total
   20.0000    1.0000    2.8571    3.2574    0.0120    0.0287    0.0311
   20.0000    3.0000    0.9524    6.7080    0.0170    0.0414    0.0447
   20.0000    5.0000    0.5714    6.7142    0.0173    0.0407    0.0443
   20.0000    7.0000    0.4082    5.8861    0.0163    0.0329    0.0367
   20.0000    9.0000    0.3175    4.9260    0.0149    0.0307    0.0341
   20.0000   11.5000    0.2484    3.9187    0.0098    0.0217    0.0238
   20.0000   14.5000    0.1970    3.0192    0.0086    0.0176    0.0196
   20.0000   18.0000    0.1587    2.2796    0.0062    0.0136    0.0150
   20.0000   22.5000    0.1270    1.6447    0.0043    0.0103    0.0111
   20.0000   27.5000    0.1039    1.1723    0.0037    0.0072    0.0081
   20.0000   33.5000    0.0853    0.8242    0.0026    0.0054    0.0060
   20.0000   41.0000    0.0697    0.5552    0.0019    0.0039    0.0044
   20.0000   50.0000    0.0571    0.3656    0.0014    0.0028    0.0031
   20.0000   60.0000    0.0476    0.2329    0.0012    0.0018    0.0022
   20.0000   70.0000    0.0408    0.1552    0.0009    0.0012    0.0015
   20.0000   80.0000    0.0357    0.1033    0.0008    0.0008    0.0011
   20.0000   95.0000    0.0301    0.0594    0.0004    0.0004    0.0006
   20.0000  127.5000    0.0224    0.0227    0.0002    0.0002    0.0002
   20.0000  175.0000    0.0163    0.0065    0.0001    0.0000    0.0001
   20.0000  550.0000    0.0052    0.0003    0.0000    0.0000    0.0000
  
Chi2 EXCLUDING systematics=   10.0382
  
TOTAL Chi2/ndf= 11/20
  
