 -----------------------------------------------------------------------------------
     Initiating Linear Average With Systematic UncertaInTies  program
  
  Version of Thu Sep 10 2009 
  
 -----------------------------------------------------------------------------------
Read F2 from   2 files
 Leave CMS energy per experiment unmodified
 LSqrtStat = True,  rescale stat. and uncorr errors separately
 LSqrtStat2 = false, ignore syst. bias for stat. errors
 LConstStat = False
 Average  data from the same dataset swimming to the same x,Q^2
 Use relative syst. errors= F
  
 Q2 grid=   36.000000    
  
Reading file inputdata/ZeePhiStar_born_peakmass_y2024.nml 
N meas, reaction, nsyst=   36    1   23
Center of Mass energy=      7.00
SYSTFILE:inputdata/ZeePhiStar   23   1   2   3   4   5   6   7   8   9  10  11  12  13  14  15  16  17  18  19  20  21  22   0
SYSFILET:inputdata/ZeePhiStar  1  2  3  4  5  6  7  8  9 10 11 12 13 14 15 16 17 18 19 20 21 22  0  0  0  0  0  0  0  0  0  0  0  0  0  0  0  0  0  0  0  0  0  0  0  0  0  0  0  0  0  0  0  0  0  0  0  0  0  0  0  0  0  0  0  0  0  0  0  0  0  0  0  0  0  0  0  0  0  0  0  0  0  0  0  0  0  0  0  0  0  0  0  0  0  0  0  0  0  0  0  0  0  0  0  0  0  0  0  0
 Got new CME   7.0000000    
Correlated systematic= 22
  
Reading file inputdata/ZmmPhiStar_born_peakmass_y2024.nml 
N meas, reaction, nsyst=   36    1   30
Center of Mass energy=      7.00
SYSTFILE:inputdata/ZmmPhiStar   30   1   2   3   4   5   6   7   8   9  11  12  19  20  21  22  23  50  51  52  53  54  55   0   0  59  60   0  62  63  64
SYSFILET:inputdata/ZmmPhiStar  1  2  3  4  5  6  7  8  9  0 10 11  0  0  0  0  0  0 12 13 14 15 16  0  0  0  0  0  0  0  0  0  0  0  0  0  0  0  0  0  0  0  0  0  0  0  0  0  0 17 18 19 20 21 22  0  0  0 25 26  0 28 29 30  0  0  0  0  0  0  0  0  0  0  0  0  0  0  0  0  0  0  0  0  0  0  0  0  0  0  0  0  0  0  0  0  0  0  0  0  0  0  0  0  0  0  0  0  0  0
Correlated systematic= 27
  
Read in   72 total  XS points
Read in   36 unique XS points
  
 Total number of SF/X-section points=          36
 Total number of SF/X-section points=          36
 Total number of SF/X-section points=          36
  
 Fitted systematics:
  
  1  corr1                               0.0011    1.0000
  2  corr2                              -0.0123    1.0000
  3  corr3                              -0.0109    1.0000
  4  corr4                              -0.0160    0.9997
  5  corr5                              -0.0000    1.0000
  6  corr6                              -0.0136    1.0000
  7  corr7                              -0.0099    1.0000
  8  corr8                               0.0009    1.0000
  9  corr9                               0.0046    0.9998
 10  corr10                              0.1295    0.9957
 11  corr11                              0.1913    0.9339
 12  corr12                             -0.0910    0.9987
 13  corr13                              0.1542    0.9725
 14  corr14                              0.3135    0.8816
 15  corr15                              0.3104    0.8337
 16  corr16                             -0.0000    1.0000
 17  corr17                              0.1745    0.9916
 18  corr18                              0.3566    0.9903
 19  corr19                             -0.2675    0.9207
 20  corr20                             -0.0164    0.9999
 21  corr21                             -1.2214    0.9496
 22  corr22                             -0.0064    0.7634
 23  corr23                             -0.0046    0.9997
 24  corr24                             -0.0000    1.0000
 25  corr25                             -0.0000    1.0000
 26  corr26                             -0.0000    1.0000
 27  corr27                             -0.0000    1.0000
 28  corr28                             -0.0000    1.0000
 29  corr29                             -0.0000    1.0000
 30  corr30                             -0.0000    1.0000
 31  corr31                             -0.0000    1.0000
 32  corr32                             -0.0000    1.0000
 33  corr33                             -0.0000    1.0000
 34  corr34                             -0.0000    1.0000
 35  corr35                             -0.0000    1.0000
 36  corr36                             -0.0000    1.0000
 37  corr37                             -0.0000    1.0000
 38  corr38                             -0.0000    1.0000
 39  corr39                             -0.0000    1.0000
 40  corr40                             -0.0000    1.0000
 41  corr41                             -0.0000    1.0000
 42  corr42                             -0.0000    1.0000
 43  corr43                             -0.0000    1.0000
 44  corr44                             -0.0000    1.0000
 45  corr45                             -0.0000    1.0000
 46  corr46                             -0.0000    1.0000
 47  corr47                             -0.0000    1.0000
 48  corr48                             -0.0000    1.0000
 49  corr49                             -0.0000    1.0000
 50  corr50                             -0.0340    0.9987
 51  corr51                             -0.0512    0.9931
 52  corr52                             -0.1660    0.9809
 53  corr53                              0.0884    0.9977
 54  corr54                             -0.0000    1.0000
 55  corr55                             -0.0122    0.9978
 56  corr56                             -0.0000    1.0000
 57  corr57                             -0.0000    1.0000
 58  corr58                             -0.0000    1.0000
 59  corr59                             -0.1003    0.9949
 60  corr70                             -0.0188    0.9995
 61  corr61                             -0.0000    1.0000
 62  corr62                             -0.0000    1.0000
 63  corr63                             -0.0000    1.0000
 64  corr64                              0.0610    0.9929
 65  corr65                             -0.0000    1.0000
 66  corr66                             -0.0000    1.0000
 67  corr67                             -0.0000    1.0000
 68  corr68                             -0.0000    1.0000
 69  corr69                             -0.0000    1.0000
 70                                     -0.0000    1.0000
 71  corr71                             -0.0000    1.0000
 72  corr72                             -0.0000    1.0000
 73  corr73                             -0.0000    1.0000
 74  corr74                             -0.0000    1.0000
 75  corr75                             -0.0000    1.0000
 76  corr76                             -0.0000    1.0000
 77  corr77                             -0.0000    1.0000
 78  corr78                             -0.0000    1.0000
 79  corr79                             -0.0000    1.0000
 80  corr80                             -0.0000    1.0000
 81  corr81                             -0.0000    1.0000
 82  corr82                             -0.0000    1.0000
 83  corr83                             -0.0000    1.0000
 84  corr84                             -0.0000    1.0000
 85  corr85                             -0.0000    1.0000
 86  corr86                             -0.0000    1.0000
 87  corr87                             -0.0000    1.0000
 88  corr88                             -0.0000    1.0000
 89  corr89                             -0.0000    1.0000
 90  corr90                             -0.0000    1.0000
 91  corr91                             -0.0000    1.0000
 92  corr92                             -0.0000    1.0000
 93  corr93                             -0.0000    1.0000
 94  corr94                             -0.0000    1.0000
 95  corr95                             -0.0000    1.0000
 96  corr96                             -0.0000    1.0000
 97  corr97                             -0.0000    1.0000
 98  corr98                             -0.0000    1.0000
 99  corr99                             -0.0000    1.0000
  
 Output F2:
  
  
 Reaction =     1
  
      Q2         X         Y      X-sect   E-Uncor    E-Corr   E-Total
   36.0000    0.0020 2571.4285    9.4172    0.0628    0.0215    0.0664
   36.0000    0.0060  857.1429    9.3030    0.0642    0.0207    0.0675
   36.0000    0.0100  514.2857    9.0841    0.0622    0.0205    0.0655
   36.0000    0.0140  367.3469    8.9914    0.0614    0.0201    0.0646
   36.0000    0.0180  285.7143    8.5105    0.0608    0.0192    0.0637
   36.0000    0.0220  233.7662    8.2362    0.0593    0.0197    0.0625
   36.0000    0.0265  194.0701    7.8909    0.0523    0.0192    0.0557
   36.0000    0.0315  163.2653    7.2672    0.0498    0.0165    0.0525
   36.0000    0.0365  140.9002    6.8429    0.0496    0.0150    0.0518
   36.0000    0.0420  122.4490    6.4574    0.0425    0.0144    0.0449
   36.0000    0.0480  107.1429    5.8070    0.0404    0.0127    0.0423
   36.0000    0.0540   95.2381    5.3662    0.0391    0.0114    0.0407
   36.0000    0.0605   85.0059    4.9185    0.0347    0.0068    0.0353
   36.0000    0.0680   75.6302    4.4517    0.0302    0.0062    0.0309
   36.0000    0.0765   67.2269    3.9723    0.0278    0.0062    0.0285
   36.0000    0.0860   59.8007    3.5390    0.0245    0.0052    0.0251
   36.0000    0.0965   53.2939    3.1316    0.0220    0.0044    0.0224
   36.0000    0.1080   47.6190    2.7701    0.0201    0.0039    0.0205
   36.0000    0.1210   42.5030    2.4082    0.0177    0.0046    0.0183
   36.0000    0.1365   37.6766    2.0427    0.0142    0.0040    0.0147
   36.0000    0.1550   33.1797    1.7302    0.0122    0.0034    0.0127
   36.0000    0.1770   29.0557    1.4455    0.0105    0.0029    0.0109
   36.0000    0.2040   25.2101    1.1490    0.0079    0.0023    0.0083
   36.0000    0.2385   21.5633    0.8848    0.0061    0.0018    0.0063
   36.0000    0.2850   18.0451    0.6464    0.0046    0.0018    0.0050
   36.0000    0.3515   14.6312    0.4355    0.0031    0.0012    0.0033
   36.0000    0.4575   11.2412    0.2536    0.0018    0.0007    0.0019
   36.0000    0.6095    8.4378    0.1325    0.0011    0.0004    0.0012
   36.0000    0.8065    6.3768    0.0608    0.0007    0.0002    0.0007
   36.0000    1.0355    4.9665    0.0291    0.0004    0.0001    0.0005
   36.0000    1.3245    3.8829    0.0130    0.0002    0.0001    0.0003
   36.0000    1.7215    2.9874    0.0049    0.0001    0.0000    0.0001
   36.0000    2.2345    2.3016    0.0017    0.0001    0.0000    0.0001
   36.0000    2.8995    1.7737    0.0006    0.0000    0.0000    0.0000
   36.0000    4.1385    1.2427    0.0002    0.0000    0.0000    0.0000
   36.0000    7.5000    0.6857    0.0000    0.0000    0.0000    0.0000
  
Chi2 EXCLUDING systematics=   41.3948
  
TOTAL Chi2/ndf=   43.4505/  36
  
