 -----------------------------------------------------------------------------------
     Initiating Linear Average With Systematic UncertaInTies  program
  
  Version of Thu Sep 10 2009 
  
 -----------------------------------------------------------------------------------
Read F2 from   2 files
 Leave CMS energy per experiment unmodified
 LSqrtStat = True,  rescale stat. and uncorr errors separately
 LSqrtStat2 = false, ignore syst. bias for stat. errors
 LConstStat = False
 Average  data from the same dataset swimming to the same x,Q^2
 Use relative syst. errors= F
  
 Q2 grid=   20.0000000       43.0000000       36.0000000       6.00000000       3.00000000       12.0000000    
  
Reading file ZeePtM3U2Born.nml 
N meas, reaction, nsyst=   20    1   45
Center of Mass energy=      7.00
SYSTFILE:  ZeePtM3U2Born.nml    45   1   2   3   4   5   6   7   8   9  11  12  19  20  21  22  23  25  26  27  28  29  30  31  32  33  34  35  36  37  38   0   0  41  42   0  62  63   0  65   0  67  68  69   0  71
SYSFILET:  ZeePtM3U2Born.nml   1  2  3  4  5  6  7  8  9  0 10 11  0  0  0  0  0  0 12 13 14 15 16  0 17 18 19 20 21 22 23 24 25 26 27 28 29 30  0  0 33 34  0  0  0  0  0  0  0  0  0  0  0  0  0  0  0  0  0  0  0 36 37  0 39  0 41 42 43  0 45  0  0  0  0  0  0  0  0  0  0  0  0  0  0  0  0  0  0  0  0  0  0  0  0  0  0  0  0  0  0  0  0  0  0  0  0  0  0  0
 Got new CME   7.00000000    
Correlated systematic= 39
  
Reading file ZmumuPtM3U2Born.nml 
N meas, reaction, nsyst=   20    1   30
Center of Mass energy=      7.00
SYSTFILE:ZmumuPtM3U2Born.nml    30   1   2   3   4   5   6   7   8   9  11  12  19  20  21  22  23  50  51  52  53  54  55   0   0  59  60   0  62  63  64
SYSFILET:ZmumuPtM3U2Born.nml   1  2  3  4  5  6  7  8  9  0 10 11  0  0  0  0  0  0 12 13 14 15 16  0  0  0  0  0  0  0  0  0  0  0  0  0  0  0  0  0  0  0  0  0  0  0  0  0  0 17 18 19 20 21 22  0  0  0 25 26  0 28 29 30  0  0  0  0  0  0  0  0  0  0  0  0  0  0  0  0  0  0  0  0  0  0  0  0  0  0  0  0  0  0  0  0  0  0  0  0  0  0  0  0  0  0  0  0  0  0
Correlated systematic= 27
  
Read in   40 total  XS points
Read in   20 unique XS points
  
 Total number of SF/X-section points=          20
 Total number of SF/X-section points=          20
 Total number of SF/X-section points=          20
  
 Fitted systematics:
  
  1  corr1                              -0.0660    0.9995
  2  corr2                               0.0052    1.0000
  3  corr3                              -0.0008    1.0000
  4  corr4                               0.5388    0.9625
  5  corr5                              -0.0171    0.9996
  6  corr6                              -0.1865    0.9985
  7  corr7                               0.0173    1.0000
  8  corr8                              -0.0005    0.9999
  9  corr9                              -0.4170    0.9864
 10  corr10                             -0.0000    1.0000
 11  corr11                             -0.0172    0.9996
 12  corr12                             -0.0000    1.0000
 13  corr13                             -0.0000    1.0000
 14  corr14                             -0.0000    1.0000
 15  corr15                             -0.0000    1.0000
 16  corr16                             -0.0000    1.0000
 17  corr17                             -0.0000    1.0000
 18  corr18                             -0.0000    1.0000
 19  corr19                              0.2676    0.9656
 20  corr20                             -0.0007    1.0000
 21  corr21                              0.0248    0.9990
 22  corr22                              0.0695    0.9287
 23  corr23                             -0.0165    0.9998
 24  corr24                             -0.0000    1.0000
 25  corr25                             -1.0896    0.7975
 26  corr26                              0.1320    0.9968
 27  corr27                              0.0455    0.9770
 28  corr28                             -0.0287    0.9950
 29  corr29                              0.0132    0.9865
 30  corr30                              0.1214    0.9896
 31  corr31                             -0.0571    0.9814
 32  corr32                             -0.0239    0.9920
 33  corr33                              0.0190    0.9876
 34  corr34                             -0.2011    0.9590
 35  corr35                              0.0330    0.9928
 36  corr36                              0.1129    0.9985
 37  corr37                             -0.0000    1.0000
 38  corr38                             -0.5972    0.8973
 39  corr39                             -0.0000    1.0000
 40  corr40                             -0.0000    1.0000
 41  corr41                              0.5140    0.9724
 42  corr42                              0.2380    0.9953
 43  corr43                             -0.0000    1.0000
 44  corr44                             -0.0000    1.0000
 45  corr45                             -0.0000    1.0000
 46  corr46                             -0.0000    1.0000
 47  corr47                             -0.0000    1.0000
 48  corr48                             -0.0000    1.0000
 49  corr49                             -0.0000    1.0000
 50  corr50                             -0.7956    0.9421
 51  corr51                             -0.1499    0.9367
 52  corr52                             -0.3450    0.7477
 53  corr53                              0.1364    0.9898
 54  corr54                             -0.0191    0.9999
 55  corr55                             -0.8411    0.9403
 56  corr56                             -0.0000    1.0000
 57  corr57                             -0.0000    1.0000
 58  corr58                             -0.0000    1.0000
 59  corr59                             -2.0741    0.8193
 60  corr60                             -0.1121    0.9992
 61  corr61                             -0.0000    1.0000
 62  corr62                             -0.4480    0.9723
 63  corr63                              0.0316    0.9985
 64  corr64                              0.3525    0.9917
 65  corr65                              1.1451    0.9187
 66  corr66                             -0.0000    1.0000
 67  corr67                              0.0060    1.0000
 68  corr68                             -0.1011    0.9992
 69  corr69                              0.0510    0.9996
 70  corr70                             -0.0000    1.0000
 71  corr71                              0.3610    0.9882
 72  corr72                             -0.0000    1.0000
 73  corr73                             -0.0000    1.0000
 74  corr74                             -0.0000    1.0000
 75  corr75                             -0.0000    1.0000
 76  corr76                             -0.0000    1.0000
 77  corr77                             -0.0000    1.0000
 78  corr78                             -0.0000    1.0000
 79  corr79                             -0.0000    1.0000
 80  corr80                             -0.0000    1.0000
 81  corr81                             -0.0000    1.0000
 82  corr82                             -0.0000    1.0000
 83  corr83                             -0.0000    1.0000
 84  corr84                             -0.0000    1.0000
 85  corr85                             -0.0000    1.0000
 86  corr86                             -0.0000    1.0000
 87  corr87                             -0.0000    1.0000
 88  corr88                             -0.0000    1.0000
 89  corr89                             -0.0000    1.0000
 90  corr90                             -0.0000    1.0000
 91  corr91                             -0.0000    1.0000
 92  corr92                             -0.0000    1.0000
 93  corr93                             -0.0000    1.0000
 94  corr94                             -0.0000    1.0000
 95  corr95                             -0.0000    1.0000
 96  corr96                             -0.0000    1.0000
 97  corr97                             -0.0000    1.0000
 98  corr98                             -0.0000    1.0000
 99  corr99                             -0.0000    1.0000
  
 Output F2:
  
  
 Reaction =     1
  
      Q2         X         Y      X-sect   E-Uncor    E-Corr   E-Total
   20.0000    1.0000    2.8571    0.1207    0.0027    0.0061    0.0067
   20.0000    3.0000    0.9524    0.2567    0.0035    0.0043    0.0055
   20.0000    5.0000    0.5714    0.2719    0.0037    0.0023    0.0044
   20.0000    7.0000    0.4082    0.2426    0.0034    0.0023    0.0041
   20.0000    9.0000    0.3175    0.2161    0.0033    0.0020    0.0039
   20.0000   11.5000    0.2484    0.1721    0.0024    0.0016    0.0029
   20.0000   14.5000    0.1970    0.1398    0.0022    0.0012    0.0025
   20.0000   18.0000    0.1587    0.1078    0.0016    0.0009    0.0018
   20.0000   22.5000    0.1270    0.0821    0.0012    0.0008    0.0014
   20.0000   27.5000    0.1039    0.0607    0.0010    0.0008    0.0013
   20.0000   33.5000    0.0853    0.0445    0.0007    0.0005    0.0009
   20.0000   41.0000    0.0697    0.0318    0.0006    0.0004    0.0007
   20.0000   50.0000    0.0571    0.0218    0.0004    0.0004    0.0006
   20.0000   60.0000    0.0476    0.0148    0.0004    0.0003    0.0005
   20.0000   70.0000    0.0408    0.0100    0.0003    0.0003    0.0004
   20.0000   80.0000    0.0357    0.0073    0.0003    0.0002    0.0003
   20.0000   95.0000    0.0301    0.0049    0.0001    0.0001    0.0002
   20.0000  127.5000    0.0224    0.0021    0.0001    0.0001    0.0001
   20.0000  175.0000    0.0163    0.0007    0.0000    0.0000    0.0000
   20.0000  550.0000    0.0052    0.0000    0.0000    0.0000    0.0000
  
Chi2 EXCLUDING systematics=   22.2008
  
TOTAL Chi2/ndf= 32/20
  
