 -----------------------------------------------------------------------------------
     Initiating Linear Average With Systematic UncertaInTies  program
  
  Version of Thu Sep 10 2009 
  
 -----------------------------------------------------------------------------------
Read F2 from   2 files
 Leave CMS energy per experiment unmodified
 LSqrtStat = True,  rescale stat. and uncorr errors separately
 LSqrtStat2 = false, ignore syst. bias for stat. errors
 LConstStat = False
 Average  data from the same dataset swimming to the same x,Q^2
 Use relative syst. errors= F
  
 Q2 grid=   36.000000    
  
Reading file inputdata/ZeePhiStar_born_lowmass_y0008.nml 
N meas, reaction, nsyst=   36    1   23
Center of Mass energy=      7.00
SYSTFILE:inputdata/ZeePhiStar   23   1   2   3   4   5   6   7   8   9  10  11  12  13  14  15  16  17  18  19  20  21  22   0
SYSFILET:inputdata/ZeePhiStar  1  2  3  4  5  6  7  8  9 10 11 12 13 14 15 16 17 18 19 20 21 22  0  0  0  0  0  0  0  0  0  0  0  0  0  0  0  0  0  0  0  0  0  0  0  0  0  0  0  0  0  0  0  0  0  0  0  0  0  0  0  0  0  0  0  0  0  0  0  0  0  0  0  0  0  0  0  0  0  0  0  0  0  0  0  0  0  0  0  0  0  0  0  0  0  0  0  0  0  0  0  0  0  0  0  0  0  0  0  0
 Got new CME   7.0000000    
Correlated systematic= 22
  
Reading file inputdata/ZmmPhiStar_born_lowmass_y0008.nml 
N meas, reaction, nsyst=   36    1   30
Center of Mass energy=      7.00
SYSTFILE:inputdata/ZmmPhiStar   30   1   2   3   4   5   6   7   8   9  11  12  19  20  21  22  23  50  51  52  53  54  55   0   0  59  60   0  62  63  64
SYSFILET:inputdata/ZmmPhiStar  1  2  3  4  5  6  7  8  9  0 10 11  0  0  0  0  0  0 12 13 14 15 16  0  0  0  0  0  0  0  0  0  0  0  0  0  0  0  0  0  0  0  0  0  0  0  0  0  0 17 18 19 20 21 22  0  0  0 25 26  0 28 29 30  0  0  0  0  0  0  0  0  0  0  0  0  0  0  0  0  0  0  0  0  0  0  0  0  0  0  0  0  0  0  0  0  0  0  0  0  0  0  0  0  0  0  0  0  0  0
Correlated systematic= 27
  
Read in   72 total  XS points
Read in   36 unique XS points
  
 Total number of SF/X-section points=          36
 Total number of SF/X-section points=          36
 Total number of SF/X-section points=          36
  
 Fitted systematics:
  
  1  corr1                               0.0079    0.9998
  2  corr2                               0.0005    1.0000
  3  corr3                              -0.0005    1.0000
  4  corr4                              -0.0285    0.9977
  5  corr5                              -0.0000    1.0000
  6  corr6                              -0.1582    0.9957
  7  corr7                              -0.0124    0.9994
  8  corr8                              -0.0222    0.9999
  9  corr9                              -0.2145    0.9633
 10  corr10                             -0.0261    0.9265
 11  corr11                              0.8721    0.8432
 12  corr12                             -0.0708    0.9988
 13  corr13                             -0.1104    0.9961
 14  corr14                             -0.1208    0.9954
 15  corr15                             -0.5110    0.9147
 16  corr16                              0.0008    0.9997
 17  corr17                             -0.0263    0.9554
 18  corr18                             -0.2185    0.9092
 19  corr19                             -0.6376    0.8776
 20  corr20                             -0.2715    0.9838
 21  corr21                             -0.4538    0.9911
 22  corr22                             -0.2957    0.8768
 23  corr23                             -0.0000    1.0000
 24  corr24                             -0.0000    1.0000
 25  corr25                             -0.0000    1.0000
 26  corr26                             -0.0000    1.0000
 27  corr27                             -0.0000    1.0000
 28  corr28                             -0.0000    1.0000
 29  corr29                             -0.0000    1.0000
 30  corr30                             -0.0000    1.0000
 31  corr31                             -0.0000    1.0000
 32  corr32                             -0.0000    1.0000
 33  corr33                             -0.0000    1.0000
 34  corr34                             -0.0000    1.0000
 35  corr35                             -0.0000    1.0000
 36  corr36                             -0.0000    1.0000
 37  corr37                             -0.0000    1.0000
 38  corr38                             -0.0000    1.0000
 39  corr39                             -0.0000    1.0000
 40  corr40                             -0.0000    1.0000
 41  corr41                             -0.0000    1.0000
 42  corr42                             -0.0000    1.0000
 43  corr43                             -0.0000    1.0000
 44  corr44                             -0.0000    1.0000
 45  corr45                             -0.0000    1.0000
 46  corr46                             -0.0000    1.0000
 47  corr47                             -0.0000    1.0000
 48  corr48                             -0.0000    1.0000
 49  corr49                             -0.0000    1.0000
 50  corr50                             -0.0051    1.0000
 51  corr51                             -0.0215    0.9901
 52  corr52                              0.0221    0.9642
 53  corr53                             -0.0545    0.9942
 54  corr54                             -0.2129    0.9872
 55  corr55                              0.0901    0.9913
 56  corr56                             -0.0000    1.0000
 57  corr57                             -0.0000    1.0000
 58  corr58                             -0.0000    1.0000
 59  corr59                             -1.1950    0.6276
 60  corr70                             -0.0048    1.0000
 61  corr61                             -0.0000    1.0000
 62  corr62                             -0.0000    1.0000
 63  corr63                             -0.0000    1.0000
 64  corr64                             -0.0055    0.9998
 65  corr65                             -0.0000    1.0000
 66  corr66                             -0.0000    1.0000
 67  corr67                             -0.0000    1.0000
 68  corr68                             -0.0000    1.0000
 69  corr69                             -0.0000    1.0000
 70                                     -0.0000    1.0000
 71  corr71                             -0.0000    1.0000
 72  corr72                             -0.0000    1.0000
 73  corr73                             -0.0000    1.0000
 74  corr74                             -0.0000    1.0000
 75  corr75                             -0.0000    1.0000
 76  corr76                             -0.0000    1.0000
 77  corr77                             -0.0000    1.0000
 78  corr78                             -0.0000    1.0000
 79  corr79                             -0.0000    1.0000
 80  corr80                             -0.0000    1.0000
 81  corr81                             -0.0000    1.0000
 82  corr82                             -0.0000    1.0000
 83  corr83                             -0.0000    1.0000
 84  corr84                             -0.0000    1.0000
 85  corr85                             -0.0000    1.0000
 86  corr86                             -0.0000    1.0000
 87  corr87                             -0.0000    1.0000
 88  corr88                             -0.0000    1.0000
 89  corr89                             -0.0000    1.0000
 90  corr90                             -0.0000    1.0000
 91  corr91                             -0.0000    1.0000
 92  corr92                             -0.0000    1.0000
 93  corr93                             -0.0000    1.0000
 94  corr94                             -0.0000    1.0000
 95  corr95                             -0.0000    1.0000
 96  corr96                             -0.0000    1.0000
 97  corr97                             -0.0000    1.0000
 98  corr98                             -0.0000    1.0000
 99  corr99                             -0.0000    1.0000
  
 Output F2:
  
  
 Reaction =     1
  
      Q2         X         Y      X-sect   E-Uncor    E-Corr   E-Total
   36.0000    0.0020 2571.4285    7.2481    0.1191    0.3831    0.4012
   36.0000    0.0060  857.1429    7.2580    0.1186    0.1650    0.2032
   36.0000    0.0100  514.2857    7.1412    0.1178    0.1235    0.1706
   36.0000    0.0140  367.3469    6.9805    0.1159    0.1048    0.1562
   36.0000    0.0180  285.7143    6.8612    0.1133    0.0958    0.1484
   36.0000    0.0220  233.7662    6.6934    0.1136    0.0906    0.1453
   36.0000    0.0265  194.0701    6.3983    0.0992    0.0783    0.1263
   36.0000    0.0315  163.2653    6.0621    0.0971    0.0728    0.1214
   36.0000    0.0365  140.9002    5.9194    0.0965    0.0693    0.1189
   36.0000    0.0420  122.4490    5.5440    0.0850    0.0625    0.1055
   36.0000    0.0480  107.1429    5.3513    0.0836    0.0613    0.1036
   36.0000    0.0540   95.2381    5.0034    0.0794    0.0570    0.0978
   36.0000    0.0605   85.0059    4.5975    0.0696    0.0554    0.0889
   36.0000    0.0680   75.6302    4.2449    0.0629    0.0506    0.0807
   36.0000    0.0765   67.2269    3.8662    0.0559    0.0467    0.0728
   36.0000    0.0860   59.8007    3.5803    0.0531    0.0445    0.0693
   36.0000    0.0965   53.2939    3.2396    0.0466    0.0400    0.0614
   36.0000    0.1080   47.6190    2.8439    0.0410    0.0354    0.0542
   36.0000    0.1210   42.5030    2.5354    0.0358    0.0235    0.0429
   36.0000    0.1365   37.6766    2.1726    0.0297    0.0202    0.0359
   36.0000    0.1550   33.1797    1.8114    0.0250    0.0168    0.0302
   36.0000    0.1770   29.0557    1.4971    0.0208    0.0144    0.0253
   36.0000    0.2040   25.2101    1.2136    0.0173    0.0113    0.0207
   36.0000    0.2385   21.5633    0.9431    0.0126    0.0091    0.0155
   36.0000    0.2850   18.0451    0.6975    0.0091    0.0120    0.0151
   36.0000    0.3515   14.6312    0.4769    0.0063    0.0081    0.0103
   36.0000    0.4575   11.2412    0.2947    0.0038    0.0052    0.0064
   36.0000    0.6095    8.4378    0.1765    0.0026    0.0034    0.0043
   36.0000    0.8065    6.3768    0.1008    0.0018    0.0020    0.0027
   36.0000    1.0355    4.9665    0.0598    0.0014    0.0014    0.0020
   36.0000    1.3245    3.8829    0.0330    0.0010    0.0011    0.0014
   36.0000    1.7215    2.9874    0.0170    0.0006    0.0005    0.0008
   36.0000    2.2345    2.3016    0.0094    0.0004    0.0003    0.0005
   36.0000    2.8995    1.7737    0.0045    0.0002    0.0002    0.0003
   36.0000    4.1385    1.2427    0.0023    0.0001    0.0001    0.0001
   36.0000    7.5000    0.6857    0.0005    0.0000    0.0000    0.0000
  
Chi2 EXCLUDING systematics=   30.5761
  
TOTAL Chi2/ndf=   34.0104/  36
  
