 -----------------------------------------------------------------------------------
     Initiating Linear Average With Systematic UncertaInTies  program
  
  Version of Thu Sep 10 2009 
  
 -----------------------------------------------------------------------------------
Read F2 from   2 files
 Leave CMS energy per experiment unmodified
 LSqrtStat = True,  rescale stat. and uncorr errors separately
 LSqrtStat2 = false, ignore syst. bias for stat. errors
 LConstStat = False
 Average  data from the same dataset swimming to the same x,Q^2
 Use relative syst. errors= F
  
 Q2 grid=   20.0000000       43.0000000       36.0000000       6.00000000       3.00000000       12.0000000    
  
Reading file ZeePtY5U2BornNorm.nml 
N meas, reaction, nsyst=   20    1   47
Center of Mass energy=      7.00
SYSTFILE:ZeePtY5U2BornNorm.nm   47   1   2   3   4   5   6   7   8   9  11  12  19  20  21  22  23  25  26  27  28  29  30  31  32  33  34  35  36  37  38   0   0  41  42   0  62  63   0  65   0  67  68  69   0  71  72  73
SYSFILET:ZeePtY5U2BornNorm.nm  1  2  3  4  5  6  7  8  9  0 10 11  0  0  0  0  0  0 12 13 14 15 16  0 17 18 19 20 21 22 23 24 25 26 27 28 29 30  0  0 33 34  0  0  0  0  0  0  0  0  0  0  0  0  0  0  0  0  0  0  0 36 37  0 39  0 41 42 43  0 45 46 47  0  0  0  0  0  0  0  0  0  0  0  0  0  0  0  0  0  0  0  0  0  0  0  0  0  0  0  0  0  0  0  0  0  0  0  0  0
 Got new CME   7.00000000    
Correlated systematic= 41
  
Reading file ZmumuPtY5U2BornNorm.nml 
N meas, reaction, nsyst=   20    1   30
Center of Mass energy=      7.00
SYSTFILE:ZmumuPtY5U2BornNorm.   30   1   2   3   4   5   6   7   8   9  11  12  19  20  21  22  23  50  51  52  53  54  55   0   0  59  60   0  62  63  64
SYSFILET:ZmumuPtY5U2BornNorm.  1  2  3  4  5  6  7  8  9  0 10 11  0  0  0  0  0  0 12 13 14 15 16  0  0  0  0  0  0  0  0  0  0  0  0  0  0  0  0  0  0  0  0  0  0  0  0  0  0 17 18 19 20 21 22  0  0  0 25 26  0 28 29 30  0  0  0  0  0  0  0  0  0  0  0  0  0  0  0  0  0  0  0  0  0  0  0  0  0  0  0  0  0  0  0  0  0  0  0  0  0  0  0  0  0  0  0  0  0  0
Correlated systematic= 27
  
Read in   40 total  XS points
Read in   20 unique XS points
  
 Total number of SF/X-section points=          20
 Total number of SF/X-section points=          20
 Total number of SF/X-section points=          20
  
 Fitted systematics:
  
  1  corr1                              -0.0007    1.0000
  2  corr2                              -0.0008    1.0000
  3  corr3                               0.0008    1.0000
  4  corr4                              -0.0378    0.9962
  5  corr5                              -0.0271    0.9998
  6  corr6                               0.0053    1.0000
  7  corr7                              -0.0027    1.0000
  8  corr8                               0.0020    1.0000
  9  corr9                              -0.0078    0.9999
 10  corr10                             -0.0000    1.0000
 11  corr11                              0.0273    0.9980
 12  corr12                             -0.0000    1.0000
 13  corr13                             -0.0000    1.0000
 14  corr14                             -0.0000    1.0000
 15  corr15                             -0.0000    1.0000
 16  corr16                             -0.0000    1.0000
 17  corr17                             -0.0000    1.0000
 18  corr18                             -0.0000    1.0000
 19  corr19                              0.5178    0.9401
 20  corr20                             -0.0011    1.0000
 21  corr21                             -0.2887    0.8664
 22  corr22                             -0.3421    0.7580
 23  corr23                             -0.0112    0.9998
 24  corr24                             -0.0000    1.0000
 25  corr25                             -0.3951    0.5896
 26  corr26                             -0.2041    0.9943
 27  corr27                             -0.3595    0.9427
 28  corr28                             -0.1798    0.9876
 29  corr29                              0.0466    0.9880
 30  corr30                              0.0792    0.9744
 31  corr31                              0.0456    0.9583
 32  corr32                             -0.0047    0.9980
 33  corr33                             -0.1357    0.9812
 34  corr34                             -0.0863    0.9524
 35  corr35                             -0.0281    0.9985
 36  corr36                              0.0734    0.9953
 37  corr37                             -0.0000    1.0000
 38  corr38                              0.0745    0.7785
 39  corr39                             -0.0000    1.0000
 40  corr40                             -0.0000    1.0000
 41  corr41                             -0.4620    0.9076
 42  corr42                             -0.0000    1.0000
 43  corr43                             -0.0000    1.0000
 44  corr44                             -0.0000    1.0000
 45  corr45                             -0.0000    1.0000
 46  corr46                             -0.0000    1.0000
 47  corr47                             -0.0000    1.0000
 48  corr48                             -0.0000    1.0000
 49  corr49                             -0.0000    1.0000
 50  corr50                             -0.0209    0.9984
 51  corr51                             -0.0560    0.9362
 52  corr52                              0.0573    0.7918
 53  corr53                             -0.0399    0.9693
 54  corr54                             -0.0000    1.0000
 55  corr55                             -0.1200    0.9847
 56  corr56                             -0.0000    1.0000
 57  corr57                             -0.0000    1.0000
 58  corr58                             -0.0000    1.0000
 59  corr59                              0.0996    0.9975
 60  corr60                             -0.0173    0.9992
 61  corr61                             -0.0000    1.0000
 62  corr62                             -0.5928    0.9793
 63  corr63                             -0.0050    0.9914
 64  corr64                              0.0088    0.9890
 65  corr65                              0.2410    0.7114
 66  corr66                             -0.0000    1.0000
 67  corr67                             -0.0743    0.9962
 68  corr68                             -0.0184    0.9970
 69  corr69                             -0.1020    0.9947
 70  corr70                             -0.0000    1.0000
 71  corr71                             -0.0809    0.9980
 72  corr72                             -0.0053    0.9972
 73  corr73                             -0.1978    0.9857
 74  corr74                             -0.0000    1.0000
 75  corr75                             -0.0000    1.0000
 76  corr76                             -0.0000    1.0000
 77  corr77                             -0.0000    1.0000
 78  corr78                             -0.0000    1.0000
 79  corr79                             -0.0000    1.0000
 80  corr80                             -0.0000    1.0000
 81  corr81                             -0.0000    1.0000
 82  corr82                             -0.0000    1.0000
 83  corr83                             -0.0000    1.0000
 84  corr84                             -0.0000    1.0000
 85  corr85                             -0.0000    1.0000
 86  corr86                             -0.0000    1.0000
 87  corr87                             -0.0000    1.0000
 88  corr88                             -0.0000    1.0000
 89  corr89                             -0.0000    1.0000
 90  corr90                             -0.0000    1.0000
 91  corr91                             -0.0000    1.0000
 92  corr92                             -0.0000    1.0000
 93  corr93                             -0.0000    1.0000
 94  corr94                             -0.0000    1.0000
 95  corr95                             -0.0000    1.0000
 96  corr96                             -0.0000    1.0000
 97  corr97                             -0.0000    1.0000
 98  corr98                             -0.0000    1.0000
 99  corr99                             -0.0000    1.0000
  
 Output F2:
  
  
 Reaction =     1
  
      Q2         X         Y      X-sect   E-Uncor    E-Corr   E-Total
   20.0000    1.0000    2.8571    0.0260    0.0001    0.0002    0.0003
   20.0000    3.0000    0.9524    0.0539    0.0002    0.0003    0.0004
   20.0000    5.0000    0.5714    0.0542    0.0002    0.0002    0.0003
   20.0000    7.0000    0.4082    0.0466    0.0002    0.0003    0.0003
   20.0000    9.0000    0.3175    0.0392    0.0002    0.0002    0.0002
   20.0000   11.5000    0.2484    0.0318    0.0001    0.0001    0.0001
   20.0000   14.5000    0.1970    0.0249    0.0001    0.0001    0.0001
   20.0000   18.0000    0.1587    0.0191    0.0001    0.0000    0.0001
   20.0000   22.5000    0.1270    0.0140    0.0001    0.0000    0.0001
   20.0000   27.5000    0.1039    0.0102    0.0001    0.0000    0.0001
   20.0000   33.5000    0.0853    0.0074    0.0000    0.0000    0.0000
   20.0000   41.0000    0.0697    0.0050    0.0000    0.0000    0.0000
   20.0000   50.0000    0.0571    0.0032    0.0000    0.0000    0.0000
   20.0000   60.0000    0.0476    0.0021    0.0000    0.0000    0.0000
   20.0000   70.0000    0.0408    0.0013    0.0000    0.0000    0.0000
   20.0000   80.0000    0.0357    0.0009    0.0000    0.0000    0.0000
   20.0000   95.0000    0.0301    0.0005    0.0000    0.0000    0.0000
   20.0000  127.5000    0.0224    0.0002    0.0000    0.0000    0.0000
   20.0000  175.0000    0.0163    0.0001    0.0000    0.0000    0.0000
   20.0000  550.0000    0.0052    0.0000    0.0000    0.0000    0.0000
  
Chi2 EXCLUDING systematics=   18.0390
  
TOTAL Chi2/ndf= 19/20
  
