 -----------------------------------------------------------------------------------
     Initiating Linear Average With Systematic UncertaInTies  program
  
  Version of Thu Sep 10 2009 
  
 -----------------------------------------------------------------------------------
Read F2 from   2 files
 Leave CMS energy per experiment unmodified
 LSqrtStat = True,  rescale stat. and uncorr errors separately
 LSqrtStat2 = false, ignore syst. bias for stat. errors
 LConstStat = False
 Average  data from the same dataset swimming to the same x,Q^2
 Use relative syst. errors= F
  
 Q2 grid=   36.000000    
  
Reading file inputdata/ZeePhiStar_born_highmass_y0008.nml 
N meas, reaction, nsyst=   36    1   23
Center of Mass energy=      7.00
SYSTFILE:inputdata/ZeePhiStar   23   1   2   3   4   5   6   7   8   9  10  11  12  13  14  15  16  17  18  19  20  21  22   0
SYSFILET:inputdata/ZeePhiStar  1  2  3  4  5  6  7  8  9 10 11 12 13 14 15 16 17 18 19 20 21 22  0  0  0  0  0  0  0  0  0  0  0  0  0  0  0  0  0  0  0  0  0  0  0  0  0  0  0  0  0  0  0  0  0  0  0  0  0  0  0  0  0  0  0  0  0  0  0  0  0  0  0  0  0  0  0  0  0  0  0  0  0  0  0  0  0  0  0  0  0  0  0  0  0  0  0  0  0  0  0  0  0  0  0  0  0  0  0  0
 Got new CME   7.0000000    
Correlated systematic= 22
  
Reading file inputdata/ZmmPhiStar_born_highmass_y0008.nml 
N meas, reaction, nsyst=   36    1   30
Center of Mass energy=      7.00
SYSTFILE:inputdata/ZmmPhiStar   30   1   2   3   4   5   6   7   8   9  11  12  19  20  21  22  23  50  51  52  53  54  55   0   0  59  60   0  62  63  64
SYSFILET:inputdata/ZmmPhiStar  1  2  3  4  5  6  7  8  9  0 10 11  0  0  0  0  0  0 12 13 14 15 16  0  0  0  0  0  0  0  0  0  0  0  0  0  0  0  0  0  0  0  0  0  0  0  0  0  0 17 18 19 20 21 22  0  0  0 25 26  0 28 29 30  0  0  0  0  0  0  0  0  0  0  0  0  0  0  0  0  0  0  0  0  0  0  0  0  0  0  0  0  0  0  0  0  0  0  0  0  0  0  0  0  0  0  0  0  0  0
Correlated systematic= 27
  
Read in   72 total  XS points
Read in   36 unique XS points
  
 Total number of SF/X-section points=          36
 Total number of SF/X-section points=          36
 Total number of SF/X-section points=          36
  
 Fitted systematics:
  
  1  corr1                              -0.0343    0.9989
  2  corr2                              -0.0085    1.0000
  3  corr3                              -0.0064    1.0000
  4  corr4                              -0.0673    0.9959
  5  corr5                              -0.0294    0.9999
  6  corr6                              -0.7154    0.9851
  7  corr7                              -0.0030    1.0000
  8  corr8                              -0.0463    0.9998
  9  corr9                              -0.4099    0.9891
 10  corr10                             -0.1866    0.9882
 11  corr11                              0.4947    0.7538
 12  corr12                             -0.0714    0.9983
 13  corr13                              0.0384    0.9972
 14  corr14                              0.0417    0.9962
 15  corr15                              0.0696    0.9798
 16  corr16                              0.0148    0.9996
 17  corr17                              0.4134    0.8753
 18  corr18                              0.7442    0.8397
 19  corr19                             -0.0939    0.8325
 20  corr20                              0.0009    1.0000
 21  corr21                             -0.2802    0.9965
 22  corr22                              0.3595    0.9340
 23  corr23                             -0.0000    1.0000
 24  corr24                             -0.0000    1.0000
 25  corr25                             -0.0000    1.0000
 26  corr26                             -0.0000    1.0000
 27  corr27                             -0.0000    1.0000
 28  corr28                             -0.0000    1.0000
 29  corr29                             -0.0000    1.0000
 30  corr30                             -0.0000    1.0000
 31  corr31                             -0.0000    1.0000
 32  corr32                             -0.0000    1.0000
 33  corr33                             -0.0000    1.0000
 34  corr34                             -0.0000    1.0000
 35  corr35                             -0.0000    1.0000
 36  corr36                             -0.0000    1.0000
 37  corr37                             -0.0000    1.0000
 38  corr38                             -0.0000    1.0000
 39  corr39                             -0.0000    1.0000
 40  corr40                             -0.0000    1.0000
 41  corr41                             -0.0000    1.0000
 42  corr42                             -0.0000    1.0000
 43  corr43                             -0.0000    1.0000
 44  corr44                             -0.0000    1.0000
 45  corr45                             -0.0000    1.0000
 46  corr46                             -0.0000    1.0000
 47  corr47                             -0.0000    1.0000
 48  corr48                             -0.0000    1.0000
 49  corr49                             -0.0000    1.0000
 50  corr50                             -0.0003    1.0000
 51  corr51                             -0.0323    0.9657
 52  corr52                             -0.4763    0.9310
 53  corr53                             -0.2231    0.9918
 54  corr54                              0.0120    0.9999
 55  corr55                             -0.0085    0.9999
 56  corr56                             -0.0000    1.0000
 57  corr57                             -0.0000    1.0000
 58  corr58                             -0.0000    1.0000
 59  corr59                             -1.0964    0.6042
 60  corr70                              0.0058    1.0000
 61  corr61                             -0.0000    1.0000
 62  corr62                             -0.0000    1.0000
 63  corr63                             -0.0000    1.0000
 64  corr64                             -0.0076    0.9998
 65  corr65                             -0.0000    1.0000
 66  corr66                             -0.0000    1.0000
 67  corr67                             -0.0000    1.0000
 68  corr68                             -0.0000    1.0000
 69  corr69                             -0.0000    1.0000
 70                                     -0.0000    1.0000
 71  corr71                             -0.0000    1.0000
 72  corr72                             -0.0000    1.0000
 73  corr73                             -0.0000    1.0000
 74  corr74                             -0.0000    1.0000
 75  corr75                             -0.0000    1.0000
 76  corr76                             -0.0000    1.0000
 77  corr77                             -0.0000    1.0000
 78  corr78                             -0.0000    1.0000
 79  corr79                             -0.0000    1.0000
 80  corr80                             -0.0000    1.0000
 81  corr81                             -0.0000    1.0000
 82  corr82                             -0.0000    1.0000
 83  corr83                             -0.0000    1.0000
 84  corr84                             -0.0000    1.0000
 85  corr85                             -0.0000    1.0000
 86  corr86                             -0.0000    1.0000
 87  corr87                             -0.0000    1.0000
 88  corr88                             -0.0000    1.0000
 89  corr89                             -0.0000    1.0000
 90  corr90                             -0.0000    1.0000
 91  corr91                             -0.0000    1.0000
 92  corr92                             -0.0000    1.0000
 93  corr93                             -0.0000    1.0000
 94  corr94                             -0.0000    1.0000
 95  corr95                             -0.0000    1.0000
 96  corr96                             -0.0000    1.0000
 97  corr97                             -0.0000    1.0000
 98  corr98                             -0.0000    1.0000
 99  corr99                             -0.0000    1.0000
  
 Output F2:
  
  
 Reaction =     1
  
      Q2         X         Y      X-sect   E-Uncor    E-Corr   E-Total
   36.0000    0.0020 2571.4285   11.4117    0.1800    0.3659    0.4077
   36.0000    0.0060  857.1429   11.3547    0.1796    0.1537    0.2364
   36.0000    0.0100  514.2857   11.0768    0.1779    0.1100    0.2092
   36.0000    0.0140  367.3469   10.9200    0.1762    0.0968    0.2010
   36.0000    0.0180  285.7143   10.0683    0.1691    0.0795    0.1869
   36.0000    0.0220  233.7662    9.3071    0.1605    0.0756    0.1774
   36.0000    0.0265  194.0701    8.9071    0.1429    0.0494    0.1512
   36.0000    0.0315  163.2653    8.4367    0.1380    0.0560    0.1490
   36.0000    0.0365  140.9002    7.4485    0.1292    0.0522    0.1393
   36.0000    0.0420  122.4490    6.7110    0.1123    0.0524    0.1239
   36.0000    0.0480  107.1429    5.9611    0.1048    0.0432    0.1134
   36.0000    0.0540   95.2381    5.3164    0.0986    0.0418    0.1071
   36.0000    0.0605   85.0059    4.9991    0.0889    0.0356    0.0957
   36.0000    0.0680   75.6302    4.3561    0.0787    0.0318    0.0848
   36.0000    0.0765   67.2269    3.8019    0.0681    0.0277    0.0735
   36.0000    0.0860   59.8007    3.3393    0.0618    0.0221    0.0656
   36.0000    0.0965   53.2939    2.9337    0.0547    0.0207    0.0585
   36.0000    0.1080   47.6190    2.6440    0.0521    0.0231    0.0570
   36.0000    0.1210   42.5030    2.1955    0.0418    0.0164    0.0449
   36.0000    0.1365   37.6766    1.7963    0.0349    0.0136    0.0374
   36.0000    0.1550   33.1797    1.5535    0.0305    0.0109    0.0324
   36.0000    0.1770   29.0557    1.1988    0.0245    0.0092    0.0262
   36.0000    0.2040   25.2101    0.9637    0.0194    0.0102    0.0219
   36.0000    0.2385   21.5633    0.7364    0.0152    0.0085    0.0174
   36.0000    0.2850   18.0451    0.5310    0.0117    0.0067    0.0134
   36.0000    0.3515   14.6312    0.3509    0.0079    0.0058    0.0098
   36.0000    0.4575   11.2412    0.2014    0.0049    0.0047    0.0068
   36.0000    0.6095    8.4378    0.0994    0.0034    0.0031    0.0046
   36.0000    0.8065    6.3768    0.0558    0.0022    0.0018    0.0029
   36.0000    1.0355    4.9665    0.0264    0.0015    0.0008    0.0017
   36.0000    1.3245    3.8829    0.0161    0.0008    0.0005    0.0010
   36.0000    1.7215    2.9874    0.0068    0.0005    0.0003    0.0006
   36.0000    2.2345    2.3016    0.0033    0.0003    0.0001    0.0003
   36.0000    2.8995    1.7737    0.0025    0.0002    0.0001    0.0003
   36.0000    4.1385    1.2427    0.0007    0.0001    0.0000    0.0001
   36.0000    7.5000    0.6857    0.0003    0.0000    0.0000    0.0000
  
Chi2 EXCLUDING systematics=   51.8255
  
TOTAL Chi2/ndf=   55.2283/  36
  
