 -----------------------------------------------------------------------------------
     Initiating Linear Average With Systematic UncertaInTies  program
  
  Version of Thu Sep 10 2009 
  
 -----------------------------------------------------------------------------------
Read F2 from   2 files
 Leave CMS energy per experiment unmodified
 LSqrtStat = True,  rescale stat. and uncorr errors separately
 LSqrtStat2 = false, ignore syst. bias for stat. errors
 LConstStat = False
 Average  data from the same dataset swimming to the same x,Q^2
 Use relative syst. errors= F
  
 Q2 grid=   20.0000000       43.0000000       36.0000000       6.00000000       3.00000000       12.0000000    
  
Reading file ZeePtY5U2Born.nml 
N meas, reaction, nsyst=   20    1   48
Center of Mass energy=      7.00
SYSTFILE:  ZeePtY5U2Born.nml    48   1   2   3   4   5   6   7   8   9  11  12  19  20  21  22  23  25  26  27  28  29  30  31  32  33  34  35  36  37  38   0   0  41  42   0  62  63   0  65  66   0  68  69  70  71   0  73  74
SYSFILET:  ZeePtY5U2Born.nml   1  2  3  4  5  6  7  8  9  0 10 11  0  0  0  0  0  0 12 13 14 15 16  0 17 18 19 20 21 22 23 24 25 26 27 28 29 30  0  0 33 34  0  0  0  0  0  0  0  0  0  0  0  0  0  0  0  0  0  0  0 36 37  0 39 40  0 42 43 44 45  0 47 48  0  0  0  0  0  0  0  0  0  0  0  0  0  0  0  0  0  0  0  0  0  0  0  0  0  0  0  0  0  0  0  0  0  0  0  0
 Got new CME   7.00000000    
Correlated systematic= 42
  
Reading file ZmumuPtY5U2Born.nml 
N meas, reaction, nsyst=   20    1   30
Center of Mass energy=      7.00
SYSTFILE:ZmumuPtY5U2Born.nml    30   1   2   3   4   5   6   7   8   9  11  12  19  20  21  22  23  50  51  52  53  54  55   0   0  59  60   0  62  63  64
SYSFILET:ZmumuPtY5U2Born.nml   1  2  3  4  5  6  7  8  9  0 10 11  0  0  0  0  0  0 12 13 14 15 16  0  0  0  0  0  0  0  0  0  0  0  0  0  0  0  0  0  0  0  0  0  0  0  0  0  0 17 18 19 20 21 22  0  0  0 25 26  0 28 29 30  0  0  0  0  0  0  0  0  0  0  0  0  0  0  0  0  0  0  0  0  0  0  0  0  0  0  0  0  0  0  0  0  0  0  0  0  0  0  0  0  0  0  0  0  0  0
Correlated systematic= 27
  
Read in   40 total  XS points
Read in   20 unique XS points
  
 Total number of SF/X-section points=          20
 Total number of SF/X-section points=          20
 Total number of SF/X-section points=          20
  
 Fitted systematics:
  
  1  corr1                               0.0027    1.0000
  2  corr2                              -0.0009    1.0000
  3  corr3                              -0.0004    1.0000
  4  corr4                              -0.0395    0.9966
  5  corr5                              -0.0264    0.9998
  6  corr6                               0.0014    1.0000
  7  corr7                              -0.0004    1.0000
  8  corr8                               0.0009    1.0000
  9  corr9                              -0.0031    0.9999
 10  corr10                             -0.0000    1.0000
 11  corr11                              0.0220    0.9979
 12  corr12                             -0.0000    1.0000
 13  corr13                             -0.0000    1.0000
 14  corr14                             -0.0000    1.0000
 15  corr15                             -0.0000    1.0000
 16  corr16                             -0.0000    1.0000
 17  corr17                             -0.0000    1.0000
 18  corr18                             -0.0000    1.0000
 19  corr19                              0.5039    0.9410
 20  corr20                             -0.0016    1.0000
 21  corr21                             -0.2987    0.8678
 22  corr22                             -0.0922    0.7917
 23  corr23                             -0.0110    0.9998
 24  corr24                             -0.0000    1.0000
 25  corr25                             -0.4344    0.5764
 26  corr26                             -0.2064    0.9941
 27  corr27                             -0.2735    0.9448
 28  corr28                             -0.0951    0.9881
 29  corr29                             -0.1027    0.9880
 30  corr30                              0.2215    0.9758
 31  corr31                              0.3623    0.9601
 32  corr32                             -0.0179    0.9984
 33  corr33                             -0.2177    0.9832
 34  corr34                             -0.1969    0.9529
 35  corr35                             -0.0610    0.9979
 36  corr36                              0.0761    0.9950
 37  corr37                             -0.0000    1.0000
 38  corr38                              0.0437    0.7762
 39  corr39                             -0.0000    1.0000
 40  corr40                             -0.0000    1.0000
 41  corr41                             -0.4347    0.9171
 42  corr42                             -0.0000    1.0000
 43  corr43                             -0.0000    1.0000
 44  corr44                             -0.0000    1.0000
 45  corr45                             -0.0000    1.0000
 46  corr46                             -0.0000    1.0000
 47  corr47                             -0.0000    1.0000
 48  corr48                             -0.0000    1.0000
 49  corr49                             -0.0000    1.0000
 50  corr50                             -0.2374    0.8280
 51  corr51                             -0.1067    0.9274
 52  corr52                              0.0051    0.8047
 53  corr53                             -0.0491    0.9749
 54  corr54                             -0.0000    1.0000
 55  corr55                             -0.2345    0.9382
 56  corr56                             -0.0000    1.0000
 57  corr57                             -0.0000    1.0000
 58  corr58                             -0.0000    1.0000
 59  corr59                              0.1062    0.9977
 60  corr60                             -0.0266    0.9990
 61  corr61                             -0.0000    1.0000
 62  corr62                             -0.5682    0.9801
 63  corr63                              0.0057    0.9910
 64  corr64                              0.0138    0.9903
 65  corr65                              0.2078    0.8429
 66  corr66                              0.1445    0.7150
 67  corr67                             -0.0000    1.0000
 68  corr68                              0.0832    0.9959
 69  corr69                              0.0537    0.9947
 70  corr70                              0.0747    0.9961
 71  corr71                              0.0664    0.9968
 72  corr72                             -0.0000    1.0000
 73  corr73                              0.2046    0.9892
 74  corr74                              0.0482    0.9601
 75  corr75                             -0.0000    1.0000
 76  corr76                             -0.0000    1.0000
 77  corr77                             -0.0000    1.0000
 78  corr78                             -0.0000    1.0000
 79  corr79                             -0.0000    1.0000
 80  corr80                             -0.0000    1.0000
 81  corr81                             -0.0000    1.0000
 82  corr82                             -0.0000    1.0000
 83  corr83                             -0.0000    1.0000
 84  corr84                             -0.0000    1.0000
 85  corr85                             -0.0000    1.0000
 86  corr86                             -0.0000    1.0000
 87  corr87                             -0.0000    1.0000
 88  corr88                             -0.0000    1.0000
 89  corr89                             -0.0000    1.0000
 90  corr90                             -0.0000    1.0000
 91  corr91                             -0.0000    1.0000
 92  corr92                             -0.0000    1.0000
 93  corr93                             -0.0000    1.0000
 94  corr94                             -0.0000    1.0000
 95  corr95                             -0.0000    1.0000
 96  corr96                             -0.0000    1.0000
 97  corr97                             -0.0000    1.0000
 98  corr98                             -0.0000    1.0000
 99  corr99                             -0.0000    1.0000
  
 Output F2:
  
  
 Reaction =     1
  
      Q2         X         Y      X-sect   E-Uncor    E-Corr   E-Total
   20.0000    1.0000    2.8571    1.6393    0.0094    0.0162    0.0187
   20.0000    3.0000    0.9524    3.3944    0.0119    0.0268    0.0293
   20.0000    5.0000    0.5714    3.4170    0.0125    0.0172    0.0212
   20.0000    7.0000    0.4082    2.9421    0.0120    0.0186    0.0222
   20.0000    9.0000    0.3175    2.4720    0.0106    0.0111    0.0154
   20.0000   11.5000    0.2484    2.0014    0.0076    0.0087    0.0116
   20.0000   14.5000    0.1970    1.5676    0.0069    0.0066    0.0096
   20.0000   18.0000    0.1587    1.2052    0.0051    0.0053    0.0074
   20.0000   22.5000    0.1270    0.8833    0.0038    0.0047    0.0060
   20.0000   27.5000    0.1039    0.6456    0.0033    0.0030    0.0045
   20.0000   33.5000    0.0853    0.4657    0.0021    0.0023    0.0031
   20.0000   41.0000    0.0697    0.3144    0.0016    0.0017    0.0024
   20.0000   50.0000    0.0571    0.2041    0.0011    0.0013    0.0017
   20.0000   60.0000    0.0476    0.1293    0.0010    0.0009    0.0013
   20.0000   70.0000    0.0408    0.0850    0.0008    0.0007    0.0010
   20.0000   80.0000    0.0357    0.0577    0.0006    0.0005    0.0008
   20.0000   95.0000    0.0301    0.0333    0.0003    0.0002    0.0004
   20.0000  127.5000    0.0224    0.0129    0.0001    0.0001    0.0001
   20.0000  175.0000    0.0163    0.0038    0.0001    0.0000    0.0001
   20.0000  550.0000    0.0052    0.0001    0.0000    0.0000    0.0000
  
Chi2 EXCLUDING systematics=   17.4681
  
TOTAL Chi2/ndf= 19/20
  
