 -----------------------------------------------------------------------------------
     Initiating Linear Average With Systematic UncertaInTies  program
  
  Version of Thu Sep 10 2009 
  
 -----------------------------------------------------------------------------------
Read F2 from   2 files
 Leave CMS energy per experiment unmodified
 LSqrtStat = True,  rescale stat. and uncorr errors separately
 LSqrtStat2 = false, ignore syst. bias for stat. errors
 LConstStat = False
 Average  data from the same dataset swimming to the same x,Q^2
 Use relative syst. errors= F
  
 Q2 grid=   20.0000000       43.0000000       36.0000000       6.00000000       3.00000000       12.0000000    
  
Reading file ZeePtLowM1U2BornNorm.nml 
N meas, reaction, nsyst=    8    1   43
Center of Mass energy=      7.00
SYSTFILE:ZeePtLowM1U2BornNorm   43   1   2   3   4   5   6   7   8   9  11  12  19  20  21  22  23  25  26  27  28  29  30  31  32  33  34  35  36  37  38   0   0  41  42   0  62  63   0  65   0  67   0  69
SYSFILET:ZeePtLowM1U2BornNorm  1  2  3  4  5  6  7  8  9  0 10 11  0  0  0  0  0  0 12 13 14 15 16  0 17 18 19 20 21 22 23 24 25 26 27 28 29 30  0  0 33 34  0  0  0  0  0  0  0  0  0  0  0  0  0  0  0  0  0  0  0 36 37  0 39  0 41  0 43  0  0  0  0  0  0  0  0  0  0  0  0  0  0  0  0  0  0  0  0  0  0  0  0  0  0  0  0  0  0  0  0  0  0  0  0  0  0  0  0  0
 Got new CME   7.00000000    
Correlated systematic= 37
  
Reading file ZmumuPtLowM1U2BornNorm.nml 
N meas, reaction, nsyst=    8    1   30
Center of Mass energy=      7.00
SYSTFILE:ZmumuPtLowM1U2BornNo   30   1   2   3   4   5   6   7   8   9  11  12  19  20  21  22  23  50  51  52  53  54  55   0   0  59  60   0  62  63  64
SYSFILET:ZmumuPtLowM1U2BornNo  1  2  3  4  5  6  7  8  9  0 10 11  0  0  0  0  0  0 12 13 14 15 16  0  0  0  0  0  0  0  0  0  0  0  0  0  0  0  0  0  0  0  0  0  0  0  0  0  0 17 18 19 20 21 22  0  0  0 25 26  0 28 29 30  0  0  0  0  0  0  0  0  0  0  0  0  0  0  0  0  0  0  0  0  0  0  0  0  0  0  0  0  0  0  0  0  0  0  0  0  0  0  0  0  0  0  0  0  0  0
Correlated systematic= 27
  
Read in   16 total  XS points
Read in    8 unique XS points
  
 Total number of SF/X-section points=           8
 Total number of SF/X-section points=           8
 Total number of SF/X-section points=           8
  
 Fitted systematics:
  
  1  corr1                              -0.0049    1.0000
  2  corr2                              -0.0006    1.0000
  3  corr3                               0.0001    1.0000
  4  corr4                              -0.0610    0.9973
  5  corr5                              -0.0157    0.9925
  6  corr6                              -0.0016    0.9999
  7  corr7                              -0.0020    1.0000
  8  corr8                              -0.0007    1.0000
  9  corr9                              -0.0194    0.9999
 10  corr10                             -0.0000    1.0000
 11  corr11                              0.0119    0.9998
 12  corr12                             -0.0000    1.0000
 13  corr13                             -0.0000    1.0000
 14  corr14                             -0.0000    1.0000
 15  corr15                             -0.0000    1.0000
 16  corr16                             -0.0000    1.0000
 17  corr17                             -0.0000    1.0000
 18  corr18                             -0.0000    1.0000
 19  corr19                             -0.0050    0.9996
 20  corr20                              0.3238    0.9758
 21  corr21                             -0.0144    0.9989
 22  corr22                              0.2803    0.9330
 23  corr23                              0.0004    0.9999
 24  corr24                             -0.0000    1.0000
 25  corr25                             -0.0241    0.9848
 26  corr26                              0.0368    0.9986
 27  corr27                              0.0803    0.9940
 28  corr28                              0.0300    0.9972
 29  corr29                              0.1800    0.9956
 30  corr30                             -0.1962    0.9962
 31  corr31                             -0.3071    0.9866
 32  corr32                             -0.0285    0.9984
 33  corr33                              0.2517    0.9930
 34  corr34                              0.3343    0.9865
 35  corr35                             -0.0315    0.9987
 36  corr36                             -0.0095    0.9997
 37  corr37                             -0.0000    1.0000
 38  corr38                              0.6188    0.9695
 39  corr39                             -0.0000    1.0000
 40  corr40                             -0.0000    1.0000
 41  corr41                             -0.0720    0.9968
 42  corr42                              0.0541    0.9996
 43  corr43                             -0.0000    1.0000
 44  corr44                             -0.0000    1.0000
 45  corr45                             -0.0000    1.0000
 46  corr46                             -0.0000    1.0000
 47  corr47                             -0.0000    1.0000
 48  corr48                             -0.0000    1.0000
 49  corr49                             -0.0000    1.0000
 50  corr50                             -0.0370    0.9999
 51  corr51                             -0.0641    0.9959
 52  corr52                              0.0363    0.9837
 53  corr53                             -0.0076    0.9947
 54  corr54                              0.0463    0.9984
 55  corr55                              0.2294    0.9895
 56  corr56                             -0.0000    1.0000
 57  corr57                             -0.0000    1.0000
 58  corr58                             -0.0000    1.0000
 59  corr59                              0.2777    0.9707
 60  corr60                             -0.0164    0.9999
 61  corr61                             -0.0000    1.0000
 62  corr62                             -0.0009    1.0000
 63  corr63                              0.0389    0.9997
 64  corr64                              0.1089    0.9986
 65  corr65                              0.8398    0.7765
 66  corr66                             -0.0000    1.0000
 67  corr67                             -0.1342    0.9959
 68  corr68                             -0.0000    1.0000
 69  corr69                             -0.1089    0.9962
 70  corr70                             -0.0000    1.0000
 71  corr71                             -0.0000    1.0000
 72  corr72                             -0.0000    1.0000
 73  corr73                             -0.0000    1.0000
 74  corr74                             -0.0000    1.0000
 75  corr75                             -0.0000    1.0000
 76  corr76                             -0.0000    1.0000
 77  corr77                             -0.0000    1.0000
 78  corr78                             -0.0000    1.0000
 79  corr79                             -0.0000    1.0000
 80  corr80                             -0.0000    1.0000
 81  corr81                             -0.0000    1.0000
 82  corr82                             -0.0000    1.0000
 83  corr83                             -0.0000    1.0000
 84  corr84                             -0.0000    1.0000
 85  corr85                             -0.0000    1.0000
 86  corr86                             -0.0000    1.0000
 87  corr87                             -0.0000    1.0000
 88  corr88                             -0.0000    1.0000
 89  corr89                             -0.0000    1.0000
 90  corr90                             -0.0000    1.0000
 91  corr91                             -0.0000    1.0000
 92  corr92                             -0.0000    1.0000
 93  corr93                             -0.0000    1.0000
 94  corr94                             -0.0000    1.0000
 95  corr95                             -0.0000    1.0000
 96  corr96                             -0.0000    1.0000
 97  corr97                             -0.0000    1.0000
 98  corr98                             -0.0000    1.0000
 99  corr99                             -0.0000    1.0000
  
 Output F2:
  
  
 Reaction =     1
  
      Q2         X         Y      X-sect   E-Uncor    E-Corr   E-Total
   20.0000   50.0000    0.0571    0.0280    0.0003    0.0003    0.0004
   20.0000   60.0000    0.0476    0.0216    0.0003    0.0001    0.0003
   20.0000   70.0000    0.0408    0.0154    0.0003    0.0002    0.0003
   20.0000   80.0000    0.0357    0.0103    0.0002    0.0001    0.0002
   20.0000   95.0000    0.0301    0.0061    0.0001    0.0001    0.0001
   20.0000  127.5000    0.0224    0.0021    0.0000    0.0000    0.0000
   20.0000  175.0000    0.0163    0.0005    0.0000    0.0000    0.0000
   20.0000  550.0000    0.0052    0.0000    0.0000    0.0000    0.0000
  
Chi2 EXCLUDING systematics=    6.3135
  
TOTAL Chi2/ndf=  8/8
  
