 -----------------------------------------------------------------------------------
     Initiating Linear Average With Systematic UncertaInTies  program
  
  Version of Thu Sep 10 2009 
  
 -----------------------------------------------------------------------------------
Read F2 from   2 files
 Leave CMS energy per experiment unmodified
 LSqrtStat = True,  rescale stat. and uncorr errors separately
 LSqrtStat2 = false, ignore syst. bias for stat. errors
 LConstStat = False
 Average  data from the same dataset swimming to the same x,Q^2
 Use relative syst. errors= F
  
 Q2 grid=   36.000000    
  
Reading file inputdata/ZeePhiStar_born_lowmass_allrapidity.nml 
N meas, reaction, nsyst=   36    1   23
Center of Mass energy=      7.00
SYSTFILE:inputdata/ZeePhiStar   23   1   2   3   4   5   6   7   8   9  10  11  12  13  14  15  16  17  18  19  20  21  22   0
SYSFILET:inputdata/ZeePhiStar  1  2  3  4  5  6  7  8  9 10 11 12 13 14 15 16 17 18 19 20 21 22  0  0  0  0  0  0  0  0  0  0  0  0  0  0  0  0  0  0  0  0  0  0  0  0  0  0  0  0  0  0  0  0  0  0  0  0  0  0  0  0  0  0  0  0  0  0  0  0  0  0  0  0  0  0  0  0  0  0  0  0  0  0  0  0  0  0  0  0  0  0  0  0  0  0  0  0  0  0  0  0  0  0  0  0  0  0  0  0
 Got new CME   7.0000000    
Correlated systematic= 22
  
Reading file inputdata/ZmmPhiStar_born_lowmass_allrapidity.nml 
N meas, reaction, nsyst=   36    1   30
Center of Mass energy=      7.00
SYSTFILE:inputdata/ZmmPhiStar   30   1   2   3   4   5   6   7   8   9  11  12  19  20  21  22  23  50  51  52  53  54  55   0   0  59  60   0  62  63  64
SYSFILET:inputdata/ZmmPhiStar  1  2  3  4  5  6  7  8  9  0 10 11  0  0  0  0  0  0 12 13 14 15 16  0  0  0  0  0  0  0  0  0  0  0  0  0  0  0  0  0  0  0  0  0  0  0  0  0  0 17 18 19 20 21 22  0  0  0 25 26  0 28 29 30  0  0  0  0  0  0  0  0  0  0  0  0  0  0  0  0  0  0  0  0  0  0  0  0  0  0  0  0  0  0  0  0  0  0  0  0  0  0  0  0  0  0  0  0  0  0
Correlated systematic= 27
  
Read in   72 total  XS points
Read in   36 unique XS points
  
 Total number of SF/X-section points=          36
 Total number of SF/X-section points=          36
 Total number of SF/X-section points=          36
  
 Fitted systematics:
  
  1  corr1                               0.0803    0.9984
  2  corr2                               0.0050    1.0000
  3  corr3                               0.0026    1.0000
  4  corr4                               0.0638    0.9980
  5  corr5                              -0.0028    0.9990
  6  corr6                               0.1620    0.9869
  7  corr7                              -0.1372    0.9972
  8  corr8                               0.0136    0.9998
  9  corr9                              -0.9417    0.6816
 10  corr10                             -0.4046    0.7724
 11  corr11                              0.4219    0.8204
 12  corr12                              0.0668    0.9987
 13  corr13                             -0.0566    0.9961
 14  corr14                             -0.0784    0.9914
 15  corr15                             -0.4425    0.8502
 16  corr16                              0.0176    0.9996
 17  corr17                             -0.5106    0.9369
 18  corr18                              0.0877    0.8359
 19  corr19                             -0.5054    0.8138
 20  corr20                             -0.3870    0.9807
 21  corr21                             -0.8215    0.9829
 22  corr22                              0.8557    0.8081
 23  corr23                             -0.1085    0.9980
 24  corr24                             -0.0000    1.0000
 25  corr25                             -0.0000    1.0000
 26  corr26                             -0.0000    1.0000
 27  corr27                             -0.0000    1.0000
 28  corr28                             -0.0000    1.0000
 29  corr29                             -0.0000    1.0000
 30  corr30                             -0.0000    1.0000
 31  corr31                             -0.0000    1.0000
 32  corr32                             -0.0000    1.0000
 33  corr33                             -0.0000    1.0000
 34  corr34                             -0.0000    1.0000
 35  corr35                             -0.0000    1.0000
 36  corr36                             -0.0000    1.0000
 37  corr37                             -0.0000    1.0000
 38  corr38                             -0.0000    1.0000
 39  corr39                             -0.0000    1.0000
 40  corr40                             -0.0000    1.0000
 41  corr41                             -0.0000    1.0000
 42  corr42                             -0.0000    1.0000
 43  corr43                             -0.0000    1.0000
 44  corr44                             -0.0000    1.0000
 45  corr45                             -0.0000    1.0000
 46  corr46                             -0.0000    1.0000
 47  corr47                             -0.0000    1.0000
 48  corr48                             -0.0000    1.0000
 49  corr49                             -0.0000    1.0000
 50  corr50                             -0.0014    0.9999
 51  corr51                              0.0195    0.9892
 52  corr52                              0.1995    0.9846
 53  corr53                              0.0064    0.9938
 54  corr54                              0.0835    0.9805
 55  corr55                              0.1360    0.9813
 56  corr56                             -0.0000    1.0000
 57  corr57                             -0.0000    1.0000
 58  corr58                             -0.0000    1.0000
 59  corr59                             -1.6203    0.5148
 60  corr70                              0.0060    1.0000
 61  corr61                             -0.0000    1.0000
 62  corr62                             -0.0000    1.0000
 63  corr63                             -0.0000    1.0000
 64  corr64                              0.0059    0.9996
 65  corr65                             -0.0000    1.0000
 66  corr66                             -0.0000    1.0000
 67  corr67                             -0.0000    1.0000
 68  corr68                             -0.0000    1.0000
 69  corr69                             -0.0000    1.0000
 70                                     -0.0000    1.0000
 71  corr71                             -0.0000    1.0000
 72  corr72                             -0.0000    1.0000
 73  corr73                             -0.0000    1.0000
 74  corr74                             -0.0000    1.0000
 75  corr75                             -0.0000    1.0000
 76  corr76                             -0.0000    1.0000
 77  corr77                             -0.0000    1.0000
 78  corr78                             -0.0000    1.0000
 79  corr79                             -0.0000    1.0000
 80  corr80                             -0.0000    1.0000
 81  corr81                             -0.0000    1.0000
 82  corr82                             -0.0000    1.0000
 83  corr83                             -0.0000    1.0000
 84  corr84                             -0.0000    1.0000
 85  corr85                             -0.0000    1.0000
 86  corr86                             -0.0000    1.0000
 87  corr87                             -0.0000    1.0000
 88  corr88                             -0.0000    1.0000
 89  corr89                             -0.0000    1.0000
 90  corr90                             -0.0000    1.0000
 91  corr91                             -0.0000    1.0000
 92  corr92                             -0.0000    1.0000
 93  corr93                             -0.0000    1.0000
 94  corr94                             -0.0000    1.0000
 95  corr95                             -0.0000    1.0000
 96  corr96                             -0.0000    1.0000
 97  corr97                             -0.0000    1.0000
 98  corr98                             -0.0000    1.0000
 99  corr99                             -0.0000    1.0000
  
 Output F2:
  
  
 Reaction =     1
  
      Q2         X         Y      X-sect   E-Uncor    E-Corr   E-Total
   36.0000    0.0020 2571.4285    7.6553    0.0788    0.2299    0.2430
   36.0000    0.0060  857.1429    7.4393    0.0755    0.0994    0.1248
   36.0000    0.0100  514.2857    7.3465    0.0744    0.0831    0.1116
   36.0000    0.0140  367.3469    7.2347    0.0720    0.0776    0.1059
   36.0000    0.0180  285.7143    7.0391    0.0726    0.0768    0.1057
   36.0000    0.0220  233.7662    6.8523    0.0715    0.0743    0.1031
   36.0000    0.0265  194.0701    6.5965    0.0634    0.0679    0.0929
   36.0000    0.0315  163.2653    6.3160    0.0607    0.0653    0.0892
   36.0000    0.0365  140.9002    6.0409    0.0605    0.0646    0.0885
   36.0000    0.0420  122.4490    5.7290    0.0533    0.0597    0.0800
   36.0000    0.0480  107.1429    5.4508    0.0515    0.0592    0.0784
   36.0000    0.0540   95.2381    5.1937    0.0487    0.0565    0.0746
   36.0000    0.0605   85.0059    4.7812    0.0436    0.0523    0.0681
   36.0000    0.0680   75.6302    4.3685    0.0394    0.0477    0.0619
   36.0000    0.0765   67.2269    4.0416    0.0359    0.0455    0.0580
   36.0000    0.0860   59.8007    3.6568    0.0323    0.0412    0.0524
   36.0000    0.0965   53.2939    3.2889    0.0286    0.0367    0.0465
   36.0000    0.1080   47.6190    2.8965    0.0256    0.0330    0.0418
   36.0000    0.1210   42.5030    2.5756    0.0220    0.0228    0.0317
   36.0000    0.1365   37.6766    2.1630    0.0178    0.0188    0.0259
   36.0000    0.1550   33.1797    1.8338    0.0154    0.0161    0.0222
   36.0000    0.1770   29.0557    1.4965    0.0127    0.0133    0.0184
   36.0000    0.2040   25.2101    1.2130    0.0105    0.0105    0.0149
   36.0000    0.2385   21.5633    0.9399    0.0077    0.0084    0.0114
   36.0000    0.2850   18.0451    0.7039    0.0056    0.0124    0.0136
   36.0000    0.3515   14.6312    0.4874    0.0040    0.0086    0.0095
   36.0000    0.4575   11.2412    0.3009    0.0024    0.0055    0.0060
   36.0000    0.6095    8.4378    0.1758    0.0016    0.0035    0.0039
   36.0000    0.8065    6.3768    0.1004    0.0011    0.0021    0.0023
   36.0000    1.0355    4.9665    0.0586    0.0009    0.0013    0.0016
   36.0000    1.3245    3.8829    0.0322    0.0006    0.0008    0.0010
   36.0000    1.7215    2.9874    0.0169    0.0004    0.0004    0.0006
   36.0000    2.2345    2.3016    0.0088    0.0002    0.0002    0.0003
   36.0000    2.8995    1.7737    0.0044    0.0001    0.0001    0.0002
   36.0000    4.1385    1.2427    0.0020    0.0001    0.0001    0.0001
   36.0000    7.5000    0.6857    0.0005    0.0000    0.0000    0.0000
  
Chi2 EXCLUDING systematics=   47.6679
  
TOTAL Chi2/ndf=   53.9456/  36
  
