\BOOKMARK [1][-]{section.1}{Revision history}{}% 1
\BOOKMARK [1][-]{section.2}{Introduction}{}% 2
\BOOKMARK [2][-]{subsection.2.1}{Important definitions}{section.2}% 3
\BOOKMARK [1][-]{section.3}{Experimental data files}{}% 4
\BOOKMARK [2][-]{subsection.3.1}{Process types and kinematics}{section.3}% 5
\BOOKMARK [2][-]{subsection.3.2}{CommonData file format}{section.3}% 6
\BOOKMARK [2][-]{subsection.3.3}{SYSTYPE file format}{section.3}% 7
\BOOKMARK [1][-]{section.4}{Theory data files}{}% 8
\BOOKMARK [2][-]{subsection.4.1}{FK file format}{section.4}% 9
\BOOKMARK [2][-]{subsection.4.2}{CFACTOR file format}{section.4}% 10
\BOOKMARK [2][-]{subsection.4.3}{COMPOUND file format}{section.4}% 11
\BOOKMARK [1][-]{section.5}{Organisation of data files}{}% 12
\BOOKMARK [2][-]{subsection.5.1}{Experimental data storage}{section.5}% 13
\BOOKMARK [2][-]{subsection.5.2}{Theory lookup table}{section.5}% 14
\BOOKMARK [2][-]{subsection.5.3}{Theory storage}{section.5}% 15
\BOOKMARK [1][-]{appendix.A}{Theory/FK configuration variables}{}% 16
\BOOKMARK [1][-]{appendix.B}{CFACTOR file format example}{}% 17
\BOOKMARK [1][-]{appendix.C}{FK preamble examples}{}% 18
\BOOKMARK [2][-]{subsection.C.1}{DIS preamble - BCDMSD}{appendix.C}% 19
\BOOKMARK [2][-]{subsection.C.2}{Hadronic preamble - CDFR2KT}{appendix.C}% 20
