 -----------------------------------------------------------------------------------
     Initiating Linear Average With Systematic UncertaInTies  program
  
  Version of Thu Sep 10 2009 
  
 -----------------------------------------------------------------------------------
Read F2 from   2 files
 Leave CMS energy per experiment unmodified
 LSqrtStat = True,  rescale stat. and uncorr errors separately
 LSqrtStat2 = false, ignore syst. bias for stat. errors
 LConstStat = False
 Average  data from the same dataset swimming to the same x,Q^2
 Use relative syst. errors= F
  
 Q2 grid=   20.0000000       43.0000000       36.0000000       6.00000000       3.00000000       12.0000000    
  
Reading file ZeePtBorn.nml 
N meas, reaction, nsyst=   43    1   45
Center of Mass energy=      7.00
SYSTFILE:      ZeePtBorn.nml    45   1   2   3   4   5   6   7   8   9  11  12  19  20  21  22  23  25  26  27  28  29  30  31  32  33  34  35  36  37  38   0   0  41  42   0  62  63   0  65   0  67  68   0  70  71
SYSFILET:      ZeePtBorn.nml   1  2  3  4  5  6  7  8  9  0 10 11  0  0  0  0  0  0 12 13 14 15 16  0 17 18 19 20 21 22 23 24 25 26 27 28 29 30  0  0 33 34  0  0  0  0  0  0  0  0  0  0  0  0  0  0  0  0  0  0  0 36 37  0 39  0 41 42  0 44 45  0  0  0  0  0  0  0  0  0  0  0  0  0  0  0  0  0  0  0  0  0  0  0  0  0  0  0  0  0  0  0  0  0  0  0  0  0  0  0
 Got new CME   7.00000000    
Correlated systematic= 39
 UNKNOWN REACTION=           1
 NO INTERPOLATION
 Interpolation for reaction =           1
   43.0000000  162.5000000 ->    43.0000000  165.0000000 Scale=    1.0000
 UNKNOWN REACTION=           1
 NO INTERPOLATION
 Interpolation for reaction =           1
   43.0000000  187.5000000 ->    43.0000000  195.0000000 Scale=    1.0000
 UNKNOWN REACTION=           1
 NO INTERPOLATION
 Interpolation for reaction =           1
   43.0000000  225.0000000 ->    43.0000000  230.0000000 Scale=    1.0000
  
Reading file ZmumuPtBorn.nml 
N meas, reaction, nsyst=   43    1   30
Center of Mass energy=      7.00
SYSTFILE:    ZmumuPtBorn.nml    30   1   2   3   4   5   6   7   8   9  11  12  19  20  21  22  23  50  51  52  53  54  55   0   0  59  60   0  62  63  64
SYSFILET:    ZmumuPtBorn.nml   1  2  3  4  5  6  7  8  9  0 10 11  0  0  0  0  0  0 12 13 14 15 16  0  0  0  0  0  0  0  0  0  0  0  0  0  0  0  0  0  0  0  0  0  0  0  0  0  0 17 18 19 20 21 22  0  0  0 25 26  0 28 29 30  0  0  0  0  0  0  0  0  0  0  0  0  0  0  0  0  0  0  0  0  0  0  0  0  0  0  0  0  0  0  0  0  0  0  0  0  0  0  0  0  0  0  0  0  0  0
Correlated systematic= 27
 UNKNOWN REACTION=           1
 NO INTERPOLATION
 Interpolation for reaction =           1
   43.0000000  162.5000000 ->    43.0000000  165.0000000 Scale=    1.0000
 UNKNOWN REACTION=           1
 NO INTERPOLATION
 Interpolation for reaction =           1
   43.0000000  187.5000000 ->    43.0000000  195.0000000 Scale=    1.0000
 UNKNOWN REACTION=           1
 NO INTERPOLATION
 Interpolation for reaction =           1
   43.0000000  225.0000000 ->    43.0000000  230.0000000 Scale=    1.0000
  
Read in   86 total  XS points
Read in   43 unique XS points
  
 Total number of SF/X-section points=          43
 Total number of SF/X-section points=          43
 Total number of SF/X-section points=          43
  
 Fitted systematics:
  
  1  corr1                              -0.0050    0.9999
  2  corr2                              -0.0077    1.0000
  3  corr3                              -0.0019    1.0000
  4  corr4                               0.0246    0.9901
  5  corr5                              -0.0262    0.9992
  6  corr6                              -0.0132    0.9997
  7  corr7                              -0.0004    1.0000
  8  corr8                              -0.0029    1.0000
  9  corr9                               0.0786    0.9985
 10  corr10                             -0.0000    1.0000
 11  corr11                             -0.0232    0.9964
 12  corr12                             -0.0000    1.0000
 13  corr13                             -0.0000    1.0000
 14  corr14                             -0.0000    1.0000
 15  corr15                             -0.0000    1.0000
 16  corr16                             -0.0000    1.0000
 17  corr17                             -0.0000    1.0000
 18  corr18                             -0.0000    1.0000
 19  corr19                             -0.8340    0.8953
 20  corr20                             -0.0094    1.0000
 21  corr21                             -1.0214    0.6047
 22  corr22                              0.1287    0.5072
 23  corr23                              0.0109    0.9980
 24  corr24                             -0.0000    1.0000
 25  corr25                             -0.4785    0.4969
 26  corr26                             -0.0561    0.9804
 27  corr27                             -0.5658    0.8990
 28  corr28                              0.1738    0.9720
 29  corr29                              0.0495    0.9641
 30  corr30                             -0.0632    0.9738
 31  corr31                             -0.3326    0.9350
 32  corr32                             -0.0228    0.9819
 33  corr33                              0.0910    0.9492
 34  corr34                              0.3406    0.9257
 35  corr35                              0.0853    0.9872
 36  corr36                             -0.0535    0.9962
 37  corr37                             -0.0000    1.0000
 38  corr38                             -0.2875    0.7151
 39  corr39                             -0.0000    1.0000
 40  corr40                             -0.0000    1.0000
 41  corr41                             -0.0090    0.6768
 42  corr42                             -0.0000    1.0000
 43  corr43                             -0.0000    1.0000
 44  corr44                             -0.0000    1.0000
 45  corr45                             -0.0000    1.0000
 46  corr46                             -0.0000    1.0000
 47  corr47                             -0.0000    1.0000
 48  corr48                             -0.0000    1.0000
 49  corr49                             -0.0000    1.0000
 50  corr50                              0.1728    0.8361
 51  corr51                             -0.0088    0.8163
 52  corr52                             -0.1610    0.6633
 53  corr53                             -0.2966    0.9261
 54  corr54                              0.2044    0.9808
 55  corr55                             -0.3099    0.8442
 56  corr56                             -0.0000    1.0000
 57  corr57                             -0.0000    1.0000
 58  corr58                             -0.0000    1.0000
 59  corr59                             -0.2976    0.9892
 60  corr60                              0.0686    0.9975
 61  corr61                             -0.0000    1.0000
 62  corr62                             -0.8378    0.9485
 63  corr63                             -0.2393    0.9717
 64  corr64                             -0.1626    0.9638
 65  corr65                             -0.4731    0.6173
 66  corr66                             -0.0000    1.0000
 67  corr67                             -0.1112    0.9953
 68  corr68                              0.0906    0.9955
 69  corr69                             -0.0000    1.0000
 70  corr70                              0.1513    0.9856
 71  corr71                             -0.0316    0.9813
 72  corr72                             -0.0000    1.0000
 73  corr73                             -0.0000    1.0000
 74  corr74                             -0.0000    1.0000
 75  corr75                             -0.0000    1.0000
 76  corr76                             -0.0000    1.0000
 77  corr77                             -0.0000    1.0000
 78  corr78                             -0.0000    1.0000
 79  corr79                             -0.0000    1.0000
 80  corr80                             -0.0000    1.0000
 81  corr81                             -0.0000    1.0000
 82  corr82                             -0.0000    1.0000
 83  corr83                             -0.0000    1.0000
 84  corr84                             -0.0000    1.0000
 85  corr85                             -0.0000    1.0000
 86  corr86                             -0.0000    1.0000
 87  corr87                             -0.0000    1.0000
 88  corr88                             -0.0000    1.0000
 89  corr89                             -0.0000    1.0000
 90  corr90                             -0.0000    1.0000
 91  corr91                             -0.0000    1.0000
 92  corr92                             -0.0000    1.0000
 93  corr93                             -0.0000    1.0000
 94  corr94                             -0.0000    1.0000
 95  corr95                             -0.0000    1.0000
 96  corr96                             -0.0000    1.0000
 97  corr97                             -0.0000    1.0000
 98  corr98                             -0.0000    1.0000
 99  corr99                             -0.0000    1.0000
  
 Output F2:
  
  
 Reaction =     1
  
      Q2         X         Y      X-sect   E-Uncor    E-Corr   E-Total
   43.0000    1.0000    6.1429   14.2865    0.0261    0.0983    0.1017
   43.0000    3.0000    2.0476   29.6933    0.0374    0.1443    0.1490
   43.0000    5.0000    1.2286   29.9424    0.0385    0.1434    0.1485
   43.0000    7.0000    0.8776   25.9802    0.0351    0.1205    0.1255
   43.0000    9.0000    0.6825   21.6935    0.0313    0.1026    0.1072
   43.0000   11.0000    0.5584   18.1271    0.0300    0.0823    0.0876
   43.0000   13.0000    0.4725   15.1992    0.0265    0.0701    0.0750
   43.0000   15.0000    0.4095   12.8710    0.0238    0.0619    0.0663
   43.0000   17.0000    0.3613   10.9354    0.0230    0.0514    0.0563
   43.0000   19.0000    0.3233    9.4052    0.0212    0.0463    0.0509
   43.0000   21.2500    0.2891    7.9725    0.0172    0.0398    0.0434
   43.0000   23.7500    0.2586    6.7009    0.0161    0.0337    0.0374
   43.0000   26.2500    0.2340    5.6887    0.0148    0.0292    0.0327
   43.0000   28.7500    0.2137    4.8530    0.0137    0.0254    0.0288
   43.0000   31.5000    0.1950    4.1126    0.0112    0.0219    0.0246
   43.0000   34.5000    0.1781    3.5001    0.0104    0.0194    0.0220
   43.0000   37.5000    0.1638    2.9488    0.0097    0.0165    0.0191
   43.0000   40.5000    0.1517    2.5369    0.0087    0.0149    0.0173
   43.0000   43.5000    0.1412    2.1926    0.0085    0.0133    0.0158
   43.0000   46.5000    0.1321    1.9053    0.0081    0.0117    0.0142
   43.0000   49.5000    0.1241    1.6333    0.0074    0.0105    0.0128
   43.0000   52.5000    0.1170    1.4405    0.0070    0.0095    0.0118
   43.0000   55.5000    0.1107    1.2581    0.0065    0.0082    0.0105
   43.0000   59.0000    0.1041    1.0926    0.0051    0.0072    0.0089
   43.0000   63.0000    0.0975    0.9126    0.0047    0.0061    0.0077
   43.0000   67.5000    0.0910    0.7700    0.0037    0.0053    0.0064
   43.0000   72.5000    0.0847    0.6174    0.0035    0.0043    0.0055
   43.0000   77.5000    0.0793    0.5137    0.0031    0.0035    0.0047
   43.0000   82.5000    0.0745    0.4190    0.0029    0.0029    0.0041
   43.0000   90.0000    0.0683    0.3116    0.0015    0.0021    0.0025
   43.0000  100.0000    0.0614    0.2204    0.0012    0.0014    0.0019
   43.0000  115.0000    0.0534    0.1389    0.0006    0.0009    0.0011
   43.0000  137.5000    0.0447    0.0721    0.0004    0.0004    0.0006
   43.0000  165.0000    0.0372    0.0374    0.0003    0.0002    0.0004
   43.0000  195.0000    0.0315    0.0204    0.0002    0.0001    0.0003
   43.0000  230.0000    0.0267    0.0095    0.0001    0.0001    0.0001
   43.0000  275.0000    0.0223    0.0036    0.0001    0.0000    0.0001
   43.0000  325.0000    0.0189    0.0015    0.0000    0.0000    0.0000
   43.0000  375.0000    0.0164    0.0007    0.0000    0.0000    0.0000
   43.0000  435.0000    0.0141    0.0003    0.0000    0.0000    0.0000
   43.0000  510.0000    0.0120    0.0001    0.0000    0.0000    0.0000
   43.0000  600.0000    0.0102    0.0000    0.0000    0.0000    0.0000
   43.0000  775.0000    0.0079    0.0000    0.0000    0.0000    0.0000
  
Chi2 EXCLUDING systematics=   38.0575
  
TOTAL Chi2/ndf= 42/43
  
