 -----------------------------------------------------------------------------------
     Initiating Linear Average With Systematic UncertaInTies  program
  
  Version of Thu Sep 10 2009 
  
 -----------------------------------------------------------------------------------
Read F2 from   2 files
 Leave CMS energy per experiment unmodified
 LSqrtStat = True,  rescale stat. and uncorr errors separately
 LSqrtStat2 = false, ignore syst. bias for stat. errors
 LConstStat = False
 Average  data from the same dataset swimming to the same x,Q^2
 Use relative syst. errors= F
  
 Q2 grid=   20.0000000       43.0000000       36.0000000       6.00000000       3.00000000       12.0000000    
  
Reading file ZeePtY1U2BornNorm.nml 
N meas, reaction, nsyst=   20    1   48
Center of Mass energy=      7.00
SYSTFILE:ZeePtY1U2BornNorm.nm   48   1   2   3   4   5   6   7   8   9  11  12  19  20  21  22  23  25  26  27  28  29  30  31  32  33  34  35  36  37  38   0   0  41  42   0  62  63   0  65  66   0  68  69  70  71   0  73  74
SYSFILET:ZeePtY1U2BornNorm.nm  1  2  3  4  5  6  7  8  9  0 10 11  0  0  0  0  0  0 12 13 14 15 16  0 17 18 19 20 21 22 23 24 25 26 27 28 29 30  0  0 33 34  0  0  0  0  0  0  0  0  0  0  0  0  0  0  0  0  0  0  0 36 37  0 39 40  0 42 43 44 45  0 47 48  0  0  0  0  0  0  0  0  0  0  0  0  0  0  0  0  0  0  0  0  0  0  0  0  0  0  0  0  0  0  0  0  0  0  0  0
 Got new CME   7.00000000    
Correlated systematic= 42
  
Reading file ZmumuPtY1U2BornNorm.nml 
N meas, reaction, nsyst=   20    1   30
Center of Mass energy=      7.00
SYSTFILE:ZmumuPtY1U2BornNorm.   30   1   2   3   4   5   6   7   8   9  11  12  19  20  21  22  23  50  51  52  53  54  55   0   0  59  60   0  62  63  64
SYSFILET:ZmumuPtY1U2BornNorm.  1  2  3  4  5  6  7  8  9  0 10 11  0  0  0  0  0  0 12 13 14 15 16  0  0  0  0  0  0  0  0  0  0  0  0  0  0  0  0  0  0  0  0  0  0  0  0  0  0 17 18 19 20 21 22  0  0  0 25 26  0 28 29 30  0  0  0  0  0  0  0  0  0  0  0  0  0  0  0  0  0  0  0  0  0  0  0  0  0  0  0  0  0  0  0  0  0  0  0  0  0  0  0  0  0  0  0  0  0  0
Correlated systematic= 27
  
Read in   40 total  XS points
Read in   20 unique XS points
  
 Total number of SF/X-section points=          20
 Total number of SF/X-section points=          20
 Total number of SF/X-section points=          20
  
 Fitted systematics:
  
  1  corr1                              -0.0013    1.0000
  2  corr2                              -0.0039    1.0000
  3  corr3                              -0.0051    1.0000
  4  corr4                               0.0193    0.9974
  5  corr5                               0.0101    0.9996
  6  corr6                               0.0147    0.9999
  7  corr7                               0.0019    1.0000
  8  corr8                              -0.0043    1.0000
  9  corr9                               0.0051    0.9989
 10  corr10                             -0.0000    1.0000
 11  corr11                             -0.0387    0.9984
 12  corr12                             -0.0000    1.0000
 13  corr13                             -0.0000    1.0000
 14  corr14                             -0.0000    1.0000
 15  corr15                             -0.0000    1.0000
 16  corr16                             -0.0000    1.0000
 17  corr17                             -0.0000    1.0000
 18  corr18                             -0.0000    1.0000
 19  corr19                             -0.1564    0.9706
 20  corr20                              0.0011    1.0000
 21  corr21                              0.2327    0.9050
 22  corr22                             -0.2349    0.6051
 23  corr23                              0.0050    0.9993
 24  corr24                             -0.0000    1.0000
 25  corr25                              0.5006    0.7737
 26  corr26                             -0.0780    0.9957
 27  corr27                             -0.1797    0.9817
 28  corr28                              0.1230    0.9916
 29  corr29                              0.1941    0.9886
 30  corr30                             -0.1175    0.9958
 31  corr31                             -0.1432    0.9905
 32  corr32                             -0.1081    0.9937
 33  corr33                              0.2760    0.9755
 34  corr34                              0.1596    0.9834
 35  corr35                             -0.1078    0.9969
 36  corr36                             -0.0000    1.0000
 37  corr37                             -0.0000    1.0000
 38  corr38                              0.2587    0.9189
 39  corr39                             -0.0000    1.0000
 40  corr40                             -0.0000    1.0000
 41  corr41                             -0.1152    0.9496
 42  corr42                             -0.0000    1.0000
 43  corr43                             -0.0000    1.0000
 44  corr44                             -0.0000    1.0000
 45  corr45                             -0.0000    1.0000
 46  corr46                             -0.0000    1.0000
 47  corr47                             -0.0000    1.0000
 48  corr48                             -0.0000    1.0000
 49  corr49                             -0.0000    1.0000
 50  corr50                             -0.1187    0.9942
 51  corr51                             -0.0577    0.9256
 52  corr52                              0.2063    0.9239
 53  corr53                             -0.1967    0.9689
 54  corr54                              0.3123    0.9581
 55  corr55                             -0.1860    0.9495
 56  corr56                             -0.0000    1.0000
 57  corr57                             -0.0000    1.0000
 58  corr58                             -0.0000    1.0000
 59  corr59                             -0.1066    0.9910
 60  corr60                             -0.0661    0.9986
 61  corr61                             -0.0000    1.0000
 62  corr62                             -0.1599    0.9753
 63  corr63                             -0.1972    0.9866
 64  corr64                              0.3464    0.9730
 65  corr65                              0.0438    0.9770
 66  corr66                             -0.4959    0.7591
 67  corr67                             -0.0000    1.0000
 68  corr68                              0.0825    0.9971
 69  corr69                             -0.0713    0.9981
 70  corr70                              0.0085    0.9978
 71  corr71                              0.0617    0.9956
 72  corr72                             -0.0000    1.0000
 73  corr73                              0.0209    0.9987
 74  corr74                              0.1461    0.9831
 75  corr75                             -0.0000    1.0000
 76  corr76                             -0.0000    1.0000
 77  corr77                             -0.0000    1.0000
 78  corr78                             -0.0000    1.0000
 79  corr79                             -0.0000    1.0000
 80  corr80                             -0.0000    1.0000
 81  corr81                             -0.0000    1.0000
 82  corr82                             -0.0000    1.0000
 83  corr83                             -0.0000    1.0000
 84  corr84                             -0.0000    1.0000
 85  corr85                             -0.0000    1.0000
 86  corr86                             -0.0000    1.0000
 87  corr87                             -0.0000    1.0000
 88  corr88                             -0.0000    1.0000
 89  corr89                             -0.0000    1.0000
 90  corr90                             -0.0000    1.0000
 91  corr91                             -0.0000    1.0000
 92  corr92                             -0.0000    1.0000
 93  corr93                             -0.0000    1.0000
 94  corr94                             -0.0000    1.0000
 95  corr95                             -0.0000    1.0000
 96  corr96                             -0.0000    1.0000
 97  corr97                             -0.0000    1.0000
 98  corr98                             -0.0000    1.0000
 99  corr99                             -0.0000    1.0000
  
 Output F2:
  
  
 Reaction =     1
  
      Q2         X         Y      X-sect   E-Uncor    E-Corr   E-Total
   20.0000    1.0000    2.8571    0.0270    0.0001    0.0002    0.0002
   20.0000    3.0000    0.9524    0.0556    0.0001    0.0002    0.0002
   20.0000    5.0000    0.5714    0.0557    0.0001    0.0002    0.0002
   20.0000    7.0000    0.4082    0.0488    0.0001    0.0001    0.0002
   20.0000    9.0000    0.3175    0.0408    0.0001    0.0002    0.0002
   20.0000   11.5000    0.2484    0.0325    0.0001    0.0001    0.0001
   20.0000   14.5000    0.1970    0.0250    0.0001    0.0000    0.0001
   20.0000   18.0000    0.1587    0.0189    0.0001    0.0000    0.0001
   20.0000   22.5000    0.1270    0.0136    0.0000    0.0000    0.0000
   20.0000   27.5000    0.1039    0.0097    0.0000    0.0000    0.0000
   20.0000   33.5000    0.0853    0.0068    0.0000    0.0000    0.0000
   20.0000   41.0000    0.0697    0.0046    0.0000    0.0000    0.0000
   20.0000   50.0000    0.0571    0.0030    0.0000    0.0000    0.0000
   20.0000   60.0000    0.0476    0.0019    0.0000    0.0000    0.0000
   20.0000   70.0000    0.0408    0.0013    0.0000    0.0000    0.0000
   20.0000   80.0000    0.0357    0.0009    0.0000    0.0000    0.0000
   20.0000   95.0000    0.0301    0.0005    0.0000    0.0000    0.0000
   20.0000  127.5000    0.0224    0.0002    0.0000    0.0000    0.0000
   20.0000  175.0000    0.0163    0.0001    0.0000    0.0000    0.0000
   20.0000  550.0000    0.0052    0.0000    0.0000    0.0000    0.0000
  
Chi2 EXCLUDING systematics=   10.1995
  
TOTAL Chi2/ndf= 11/20
  
