 -----------------------------------------------------------------------------------
     Initiating Linear Average With Systematic UncertaInTies  program
  
  Version of Thu Sep 10 2009 
  
 -----------------------------------------------------------------------------------
Read F2 from   2 files
 Leave CMS energy per experiment unmodified
 LSqrtStat = True,  rescale stat. and uncorr errors separately
 LSqrtStat2 = false, ignore syst. bias for stat. errors
 LConstStat = False
 Average  data from the same dataset swimming to the same x,Q^2
 Use relative syst. errors= F
  
 Q2 grid=   36.000000    
  
Reading file inputdata/ZeePhiStar_born_highmass_allrapidity.nml 
N meas, reaction, nsyst=   36    1   23
Center of Mass energy=      7.00
SYSTFILE:inputdata/ZeePhiStar   23   1   2   3   4   5   6   7   8   9  10  11  12  13  14  15  16  17  18  19  20  21  22   0
SYSFILET:inputdata/ZeePhiStar  1  2  3  4  5  6  7  8  9 10 11 12 13 14 15 16 17 18 19 20 21 22  0  0  0  0  0  0  0  0  0  0  0  0  0  0  0  0  0  0  0  0  0  0  0  0  0  0  0  0  0  0  0  0  0  0  0  0  0  0  0  0  0  0  0  0  0  0  0  0  0  0  0  0  0  0  0  0  0  0  0  0  0  0  0  0  0  0  0  0  0  0  0  0  0  0  0  0  0  0  0  0  0  0  0  0  0  0  0  0
 Got new CME   7.0000000    
Correlated systematic= 22
  
Reading file inputdata/ZmmPhiStar_born_highmass_allrapidity.nml 
N meas, reaction, nsyst=   36    1   30
Center of Mass energy=      7.00
SYSTFILE:inputdata/ZmmPhiStar   30   1   2   3   4   5   6   7   8   9  11  12  19  20  21  22  23  50  51  52  53  54  55   0   0  59  60   0  62  63  64
SYSFILET:inputdata/ZmmPhiStar  1  2  3  4  5  6  7  8  9  0 10 11  0  0  0  0  0  0 12 13 14 15 16  0  0  0  0  0  0  0  0  0  0  0  0  0  0  0  0  0  0  0  0  0  0  0  0  0  0 17 18 19 20 21 22  0  0  0 25 26  0 28 29 30  0  0  0  0  0  0  0  0  0  0  0  0  0  0  0  0  0  0  0  0  0  0  0  0  0  0  0  0  0  0  0  0  0  0  0  0  0  0  0  0  0  0  0  0  0  0
Correlated systematic= 27
  
Read in   72 total  XS points
Read in   36 unique XS points
  
 Total number of SF/X-section points=          36
 Total number of SF/X-section points=          36
 Total number of SF/X-section points=          36
  
 Fitted systematics:
  
  1  corr1                               0.0302    0.9940
  2  corr2                               0.0041    1.0000
  3  corr3                              -0.0074    1.0000
  4  corr4                               0.0611    0.9943
  5  corr5                              -0.0183    0.9999
  6  corr6                              -0.0836    0.9347
  7  corr7                              -0.0089    1.0000
  8  corr8                               0.0182    0.9992
  9  corr9                              -0.2758    0.9468
 10  corr10                             -0.1169    0.9835
 11  corr11                              0.5093    0.8127
 12  corr12                             -0.0043    0.9989
 13  corr13                              0.1581    0.9940
 14  corr14                              0.1716    0.9923
 15  corr15                              0.3453    0.9656
 16  corr16                              0.0515    0.9994
 17  corr17                              0.0816    0.8321
 18  corr18                              0.5004    0.8421
 19  corr19                              0.0061    0.8669
 20  corr20                             -0.0078    1.0000
 21  corr21                             -0.0600    0.9976
 22  corr22                             -0.0862    0.9647
 23  corr23                             -0.0573    0.9984
 24  corr24                             -0.0000    1.0000
 25  corr25                             -0.0000    1.0000
 26  corr26                             -0.0000    1.0000
 27  corr27                             -0.0000    1.0000
 28  corr28                             -0.0000    1.0000
 29  corr29                             -0.0000    1.0000
 30  corr30                             -0.0000    1.0000
 31  corr31                             -0.0000    1.0000
 32  corr32                             -0.0000    1.0000
 33  corr33                             -0.0000    1.0000
 34  corr34                             -0.0000    1.0000
 35  corr35                             -0.0000    1.0000
 36  corr36                             -0.0000    1.0000
 37  corr37                             -0.0000    1.0000
 38  corr38                             -0.0000    1.0000
 39  corr39                             -0.0000    1.0000
 40  corr40                             -0.0000    1.0000
 41  corr41                             -0.0000    1.0000
 42  corr42                             -0.0000    1.0000
 43  corr43                             -0.0000    1.0000
 44  corr44                             -0.0000    1.0000
 45  corr45                             -0.0000    1.0000
 46  corr46                             -0.0000    1.0000
 47  corr47                             -0.0000    1.0000
 48  corr48                             -0.0000    1.0000
 49  corr49                             -0.0000    1.0000
 50  corr50                             -0.0100    1.0000
 51  corr51                              0.0926    0.9922
 52  corr52                              0.4115    0.9832
 53  corr53                             -0.1331    0.9975
 54  corr54                             -0.0006    1.0000
 55  corr55                             -0.0088    0.9998
 56  corr56                             -0.0000    1.0000
 57  corr57                             -0.0000    1.0000
 58  corr58                             -0.0000    1.0000
 59  corr59                             -0.9311    0.6110
 60  corr70                             -0.0086    1.0000
 61  corr61                             -0.0000    1.0000
 62  corr62                             -0.0000    1.0000
 63  corr63                             -0.0000    1.0000
 64  corr64                              0.0224    0.9997
 65  corr65                             -0.0000    1.0000
 66  corr66                             -0.0000    1.0000
 67  corr67                             -0.0000    1.0000
 68  corr68                             -0.0000    1.0000
 69  corr69                             -0.0000    1.0000
 70                                     -0.0000    1.0000
 71  corr71                             -0.0000    1.0000
 72  corr72                             -0.0000    1.0000
 73  corr73                             -0.0000    1.0000
 74  corr74                             -0.0000    1.0000
 75  corr75                             -0.0000    1.0000
 76  corr76                             -0.0000    1.0000
 77  corr77                             -0.0000    1.0000
 78  corr78                             -0.0000    1.0000
 79  corr79                             -0.0000    1.0000
 80  corr80                             -0.0000    1.0000
 81  corr81                             -0.0000    1.0000
 82  corr82                             -0.0000    1.0000
 83  corr83                             -0.0000    1.0000
 84  corr84                             -0.0000    1.0000
 85  corr85                             -0.0000    1.0000
 86  corr86                             -0.0000    1.0000
 87  corr87                             -0.0000    1.0000
 88  corr88                             -0.0000    1.0000
 89  corr89                             -0.0000    1.0000
 90  corr90                             -0.0000    1.0000
 91  corr91                             -0.0000    1.0000
 92  corr92                             -0.0000    1.0000
 93  corr93                             -0.0000    1.0000
 94  corr94                             -0.0000    1.0000
 95  corr95                             -0.0000    1.0000
 96  corr96                             -0.0000    1.0000
 97  corr97                             -0.0000    1.0000
 98  corr98                             -0.0000    1.0000
 99  corr99                             -0.0000    1.0000
  
 Output F2:
  
  
 Reaction =     1
  
      Q2         X         Y      X-sect   E-Uncor    E-Corr   E-Total
   36.0000    0.0020 2571.4285   11.6344    0.1484    0.2492    0.2901
   36.0000    0.0060  857.1429   11.5930    0.1474    0.0957    0.1758
   36.0000    0.0100  514.2857   10.9942    0.1417    0.0685    0.1574
   36.0000    0.0140  367.3469   10.9481    0.1407    0.0577    0.1521
   36.0000    0.0180  285.7143   10.0224    0.1358    0.0520    0.1454
   36.0000    0.0220  233.7662    9.5846    0.1324    0.0501    0.1415
   36.0000    0.0265  194.0701    8.8629    0.1133    0.0382    0.1196
   36.0000    0.0315  163.2653    8.2010    0.1099    0.0383    0.1164
   36.0000    0.0365  140.9002    7.3931    0.1030    0.0339    0.1085
   36.0000    0.0420  122.4490    6.5871    0.0866    0.0330    0.0927
   36.0000    0.0480  107.1429    6.0341    0.0854    0.0308    0.0908
   36.0000    0.0540   95.2381    5.4353    0.0793    0.0290    0.0844
   36.0000    0.0605   85.0059    5.0137    0.0717    0.0292    0.0774
   36.0000    0.0680   75.6302    4.3997    0.0648    0.0261    0.0699
   36.0000    0.0765   67.2269    3.8918    0.0559    0.0225    0.0602
   36.0000    0.0860   59.8007    3.3556    0.0485    0.0203    0.0526
   36.0000    0.0965   53.2939    3.0192    0.0450    0.0197    0.0491
   36.0000    0.1080   47.6190    2.5680    0.0396    0.0183    0.0436
   36.0000    0.1210   42.5030    2.1468    0.0333    0.0128    0.0357
   36.0000    0.1365   37.6766    1.8403    0.0286    0.0104    0.0305
   36.0000    0.1550   33.1797    1.5518    0.0243    0.0085    0.0258
   36.0000    0.1770   29.0557    1.2154    0.0196    0.0081    0.0212
   36.0000    0.2040   25.2101    0.9613    0.0161    0.0080    0.0180
   36.0000    0.2385   21.5633    0.7637    0.0128    0.0065    0.0143
   36.0000    0.2850   18.0451    0.5382    0.0096    0.0058    0.0112
   36.0000    0.3515   14.6312    0.3458    0.0065    0.0044    0.0078
   36.0000    0.4575   11.2412    0.1983    0.0039    0.0033    0.0051
   36.0000    0.6095    8.4378    0.0959    0.0027    0.0021    0.0034
   36.0000    0.8065    6.3768    0.0511    0.0017    0.0012    0.0021
   36.0000    1.0355    4.9665    0.0255    0.0011    0.0005    0.0012
   36.0000    1.3245    3.8829    0.0136    0.0007    0.0004    0.0008
   36.0000    1.7215    2.9874    0.0059    0.0004    0.0002    0.0004
   36.0000    2.2345    2.3016    0.0030    0.0002    0.0001    0.0003
   36.0000    2.8995    1.7737    0.0016    0.0002    0.0001    0.0002
   36.0000    4.1385    1.2427    0.0006    0.0001    0.0000    0.0001
   36.0000    7.5000    0.6857    0.0002    0.0000    0.0000    0.0000
  
Chi2 EXCLUDING systematics=   29.3045
  
TOTAL Chi2/ndf=   31.1772/  36
  
