 -----------------------------------------------------------------------------------
     Initiating Linear Average With Systematic UncertaInTies  program
  
  Version of Thu Sep 10 2009 
  
 -----------------------------------------------------------------------------------
Read F2 from   2 files
 Leave CMS energy per experiment unmodified
 LSqrtStat = True,  rescale stat. and uncorr errors separately
 LSqrtStat2 = false, ignore syst. bias for stat. errors
 LConstStat = False
 Average  data from the same dataset swimming to the same x,Q^2
 Use relative syst. errors= F
  
 Q2 grid=   20.0000000       43.0000000       36.0000000       6.00000000       3.00000000       12.0000000    
  
Reading file ZeePtY3U2Born.nml 
N meas, reaction, nsyst=   20    1   45
Center of Mass energy=      7.00
SYSTFILE:  ZeePtY3U2Born.nml    45   1   2   3   4   5   6   7   8   9  11  12  19  20  21  22  23  25  26  27  28  29  30  31  32  33  34  35  36  37  38   0   0  41  42   0  62  63   0  65   0  67  68   0  70  71
SYSFILET:  ZeePtY3U2Born.nml   1  2  3  4  5  6  7  8  9  0 10 11  0  0  0  0  0  0 12 13 14 15 16  0 17 18 19 20 21 22 23 24 25 26 27 28 29 30  0  0 33 34  0  0  0  0  0  0  0  0  0  0  0  0  0  0  0  0  0  0  0 36 37  0 39  0 41 42  0 44 45  0  0  0  0  0  0  0  0  0  0  0  0  0  0  0  0  0  0  0  0  0  0  0  0  0  0  0  0  0  0  0  0  0  0  0  0  0  0  0
 Got new CME   7.00000000    
Correlated systematic= 39
  
Reading file ZmumuPtY3U2Born.nml 
N meas, reaction, nsyst=   20    1   30
Center of Mass energy=      7.00
SYSTFILE:ZmumuPtY3U2Born.nml    30   1   2   3   4   5   6   7   8   9  11  12  19  20  21  22  23  50  51  52  53  54  55   0   0  59  60   0  62  63  64
SYSFILET:ZmumuPtY3U2Born.nml   1  2  3  4  5  6  7  8  9  0 10 11  0  0  0  0  0  0 12 13 14 15 16  0  0  0  0  0  0  0  0  0  0  0  0  0  0  0  0  0  0  0  0  0  0  0  0  0  0 17 18 19 20 21 22  0  0  0 25 26  0 28 29 30  0  0  0  0  0  0  0  0  0  0  0  0  0  0  0  0  0  0  0  0  0  0  0  0  0  0  0  0  0  0  0  0  0  0  0  0  0  0  0  0  0  0  0  0  0  0
Correlated systematic= 27
  
Read in   40 total  XS points
Read in   20 unique XS points
  
 Total number of SF/X-section points=          20
 Total number of SF/X-section points=          20
 Total number of SF/X-section points=          20
  
 Fitted systematics:
  
  1  corr1                              -0.0088    1.0000
  2  corr2                              -0.0002    1.0000
  3  corr3                               0.0005    1.0000
  4  corr4                               0.1669    0.9930
  5  corr5                               0.0254    0.9989
  6  corr6                               0.0020    0.9999
  7  corr7                              -0.0007    1.0000
  8  corr8                               0.0025    1.0000
  9  corr9                               0.0415    0.9998
 10  corr10                             -0.0000    1.0000
 11  corr11                              0.0282    0.9976
 12  corr12                             -0.0000    1.0000
 13  corr13                             -0.0000    1.0000
 14  corr14                             -0.0000    1.0000
 15  corr15                             -0.0000    1.0000
 16  corr16                             -0.0000    1.0000
 17  corr17                             -0.0000    1.0000
 18  corr18                             -0.0000    1.0000
 19  corr19                             -0.3817    0.9544
 20  corr20                             -0.0010    1.0000
 21  corr21                             -0.4896    0.7927
 22  corr22                              0.3733    0.7068
 23  corr23                             -0.0026    0.9997
 24  corr24                             -0.0000    1.0000
 25  corr25                             -0.3294    0.6667
 26  corr26                             -0.0943    0.9910
 27  corr27                             -0.4989    0.9274
 28  corr28                             -0.0317    0.9961
 29  corr29                              0.0603    0.9839
 30  corr30                              0.0223    0.9883
 31  corr31                             -0.1530    0.9751
 32  corr32                             -0.1253    0.9941
 33  corr33                             -0.1100    0.9836
 34  corr34                              0.0913    0.9351
 35  corr35                             -0.0939    0.9952
 36  corr36                              0.0740    0.9987
 37  corr37                             -0.0000    1.0000
 38  corr38                             -0.5786    0.9168
 39  corr39                             -0.0000    1.0000
 40  corr40                             -0.0000    1.0000
 41  corr41                              0.0923    0.9870
 42  corr42                             -0.0000    1.0000
 43  corr43                             -0.0000    1.0000
 44  corr44                             -0.0000    1.0000
 45  corr45                             -0.0000    1.0000
 46  corr46                             -0.0000    1.0000
 47  corr47                             -0.0000    1.0000
 48  corr48                             -0.0000    1.0000
 49  corr49                             -0.0000    1.0000
 50  corr50                              0.3539    0.9207
 51  corr51                             -0.0057    0.9268
 52  corr52                             -0.2283    0.8955
 53  corr53                             -0.0072    0.9703
 54  corr54                              0.1557    0.9882
 55  corr55                             -0.0552    0.8728
 56  corr56                             -0.0000    1.0000
 57  corr57                             -0.0000    1.0000
 58  corr58                             -0.0000    1.0000
 59  corr59                             -0.2701    0.9940
 60  corr60                              0.0208    0.9984
 61  corr61                             -0.0000    1.0000
 62  corr62                             -0.2101    0.9822
 63  corr63                             -0.2770    0.9759
 64  corr64                              0.0428    0.9768
 65  corr65                              0.4949    0.6001
 66  corr66                             -0.0000    1.0000
 67  corr67                             -0.1479    0.9969
 68  corr68                              0.0761    0.9932
 69  corr69                             -0.0000    1.0000
 70  corr70                             -0.0984    0.9896
 71  corr71                              0.0167    0.9878
 72  corr72                             -0.0000    1.0000
 73  corr73                             -0.0000    1.0000
 74  corr74                             -0.0000    1.0000
 75  corr75                             -0.0000    1.0000
 76  corr76                             -0.0000    1.0000
 77  corr77                             -0.0000    1.0000
 78  corr78                             -0.0000    1.0000
 79  corr79                             -0.0000    1.0000
 80  corr80                             -0.0000    1.0000
 81  corr81                             -0.0000    1.0000
 82  corr82                             -0.0000    1.0000
 83  corr83                             -0.0000    1.0000
 84  corr84                             -0.0000    1.0000
 85  corr85                             -0.0000    1.0000
 86  corr86                             -0.0000    1.0000
 87  corr87                             -0.0000    1.0000
 88  corr88                             -0.0000    1.0000
 89  corr89                             -0.0000    1.0000
 90  corr90                             -0.0000    1.0000
 91  corr91                             -0.0000    1.0000
 92  corr92                             -0.0000    1.0000
 93  corr93                             -0.0000    1.0000
 94  corr94                             -0.0000    1.0000
 95  corr95                             -0.0000    1.0000
 96  corr96                             -0.0000    1.0000
 97  corr97                             -0.0000    1.0000
 98  corr98                             -0.0000    1.0000
 99  corr99                             -0.0000    1.0000
  
 Output F2:
  
  
 Reaction =     1
  
      Q2         X         Y      X-sect   E-Uncor    E-Corr   E-Total
   20.0000    1.0000    2.8571    3.1223    0.0125    0.0275    0.0302
   20.0000    3.0000    0.9524    6.4617    0.0179    0.0422    0.0458
   20.0000    5.0000    0.5714    6.5480    0.0175    0.0399    0.0435
   20.0000    7.0000    0.4082    5.6469    0.0160    0.0325    0.0362
   20.0000    9.0000    0.3175    4.7161    0.0155    0.0288    0.0328
   20.0000   11.5000    0.2484    3.7346    0.0103    0.0216    0.0239
   20.0000   14.5000    0.1970    2.9008    0.0089    0.0178    0.0199
   20.0000   18.0000    0.1587    2.1731    0.0064    0.0128    0.0143
   20.0000   22.5000    0.1270    1.5602    0.0047    0.0095    0.0106
   20.0000   27.5000    0.1039    1.1159    0.0038    0.0071    0.0081
   20.0000   33.5000    0.0853    0.7797    0.0025    0.0050    0.0056
   20.0000   41.0000    0.0697    0.5231    0.0020    0.0037    0.0042
   20.0000   50.0000    0.0571    0.3386    0.0014    0.0026    0.0030
   20.0000   60.0000    0.0476    0.2199    0.0012    0.0019    0.0022
   20.0000   70.0000    0.0408    0.1440    0.0010    0.0012    0.0015
   20.0000   80.0000    0.0357    0.0961    0.0008    0.0008    0.0011
   20.0000   95.0000    0.0301    0.0557    0.0004    0.0004    0.0006
   20.0000  127.5000    0.0224    0.0211    0.0001    0.0002    0.0002
   20.0000  175.0000    0.0163    0.0060    0.0001    0.0001    0.0001
   20.0000  550.0000    0.0052    0.0002    0.0000    0.0000    0.0000
  
Chi2 EXCLUDING systematics=   17.5443
  
TOTAL Chi2/ndf= 19/20
  
