 -----------------------------------------------------------------------------------
     Initiating Linear Average With Systematic UncertaInTies  program
  
  Version of Thu Sep 10 2009 
  
 -----------------------------------------------------------------------------------
Read F2 from   2 files
 Leave CMS energy per experiment unmodified
 LSqrtStat = True,  rescale stat. and uncorr errors separately
 LSqrtStat2 = false, ignore syst. bias for stat. errors
 LConstStat = False
 Average  data from the same dataset swimming to the same x,Q^2
 Use relative syst. errors= F
  
 Q2 grid=   20.0000000       43.0000000       36.0000000       6.00000000       3.00000000       12.0000000    
  
Reading file ZeePtY4U2Born.nml 
N meas, reaction, nsyst=   20    1   47
Center of Mass energy=      7.00
SYSTFILE:  ZeePtY4U2Born.nml    47   1   2   3   4   5   6   7   8   9  11  12  19  20  21  22  23  25  26  27  28  29  30  31  32  33  34  35  36  37  38   0   0  41  42   0  62  63   0  65  66   0  68  69  70   0  72  73
SYSFILET:  ZeePtY4U2Born.nml   1  2  3  4  5  6  7  8  9  0 10 11  0  0  0  0  0  0 12 13 14 15 16  0 17 18 19 20 21 22 23 24 25 26 27 28 29 30  0  0 33 34  0  0  0  0  0  0  0  0  0  0  0  0  0  0  0  0  0  0  0 36 37  0 39 40  0 42 43 44  0 46 47  0  0  0  0  0  0  0  0  0  0  0  0  0  0  0  0  0  0  0  0  0  0  0  0  0  0  0  0  0  0  0  0  0  0  0  0  0
 Got new CME   7.00000000    
Correlated systematic= 41
  
Reading file ZmumuPtY4U2Born.nml 
N meas, reaction, nsyst=   20    1   30
Center of Mass energy=      7.00
SYSTFILE:ZmumuPtY4U2Born.nml    30   1   2   3   4   5   6   7   8   9  11  12  19  20  21  22  23  50  51  52  53  54  55   0   0  59  60   0  62  63  64
SYSFILET:ZmumuPtY4U2Born.nml   1  2  3  4  5  6  7  8  9  0 10 11  0  0  0  0  0  0 12 13 14 15 16  0  0  0  0  0  0  0  0  0  0  0  0  0  0  0  0  0  0  0  0  0  0  0  0  0  0 17 18 19 20 21 22  0  0  0 25 26  0 28 29 30  0  0  0  0  0  0  0  0  0  0  0  0  0  0  0  0  0  0  0  0  0  0  0  0  0  0  0  0  0  0  0  0  0  0  0  0  0  0  0  0  0  0  0  0  0  0
Correlated systematic= 27
  
Read in   40 total  XS points
Read in   20 unique XS points
  
 Total number of SF/X-section points=          20
 Total number of SF/X-section points=          20
 Total number of SF/X-section points=          20
  
 Fitted systematics:
  
  1  corr1                              -0.0023    1.0000
  2  corr2                               0.0031    1.0000
  3  corr3                              -0.0022    1.0000
  4  corr4                               0.0464    0.9951
  5  corr5                               0.0230    0.9993
  6  corr6                               0.0113    0.9999
  7  corr7                              -0.0023    1.0000
  8  corr8                               0.0018    1.0000
  9  corr9                               0.0127    0.9996
 10  corr10                             -0.0000    1.0000
 11  corr11                              0.0072    0.9994
 12  corr12                             -0.0000    1.0000
 13  corr13                             -0.0000    1.0000
 14  corr14                             -0.0000    1.0000
 15  corr15                             -0.0000    1.0000
 16  corr16                             -0.0000    1.0000
 17  corr17                             -0.0000    1.0000
 18  corr18                             -0.0000    1.0000
 19  corr19                             -0.0532    0.9546
 20  corr20                             -0.0027    1.0000
 21  corr21                              0.3356    0.8522
 22  corr22                             -0.0035    0.8560
 23  corr23                             -0.0022    0.9996
 24  corr24                             -0.0000    1.0000
 25  corr25                             -0.0519    0.6033
 26  corr26                             -0.0232    0.9822
 27  corr27                             -0.6044    0.9202
 28  corr28                             -0.0325    0.9954
 29  corr29                              0.1197    0.9788
 30  corr30                             -0.1022    0.9821
 31  corr31                             -0.1173    0.9666
 32  corr32                              0.0635    0.9920
 33  corr33                              0.0024    0.9861
 34  corr34                              0.2859    0.9158
 35  corr35                              0.0774    0.9926
 36  corr36                             -0.0078    0.9977
 37  corr37                             -0.0000    1.0000
 38  corr38                             -0.2110    0.7508
 39  corr39                             -0.0000    1.0000
 40  corr40                             -0.0000    1.0000
 41  corr41                              0.1889    0.9513
 42  corr42                             -0.0000    1.0000
 43  corr43                             -0.0000    1.0000
 44  corr44                             -0.0000    1.0000
 45  corr45                             -0.0000    1.0000
 46  corr46                             -0.0000    1.0000
 47  corr47                             -0.0000    1.0000
 48  corr48                             -0.0000    1.0000
 49  corr49                             -0.0000    1.0000
 50  corr50                              0.1191    0.8779
 51  corr51                              0.2265    0.8815
 52  corr52                              0.5665    0.8679
 53  corr53                             -0.1833    0.9596
 54  corr54                              0.0012    1.0000
 55  corr55                             -0.1688    0.8893
 56  corr56                             -0.0000    1.0000
 57  corr57                             -0.0000    1.0000
 58  corr58                             -0.0000    1.0000
 59  corr59                             -0.0874    0.9959
 60  corr60                             -0.0198    0.9988
 61  corr61                             -0.0000    1.0000
 62  corr62                             -0.1627    0.9905
 63  corr63                             -0.0830    0.9907
 64  corr64                              0.1152    0.9865
 65  corr65                             -0.5466    0.9231
 66  corr66                              0.5903    0.6568
 67  corr67                             -0.0000    1.0000
 68  corr68                              0.0110    0.9972
 69  corr69                             -0.0988    0.9967
 70  corr70                              0.0428    0.9947
 71  corr71                             -0.0000    1.0000
 72  corr72                              0.1414    0.9920
 73  corr73                              0.0117    0.9730
 74  corr74                             -0.0000    1.0000
 75  corr75                             -0.0000    1.0000
 76  corr76                             -0.0000    1.0000
 77  corr77                             -0.0000    1.0000
 78  corr78                             -0.0000    1.0000
 79  corr79                             -0.0000    1.0000
 80  corr80                             -0.0000    1.0000
 81  corr81                             -0.0000    1.0000
 82  corr82                             -0.0000    1.0000
 83  corr83                             -0.0000    1.0000
 84  corr84                             -0.0000    1.0000
 85  corr85                             -0.0000    1.0000
 86  corr86                             -0.0000    1.0000
 87  corr87                             -0.0000    1.0000
 88  corr88                             -0.0000    1.0000
 89  corr89                             -0.0000    1.0000
 90  corr90                             -0.0000    1.0000
 91  corr91                             -0.0000    1.0000
 92  corr92                             -0.0000    1.0000
 93  corr93                             -0.0000    1.0000
 94  corr94                             -0.0000    1.0000
 95  corr95                             -0.0000    1.0000
 96  corr96                             -0.0000    1.0000
 97  corr97                             -0.0000    1.0000
 98  corr98                             -0.0000    1.0000
 99  corr99                             -0.0000    1.0000
  
 Output F2:
  
  
 Reaction =     1
  
      Q2         X         Y      X-sect   E-Uncor    E-Corr   E-Total
   20.0000    1.0000    2.8571    2.5631    0.0109    0.0218    0.0244
   20.0000    3.0000    0.9524    5.3412    0.0156    0.0364    0.0396
   20.0000    5.0000    0.5714    5.3318    0.0164    0.0286    0.0329
   20.0000    7.0000    0.4082    4.6470    0.0148    0.0239    0.0281
   20.0000    9.0000    0.3175    3.9230    0.0137    0.0195    0.0238
   20.0000   11.5000    0.2484    3.1520    0.0095    0.0137    0.0166
   20.0000   14.5000    0.1970    2.4431    0.0086    0.0115    0.0143
   20.0000   18.0000    0.1587    1.8475    0.0060    0.0094    0.0111
   20.0000   22.5000    0.1270    1.3241    0.0045    0.0069    0.0082
   20.0000   27.5000    0.1039    0.9558    0.0038    0.0051    0.0063
   20.0000   33.5000    0.0853    0.6669    0.0025    0.0039    0.0046
   20.0000   41.0000    0.0697    0.4442    0.0019    0.0026    0.0032
   20.0000   50.0000    0.0571    0.2870    0.0013    0.0019    0.0023
   20.0000   60.0000    0.0476    0.1869    0.0011    0.0014    0.0018
   20.0000   70.0000    0.0408    0.1238    0.0009    0.0010    0.0014
   20.0000   80.0000    0.0357    0.0848    0.0008    0.0007    0.0010
   20.0000   95.0000    0.0301    0.0478    0.0004    0.0003    0.0005
   20.0000  127.5000    0.0224    0.0187    0.0001    0.0001    0.0002
   20.0000  175.0000    0.0163    0.0052    0.0001    0.0000    0.0001
   20.0000  550.0000    0.0052    0.0002    0.0000    0.0000    0.0000
  
Chi2 EXCLUDING systematics=    5.7339
  
TOTAL Chi2/ndf=  7/20
  
