 -----------------------------------------------------------------------------------
     Initiating Linear Average With Systematic UncertaInTies  program
  
  Version of Thu Sep 10 2009 
  
 -----------------------------------------------------------------------------------
Read F2 from   2 files
 Leave CMS energy per experiment unmodified
 LSqrtStat = True,  rescale stat. and uncorr errors separately
 LSqrtStat2 = false, ignore syst. bias for stat. errors
 LConstStat = False
 Average  data from the same dataset swimming to the same x,Q^2
 Use relative syst. errors= F
  
 Q2 grid=   36.000000    
  
Reading file inputdata/ZeePhiStar_born_highmass_y1624.nml 
N meas, reaction, nsyst=   36    1   23
Center of Mass energy=      7.00
SYSTFILE:inputdata/ZeePhiStar   23   1   2   3   4   5   6   7   8   9  10  11  12  13  14  15  16  17  18  19  20  21  22   0
SYSFILET:inputdata/ZeePhiStar  1  2  3  4  5  6  7  8  9 10 11 12 13 14 15 16 17 18 19 20 21 22  0  0  0  0  0  0  0  0  0  0  0  0  0  0  0  0  0  0  0  0  0  0  0  0  0  0  0  0  0  0  0  0  0  0  0  0  0  0  0  0  0  0  0  0  0  0  0  0  0  0  0  0  0  0  0  0  0  0  0  0  0  0  0  0  0  0  0  0  0  0  0  0  0  0  0  0  0  0  0  0  0  0  0  0  0  0  0  0
 Got new CME   7.0000000    
Correlated systematic= 22
  
Reading file inputdata/ZmmPhiStar_born_highmass_y1624.nml 
N meas, reaction, nsyst=   36    1   30
Center of Mass energy=      7.00
SYSTFILE:inputdata/ZmmPhiStar   30   1   2   3   4   5   6   7   8   9  11  12  19  20  21  22  23  50  51  52  53  54  55   0   0  59  60   0  62  63  64
SYSFILET:inputdata/ZmmPhiStar  1  2  3  4  5  6  7  8  9  0 10 11  0  0  0  0  0  0 12 13 14 15 16  0  0  0  0  0  0  0  0  0  0  0  0  0  0  0  0  0  0  0  0  0  0  0  0  0  0 17 18 19 20 21 22  0  0  0 25 26  0 28 29 30  0  0  0  0  0  0  0  0  0  0  0  0  0  0  0  0  0  0  0  0  0  0  0  0  0  0  0  0  0  0  0  0  0  0  0  0  0  0  0  0  0  0  0  0  0  0
Correlated systematic= 27
  
Read in   72 total  XS points
Read in   36 unique XS points
  
 Total number of SF/X-section points=          36
 Total number of SF/X-section points=          36
 Total number of SF/X-section points=          36
  
 Fitted systematics:
  
  1  corr1                               0.0166    0.9995
  2  corr2                              -0.0095    1.0000
  3  corr3                              -0.0028    1.0000
  4  corr4                              -0.0463    0.9988
  5  corr5                              -0.0000    1.0000
  6  corr6                              -0.0951    0.9989
  7  corr7                               0.0003    1.0000
  8  corr8                              -0.0005    1.0000
  9  corr9                               0.0441    0.9981
 10  corr10                             -0.2037    0.7746
 11  corr11                             -0.1071    0.9252
 12  corr12                              0.0039    0.9986
 13  corr13                              0.0487    0.9982
 14  corr14                              0.0828    0.9973
 15  corr15                              0.0710    0.9950
 16  corr16                              0.0067    1.0000
 17  corr17                             -0.1743    0.8371
 18  corr18                              0.2649    0.8157
 19  corr19                             -0.3377    0.7769
 20  corr20                              0.0039    1.0000
 21  corr21                             -0.4356    0.9916
 22  corr22                              0.3479    0.9653
 23  corr23                             -0.0000    1.0000
 24  corr24                             -0.0000    1.0000
 25  corr25                             -0.0000    1.0000
 26  corr26                             -0.0000    1.0000
 27  corr27                             -0.0000    1.0000
 28  corr28                             -0.0000    1.0000
 29  corr29                             -0.0000    1.0000
 30  corr30                             -0.0000    1.0000
 31  corr31                             -0.0000    1.0000
 32  corr32                             -0.0000    1.0000
 33  corr33                             -0.0000    1.0000
 34  corr34                             -0.0000    1.0000
 35  corr35                             -0.0000    1.0000
 36  corr36                             -0.0000    1.0000
 37  corr37                             -0.0000    1.0000
 38  corr38                             -0.0000    1.0000
 39  corr39                             -0.0000    1.0000
 40  corr40                             -0.0000    1.0000
 41  corr41                             -0.0000    1.0000
 42  corr42                             -0.0000    1.0000
 43  corr43                             -0.0000    1.0000
 44  corr44                             -0.0000    1.0000
 45  corr45                             -0.0000    1.0000
 46  corr46                             -0.0000    1.0000
 47  corr47                             -0.0000    1.0000
 48  corr48                             -0.0000    1.0000
 49  corr49                             -0.0000    1.0000
 50  corr50                              0.0162    1.0000
 51  corr51                              0.3451    0.9787
 52  corr52                             -0.2381    0.8824
 53  corr53                              0.0759    0.9899
 54  corr54                             -0.0000    1.0000
 55  corr55                              0.0067    1.0000
 56  corr56                             -0.0000    1.0000
 57  corr57                             -0.0000    1.0000
 58  corr58                             -0.0000    1.0000
 59  corr59                             -0.0289    0.9907
 60  corr70                              0.0056    1.0000
 61  corr61                             -0.0000    1.0000
 62  corr62                             -0.0000    1.0000
 63  corr63                             -0.0000    1.0000
 64  corr64                             -0.0100    1.0000
 65  corr65                             -0.0000    1.0000
 66  corr66                             -0.0000    1.0000
 67  corr67                             -0.0000    1.0000
 68  corr68                             -0.0000    1.0000
 69  corr69                             -0.0000    1.0000
 70                                     -0.0000    1.0000
 71  corr71                             -0.0000    1.0000
 72  corr72                             -0.0000    1.0000
 73  corr73                             -0.0000    1.0000
 74  corr74                             -0.0000    1.0000
 75  corr75                             -0.0000    1.0000
 76  corr76                             -0.0000    1.0000
 77  corr77                             -0.0000    1.0000
 78  corr78                             -0.0000    1.0000
 79  corr79                             -0.0000    1.0000
 80  corr80                             -0.0000    1.0000
 81  corr81                             -0.0000    1.0000
 82  corr82                             -0.0000    1.0000
 83  corr83                             -0.0000    1.0000
 84  corr84                             -0.0000    1.0000
 85  corr85                             -0.0000    1.0000
 86  corr86                             -0.0000    1.0000
 87  corr87                             -0.0000    1.0000
 88  corr88                             -0.0000    1.0000
 89  corr89                             -0.0000    1.0000
 90  corr90                             -0.0000    1.0000
 91  corr91                             -0.0000    1.0000
 92  corr92                             -0.0000    1.0000
 93  corr93                             -0.0000    1.0000
 94  corr94                             -0.0000    1.0000
 95  corr95                             -0.0000    1.0000
 96  corr96                             -0.0000    1.0000
 97  corr97                             -0.0000    1.0000
 98  corr98                             -0.0000    1.0000
 99  corr99                             -0.0000    1.0000
  
 Output F2:
  
  
 Reaction =     1
  
      Q2         X         Y      X-sect   E-Uncor    E-Corr   E-Total
   36.0000    0.0020 2571.4285   11.4813    0.3099    0.1434    0.3415
   36.0000    0.0060  857.1429   11.3913    0.3186    0.0940    0.3322
   36.0000    0.0100  514.2857   11.4187    0.3116    0.0789    0.3214
   36.0000    0.0140  367.3469   10.9914    0.3013    0.0827    0.3124
   36.0000    0.0180  285.7143   10.1665    0.2945    0.0791    0.3050
   36.0000    0.0220  233.7662    9.8502    0.2889    0.0670    0.2965
   36.0000    0.0265  194.0701    9.0495    0.2494    0.0430    0.2531
   36.0000    0.0315  163.2653    8.1506    0.2347    0.0454    0.2391
   36.0000    0.0365  140.9002    7.4619    0.2239    0.0363    0.2268
   36.0000    0.0420  122.4490    6.4089    0.1887    0.0337    0.1917
   36.0000    0.0480  107.1429    5.8863    0.1810    0.0450    0.1865
   36.0000    0.0540   95.2381    5.4047    0.1682    0.0308    0.1710
   36.0000    0.0605   85.0059    5.2769    0.1593    0.0422    0.1648
   36.0000    0.0680   75.6302    4.6195    0.1419    0.0302    0.1451
   36.0000    0.0765   67.2269    4.0510    0.1220    0.0317    0.1261
   36.0000    0.0860   59.8007    3.2979    0.1052    0.0210    0.1073
   36.0000    0.0965   53.2939    2.9015    0.0949    0.0295    0.0994
   36.0000    0.1080   47.6190    2.5784    0.0856    0.0140    0.0867
   36.0000    0.1210   42.5030    2.2049    0.0729    0.0149    0.0744
   36.0000    0.1365   37.6766    1.8713    0.0622    0.0094    0.0629
   36.0000    0.1550   33.1797    1.5618    0.0510    0.0098    0.0520
   36.0000    0.1770   29.0557    1.3156    0.0428    0.0118    0.0444
   36.0000    0.2040   25.2101    0.9634    0.0347    0.0098    0.0360
   36.0000    0.2385   21.5633    0.8047    0.0269    0.0062    0.0276
   36.0000    0.2850   18.0451    0.5407    0.0187    0.0055    0.0195
   36.0000    0.3515   14.6312    0.3467    0.0125    0.0039    0.0131
   36.0000    0.4575   11.2412    0.1983    0.0075    0.0029    0.0081
   36.0000    0.6095    8.4378    0.0861    0.0045    0.0015    0.0047
   36.0000    0.8065    6.3768    0.0454    0.0027    0.0010    0.0029
   36.0000    1.0355    4.9665    0.0233    0.0019    0.0005    0.0020
   36.0000    1.3245    3.8829    0.0099    0.0011    0.0004    0.0011
   36.0000    1.7215    2.9874    0.0034    0.0005    0.0002    0.0006
   36.0000    2.2345    2.3016    0.0012    0.0002    0.0001    0.0003
   36.0000    2.8995    1.7737    0.0005    0.0002    0.0000    0.0002
   36.0000    4.1385    1.2427    0.0001    0.0000    0.0000    0.0000
   36.0000    7.5000    0.6857    0.0000    0.0000    0.0000    0.0000
  
Chi2 EXCLUDING systematics=   34.1085
  
TOTAL Chi2/ndf=   34.8975/  36
  
