 -----------------------------------------------------------------------------------
     Initiating Linear Average With Systematic UncertaInTies  program
  
  Version of Thu Sep 10 2009 
  
 -----------------------------------------------------------------------------------
Read F2 from   2 files
 Leave CMS energy per experiment unmodified
 LSqrtStat = True,  rescale stat. and uncorr errors separately
 LSqrtStat2 = false, ignore syst. bias for stat. errors
 LConstStat = False
 Average  data from the same dataset swimming to the same x,Q^2
 Use relative syst. errors= F
  
 Q2 grid=   20.0000000       43.0000000       36.0000000       6.00000000       3.00000000       12.0000000    
  
Reading file ZeePtLowM3U2Born.nml 
N meas, reaction, nsyst=    8    1   43
Center of Mass energy=      7.00
SYSTFILE:ZeePtLowM3U2Born.nml   43   1   2   3   4   5   6   7   8   9  11  12  19  20  21  22  23  25  26  27  28  29  30  31  32  33  34  35  36  37  38   0   0  41  42   0  62  63   0  65   0  67   0  69
SYSFILET:ZeePtLowM3U2Born.nml  1  2  3  4  5  6  7  8  9  0 10 11  0  0  0  0  0  0 12 13 14 15 16  0 17 18 19 20 21 22 23 24 25 26 27 28 29 30  0  0 33 34  0  0  0  0  0  0  0  0  0  0  0  0  0  0  0  0  0  0  0 36 37  0 39  0 41  0 43  0  0  0  0  0  0  0  0  0  0  0  0  0  0  0  0  0  0  0  0  0  0  0  0  0  0  0  0  0  0  0  0  0  0  0  0  0  0  0  0  0
 Got new CME   7.00000000    
Correlated systematic= 37
  
Reading file ZmumuPtLowM3U2Born.nml 
N meas, reaction, nsyst=    8    1   30
Center of Mass energy=      7.00
SYSTFILE:ZmumuPtLowM3U2Born.n   30   1   2   3   4   5   6   7   8   9  11  12  19  20  21  22  23  50  51  52  53  54  55   0   0  59  60   0  62  63  64
SYSFILET:ZmumuPtLowM3U2Born.n  1  2  3  4  5  6  7  8  9  0 10 11  0  0  0  0  0  0 12 13 14 15 16  0  0  0  0  0  0  0  0  0  0  0  0  0  0  0  0  0  0  0  0  0  0  0  0  0  0 17 18 19 20 21 22  0  0  0 25 26  0 28 29 30  0  0  0  0  0  0  0  0  0  0  0  0  0  0  0  0  0  0  0  0  0  0  0  0  0  0  0  0  0  0  0  0  0  0  0  0  0  0  0  0  0  0  0  0  0  0
Correlated systematic= 27
  
Read in   16 total  XS points
Read in    8 unique XS points
  
 Total number of SF/X-section points=           8
 Total number of SF/X-section points=           8
 Total number of SF/X-section points=           8
  
 Fitted systematics:
  
  1  corr1                              -0.0117    0.9999
  2  corr2                               0.0032    1.0000
  3  corr3                               0.0024    1.0000
  4  corr4                               0.0408    0.9824
  5  corr5                              -0.0000    1.0000
  6  corr6                               0.0121    0.9995
  7  corr7                               0.0291    0.9992
  8  corr8                               0.0122    0.9999
  9  corr9                              -0.0291    0.9996
 10  corr10                             -0.0000    1.0000
 11  corr11                              0.0158    0.9997
 12  corr12                             -0.0000    1.0000
 13  corr13                             -0.0000    1.0000
 14  corr14                             -0.0000    1.0000
 15  corr15                             -0.0000    1.0000
 16  corr16                             -0.0000    1.0000
 17  corr17                             -0.0000    1.0000
 18  corr18                             -0.0000    1.0000
 19  corr19                             -0.1104    0.9955
 20  corr20                             -0.0302    0.9929
 21  corr21                             -0.0039    0.9997
 22  corr22                             -0.3892    0.8563
 23  corr23                             -0.0030    0.9999
 24  corr24                             -0.0000    1.0000
 25  corr25                             -0.3468    0.9788
 26  corr26                              0.0496    0.9981
 27  corr27                              0.1529    0.9920
 28  corr28                             -0.0468    0.9994
 29  corr29                             -0.0312    0.9989
 30  corr30                             -0.0616    0.9971
 31  corr31                              0.0388    0.9953
 32  corr32                             -0.0832    0.9993
 33  corr33                             -0.1176    0.9964
 34  corr34                             -0.1226    0.9933
 35  corr35                             -0.0643    0.9992
 36  corr36                             -0.0149    0.9998
 37  corr37                             -0.0000    1.0000
 38  corr38                             -0.3765    0.9822
 39  corr39                             -0.0000    1.0000
 40  corr40                             -0.0000    1.0000
 41  corr41                             -0.0404    0.8434
 42  corr42                              0.0499    0.9989
 43  corr43                             -0.0000    1.0000
 44  corr44                             -0.0000    1.0000
 45  corr45                             -0.0000    1.0000
 46  corr46                             -0.0000    1.0000
 47  corr47                             -0.0000    1.0000
 48  corr48                             -0.0000    1.0000
 49  corr49                             -0.0000    1.0000
 50  corr50                             -0.2015    0.9884
 51  corr51                              0.0702    0.9905
 52  corr52                             -0.2675    0.9632
 53  corr53                              0.0930    0.9942
 54  corr54                              0.0130    1.0000
 55  corr55                             -0.2000    0.9757
 56  corr56                             -0.0000    1.0000
 57  corr57                             -0.0000    1.0000
 58  corr58                             -0.0000    1.0000
 59  corr59                             -0.0240    0.9020
 60  corr60                             -0.0223    0.9997
 61  corr61                             -0.0000    1.0000
 62  corr62                             -0.0043    1.0000
 63  corr63                             -0.0004    1.0000
 64  corr64                              0.0606    0.9979
 65  corr65                              0.1339    0.8943
 66  corr66                             -0.0000    1.0000
 67  corr67                              0.0025    0.9984
 68  corr68                             -0.0000    1.0000
 69  corr69                              0.0613    0.9961
 70  corr70                             -0.0000    1.0000
 71  corr71                             -0.0000    1.0000
 72  corr72                             -0.0000    1.0000
 73  corr73                             -0.0000    1.0000
 74  corr74                             -0.0000    1.0000
 75  corr75                             -0.0000    1.0000
 76  corr76                             -0.0000    1.0000
 77  corr77                             -0.0000    1.0000
 78  corr78                             -0.0000    1.0000
 79  corr79                             -0.0000    1.0000
 80  corr80                             -0.0000    1.0000
 81  corr81                             -0.0000    1.0000
 82  corr82                             -0.0000    1.0000
 83  corr83                             -0.0000    1.0000
 84  corr84                             -0.0000    1.0000
 85  corr85                             -0.0000    1.0000
 86  corr86                             -0.0000    1.0000
 87  corr87                             -0.0000    1.0000
 88  corr88                             -0.0000    1.0000
 89  corr89                             -0.0000    1.0000
 90  corr90                             -0.0000    1.0000
 91  corr91                             -0.0000    1.0000
 92  corr92                             -0.0000    1.0000
 93  corr93                             -0.0000    1.0000
 94  corr94                             -0.0000    1.0000
 95  corr95                             -0.0000    1.0000
 96  corr96                             -0.0000    1.0000
 97  corr97                             -0.0000    1.0000
 98  corr98                             -0.0000    1.0000
 99  corr99                             -0.0000    1.0000
  
 Output F2:
  
  
 Reaction =     1
  
      Q2         X         Y      X-sect   E-Uncor    E-Corr   E-Total
   20.0000   50.0000    0.0571    0.0281    0.0004    0.0010    0.0011
   20.0000   60.0000    0.0476    0.0207    0.0004    0.0007    0.0008
   20.0000   70.0000    0.0408    0.0140    0.0003    0.0004    0.0005
   20.0000   80.0000    0.0357    0.0094    0.0003    0.0003    0.0004
   20.0000   95.0000    0.0301    0.0056    0.0001    0.0002    0.0002
   20.0000  127.5000    0.0224    0.0020    0.0000    0.0001    0.0001
   20.0000  175.0000    0.0163    0.0005    0.0000    0.0000    0.0000
   20.0000  550.0000    0.0052    0.0000    0.0000    0.0000    0.0000
  
Chi2 EXCLUDING systematics=    7.8749
  
TOTAL Chi2/ndf=  8/8
  
