 -----------------------------------------------------------------------------------
     Initiating Linear Average With Systematic UncertaInTies  program
  
  Version of Thu Sep 10 2009 
  
 -----------------------------------------------------------------------------------
Read F2 from   2 files
 Leave CMS energy per experiment unmodified
 LSqrtStat = True,  rescale stat. and uncorr errors separately
 LSqrtStat2 = false, ignore syst. bias for stat. errors
 LConstStat = False
 Average  data from the same dataset swimming to the same x,Q^2
 Use relative syst. errors= F
  
 Q2 grid=   36.000000    
  
Reading file inputdata/ZeePhiStar_born_lowmass_y1624.nml 
N meas, reaction, nsyst=   36    1   23
Center of Mass energy=      7.00
SYSTFILE:inputdata/ZeePhiStar   23   1   2   3   4   5   6   7   8   9  10  11  12  13  14  15  16  17  18  19  20  21  22   0
SYSFILET:inputdata/ZeePhiStar  1  2  3  4  5  6  7  8  9 10 11 12 13 14 15 16 17 18 19 20 21 22  0  0  0  0  0  0  0  0  0  0  0  0  0  0  0  0  0  0  0  0  0  0  0  0  0  0  0  0  0  0  0  0  0  0  0  0  0  0  0  0  0  0  0  0  0  0  0  0  0  0  0  0  0  0  0  0  0  0  0  0  0  0  0  0  0  0  0  0  0  0  0  0  0  0  0  0  0  0  0  0  0  0  0  0  0  0  0  0
 Got new CME   7.0000000    
Correlated systematic= 22
  
Reading file inputdata/ZmmPhiStar_born_lowmass_y1624.nml 
N meas, reaction, nsyst=   36    1   30
Center of Mass energy=      7.00
SYSTFILE:inputdata/ZmmPhiStar   30   1   2   3   4   5   6   7   8   9  11  12  19  20  21  22  23  50  51  52  53  54  55   0   0  59  60   0  62  63  64
SYSFILET:inputdata/ZmmPhiStar  1  2  3  4  5  6  7  8  9  0 10 11  0  0  0  0  0  0 12 13 14 15 16  0  0  0  0  0  0  0  0  0  0  0  0  0  0  0  0  0  0  0  0  0  0  0  0  0  0 17 18 19 20 21 22  0  0  0 25 26  0 28 29 30  0  0  0  0  0  0  0  0  0  0  0  0  0  0  0  0  0  0  0  0  0  0  0  0  0  0  0  0  0  0  0  0  0  0  0  0  0  0  0  0  0  0  0  0  0  0
Correlated systematic= 27
  
Read in   72 total  XS points
Read in   36 unique XS points
  
 Total number of SF/X-section points=          36
 Total number of SF/X-section points=          36
 Total number of SF/X-section points=          36
  
 Fitted systematics:
  
  1  corr1                               0.0116    0.9998
  2  corr2                              -0.0050    1.0000
  3  corr3                              -0.0020    1.0000
  4  corr4                               0.0022    0.9985
  5  corr5                              -0.0000    1.0000
  6  corr6                              -0.0599    0.9996
  7  corr7                              -0.0522    0.9991
  8  corr8                               0.0078    1.0000
  9  corr9                              -0.2735    0.9900
 10  corr10                              0.3018    0.8244
 11  corr11                              0.2242    0.8473
 12  corr12                             -0.0131    0.9985
 13  corr13                             -0.0813    0.9987
 14  corr14                             -0.1497    0.9948
 15  corr15                             -0.2849    0.8858
 16  corr16                             -0.0173    0.9999
 17  corr17                              0.1444    0.9229
 18  corr18                             -0.8631    0.8517
 19  corr19                             -0.2951    0.8478
 20  corr20                             -0.0633    0.9919
 21  corr21                             -0.6114    0.9856
 22  corr22                              0.1174    0.8598
 23  corr23                             -0.0000    1.0000
 24  corr24                             -0.0000    1.0000
 25  corr25                             -0.0000    1.0000
 26  corr26                             -0.0000    1.0000
 27  corr27                             -0.0000    1.0000
 28  corr28                             -0.0000    1.0000
 29  corr29                             -0.0000    1.0000
 30  corr30                             -0.0000    1.0000
 31  corr31                             -0.0000    1.0000
 32  corr32                             -0.0000    1.0000
 33  corr33                             -0.0000    1.0000
 34  corr34                             -0.0000    1.0000
 35  corr35                             -0.0000    1.0000
 36  corr36                             -0.0000    1.0000
 37  corr37                             -0.0000    1.0000
 38  corr38                             -0.0000    1.0000
 39  corr39                             -0.0000    1.0000
 40  corr40                             -0.0000    1.0000
 41  corr41                             -0.0000    1.0000
 42  corr42                             -0.0000    1.0000
 43  corr43                             -0.0000    1.0000
 44  corr44                             -0.0000    1.0000
 45  corr45                             -0.0000    1.0000
 46  corr46                             -0.0000    1.0000
 47  corr47                             -0.0000    1.0000
 48  corr48                             -0.0000    1.0000
 49  corr49                             -0.0000    1.0000
 50  corr50                             -0.0082    0.9999
 51  corr51                              0.1574    0.9912
 52  corr52                             -0.1508    0.9774
 53  corr53                              0.0936    0.9913
 54  corr54                             -0.1071    0.9914
 55  corr55                              0.0524    0.9958
 56  corr56                             -0.0000    1.0000
 57  corr57                             -0.0000    1.0000
 58  corr58                             -0.0000    1.0000
 59  corr59                             -1.0246    0.8115
 60  corr70                             -0.0062    1.0000
 61  corr61                             -0.0000    1.0000
 62  corr62                             -0.0000    1.0000
 63  corr63                             -0.0000    1.0000
 64  corr64                              0.0204    0.9998
 65  corr65                             -0.0000    1.0000
 66  corr66                             -0.0000    1.0000
 67  corr67                             -0.0000    1.0000
 68  corr68                             -0.0000    1.0000
 69  corr69                             -0.0000    1.0000
 70                                     -0.0000    1.0000
 71  corr71                             -0.0000    1.0000
 72  corr72                             -0.0000    1.0000
 73  corr73                             -0.0000    1.0000
 74  corr74                             -0.0000    1.0000
 75  corr75                             -0.0000    1.0000
 76  corr76                             -0.0000    1.0000
 77  corr77                             -0.0000    1.0000
 78  corr78                             -0.0000    1.0000
 79  corr79                             -0.0000    1.0000
 80  corr80                             -0.0000    1.0000
 81  corr81                             -0.0000    1.0000
 82  corr82                             -0.0000    1.0000
 83  corr83                             -0.0000    1.0000
 84  corr84                             -0.0000    1.0000
 85  corr85                             -0.0000    1.0000
 86  corr86                             -0.0000    1.0000
 87  corr87                             -0.0000    1.0000
 88  corr88                             -0.0000    1.0000
 89  corr89                             -0.0000    1.0000
 90  corr90                             -0.0000    1.0000
 91  corr91                             -0.0000    1.0000
 92  corr92                             -0.0000    1.0000
 93  corr93                             -0.0000    1.0000
 94  corr94                             -0.0000    1.0000
 95  corr95                             -0.0000    1.0000
 96  corr96                             -0.0000    1.0000
 97  corr97                             -0.0000    1.0000
 98  corr98                             -0.0000    1.0000
 99  corr99                             -0.0000    1.0000
  
 Output F2:
  
  
 Reaction =     1
  
      Q2         X         Y      X-sect   E-Uncor    E-Corr   E-Total
   36.0000    0.0020 2571.4285    7.2598    0.1669    0.2518    0.3020
   36.0000    0.0060  857.1429    7.1292    0.1583    0.1239    0.2010
   36.0000    0.0100  514.2857    7.1743    0.1611    0.0948    0.1869
   36.0000    0.0140  367.3469    7.3888    0.1629    0.0857    0.1841
   36.0000    0.0180  285.7143    7.2489    0.1634    0.0887    0.1859
   36.0000    0.0220  233.7662    6.8028    0.1579    0.0690    0.1723
   36.0000    0.0265  194.0701    6.7473    0.1411    0.0656    0.1556
   36.0000    0.0315  163.2653    6.2608    0.1363    0.0620    0.1497
   36.0000    0.0365  140.9002    6.0495    0.1342    0.0580    0.1462
   36.0000    0.0420  122.4490    5.8949    0.1216    0.0562    0.1339
   36.0000    0.0480  107.1429    5.4177    0.1155    0.0542    0.1276
   36.0000    0.0540   95.2381    5.1607    0.1095    0.0498    0.1203
   36.0000    0.0605   85.0059    4.9954    0.1013    0.0400    0.1089
   36.0000    0.0680   75.6302    4.3830    0.0892    0.0345    0.0957
   36.0000    0.0765   67.2269    3.9115    0.0797    0.0315    0.0856
   36.0000    0.0860   59.8007    3.6196    0.0704    0.0291    0.0762
   36.0000    0.0965   53.2939    3.3072    0.0664    0.0282    0.0722
   36.0000    0.1080   47.6190    2.9323    0.0574    0.0241    0.0622
   36.0000    0.1210   42.5030    2.5774    0.0510    0.0219    0.0555
   36.0000    0.1365   37.6766    2.1597    0.0419    0.0178    0.0455
   36.0000    0.1550   33.1797    1.8248    0.0352    0.0161    0.0388
   36.0000    0.1770   29.0557    1.5332    0.0292    0.0134    0.0322
   36.0000    0.2040   25.2101    1.2046    0.0237    0.0102    0.0258
   36.0000    0.2385   21.5633    0.9286    0.0177    0.0083    0.0195
   36.0000    0.2850   18.0451    0.6851    0.0123    0.0115    0.0168
   36.0000    0.3515   14.6312    0.4809    0.0084    0.0084    0.0119
   36.0000    0.4575   11.2412    0.2994    0.0051    0.0054    0.0075
   36.0000    0.6095    8.4378    0.1681    0.0037    0.0035    0.0051
   36.0000    0.8065    6.3768    0.0978    0.0024    0.0021    0.0032
   36.0000    1.0355    4.9665    0.0526    0.0018    0.0010    0.0020
   36.0000    1.3245    3.8829    0.0285    0.0011    0.0005    0.0012
   36.0000    1.7215    2.9874    0.0154    0.0008    0.0003    0.0008
   36.0000    2.2345    2.3016    0.0063    0.0004    0.0001    0.0004
   36.0000    2.8995    1.7737    0.0028    0.0002    0.0001    0.0002
   36.0000    4.1385    1.2427    0.0011    0.0001    0.0000    0.0001
   36.0000    7.5000    0.6857    0.0003    0.0000    0.0000    0.0000
  
Chi2 EXCLUDING systematics=   41.8019
  
TOTAL Chi2/ndf=   44.5004/  36
  
